This file contains any messages produced by compilers while
running configure, to aid debugging if configure makes a mistake.

It was created by configure, which was
generated by GNU Autoconf 2.64.  Invocation command line was

  $ ../../../../src/gcc-4.5.3/gdb/sim/lm32/configure --disable-option-checking --prefix=/usr/mico32 --with-system-zlib --with-gnu-as --with-gnu-ld --disable-libssp --disable-libgcc --enable-languages=c --program-transform-name=s&^&lm32-elf-& --build=x86_64-unknown-linux-gnu --host=x86_64-unknown-linux-gnu --target=lm32-elf build_alias=x86_64-unknown-linux-gnu host_alias=x86_64-unknown-linux-gnu target_alias=lm32-elf CC=gcc CFLAGS=-g -O2 LDFLAGS=  --cache-file=.././config.cache --srcdir=../../../../src/gcc-4.5.3/gdb/sim/lm32

## --------- ##
## Platform. ##
## --------- ##

hostname = matt-laptop
uname -m = x86_64
uname -r = 3.8.0-19-generic
uname -s = Linux
uname -v = #29-Ubuntu SMP Wed Apr 17 18:16:28 UTC 2013

/usr/bin/uname -p = unknown
/bin/uname -X     = unknown

/bin/arch              = unknown
/usr/bin/arch -k       = unknown
/usr/convex/getsysinfo = unknown
/usr/bin/hostinfo      = unknown
/bin/machine           = unknown
/usr/bin/oslevel       = unknown
/bin/universe          = unknown

PATH: /usr/local/sbin
PATH: /usr/local/bin
PATH: /usr/sbin
PATH: /usr/bin
PATH: /sbin
PATH: /bin


## ----------- ##
## Core tests. ##
## ----------- ##

configure:2086: loading cache .././config.cache
configure:2485: checking build system type
configure:2499: result: x86_64-unknown-linux-gnu
configure:2519: checking host system type
configure:2532: result: x86_64-unknown-linux-gnu
configure:2552: checking target system type
configure:2565: result: lm32-unknown-elf
configure:2610: checking for x86_64-unknown-linux-gnu-gcc
configure:2637: result: gcc
configure:2906: checking for C compiler version
configure:2915: gcc --version >&5
gcc (Ubuntu/Linaro 4.7.3-1ubuntu1) 4.7.3
Copyright (C) 2012 Free Software Foundation, Inc.
This is free software; see the source for copying conditions.  There is NO
warranty; not even for MERCHANTABILITY or FITNESS FOR A PARTICULAR PURPOSE.

configure:2926: $? = 0
configure:2915: gcc -v >&5
Using built-in specs.
COLLECT_GCC=gcc
COLLECT_LTO_WRAPPER=/usr/lib/gcc/x86_64-linux-gnu/4.7/lto-wrapper
Target: x86_64-linux-gnu
Configured with: ../src/configure -v --with-pkgversion='Ubuntu/Linaro 4.7.3-1ubuntu1' --with-bugurl=file:///usr/share/doc/gcc-4.7/README.Bugs --enable-languages=c,c++,go,fortran,objc,obj-c++ --prefix=/usr --program-suffix=-4.7 --enable-shared --enable-linker-build-id --libexecdir=/usr/lib --without-included-gettext --enable-threads=posix --with-gxx-include-dir=/usr/include/c++/4.7 --libdir=/usr/lib --enable-nls --with-sysroot=/ --enable-clocale=gnu --enable-libstdcxx-debug --enable-libstdcxx-time=yes --enable-gnu-unique-object --enable-plugin --with-system-zlib --enable-objc-gc --with-cloog --enable-cloog-backend=ppl --disable-cloog-version-check --disable-ppl-version-check --enable-multiarch --disable-werror --with-arch-32=i686 --with-abi=m64 --with-multilib-list=m32,m64,mx32 --with-tune=generic --enable-checking=release --build=x86_64-linux-gnu --host=x86_64-linux-gnu --target=x86_64-linux-gnu
Thread model: posix
gcc version 4.7.3 (Ubuntu/Linaro 4.7.3-1ubuntu1) 
configure:2926: $? = 0
configure:2915: gcc -V >&5
gcc: error: unrecognized command line option '-V'
gcc: fatal error: no input files
compilation terminated.
configure:2926: $? = 4
configure:2915: gcc -qversion >&5
gcc: error: unrecognized command line option '-qversion'
gcc: fatal error: no input files
compilation terminated.
configure:2926: $? = 4
configure:2946: checking for C compiler default output file name
configure:2968: gcc -g -O2    conftest.c  >&5
configure:2972: $? = 0
configure:3009: result: a.out
configure:3025: checking whether the C compiler works
configure:3034: ./a.out
configure:3038: $? = 0
configure:3053: result: yes
configure:3060: checking whether we are cross compiling
configure:3062: result: no
configure:3065: checking for suffix of executables
configure:3072: gcc -o conftest -g -O2    conftest.c  >&5
configure:3076: $? = 0
configure:3098: result: 
configure:3104: checking for suffix of object files
configure:3151: result: o
configure:3155: checking whether we are using the GNU C compiler
configure:3183: result: yes
configure:3192: checking whether gcc accepts -g
configure:3253: result: yes
configure:3270: checking for gcc option to accept ISO C89
configure:3347: result: none needed
configure:3381: checking for a BSD-compatible install
configure:3449: result: /usr/bin/install -c
configure:3476: checking for x86_64-unknown-linux-gnu-ranlib
configure:3503: result: ranlib
configure:3580: checking whether NLS is requested
configure:3586: result: yes
configure:3592: checking for catalogs to be installed
configure:3624: result: 
configure:3647: checking how to run the C preprocessor
configure:3717: result: gcc -E
configure:3737: gcc -E  conftest.c
configure:3737: $? = 0
configure:3751: gcc -E  conftest.c
conftest.c:10:28: fatal error: ac_nonexistent.h: No such file or directory
compilation terminated.
configure:3751: $? = 1
configure: failed program was:
| /* confdefs.h */
| #define PACKAGE_NAME ""
| #define PACKAGE_TARNAME ""
| #define PACKAGE_VERSION ""
| #define PACKAGE_STRING ""
| #define PACKAGE_BUGREPORT ""
| #define PACKAGE_URL ""
| #define ENABLE_NLS 1
| /* end confdefs.h.  */
| #include <ac_nonexistent.h>
configure:3780: checking for grep that handles long lines and -e
configure:3838: result: /bin/grep
configure:3843: checking for egrep
configure:3905: result: /bin/grep -E
configure:3910: checking for ANSI C header files
configure:4014: result: yes
configure:4027: checking for sys/types.h
configure:4027: result: yes
configure:4027: checking for sys/stat.h
configure:4027: result: yes
configure:4027: checking for stdlib.h
configure:4027: result: yes
configure:4027: checking for string.h
configure:4027: result: yes
configure:4027: checking for memory.h
configure:4027: result: yes
configure:4027: checking for strings.h
configure:4027: result: yes
configure:4027: checking for inttypes.h
configure:4027: result: yes
configure:4027: checking for stdint.h
configure:4027: result: yes
configure:4027: checking for unistd.h
configure:4027: result: yes
configure:4043: checking for stdlib.h
configure:4043: result: yes
configure:4043: checking for string.h
configure:4043: result: yes
configure:4043: checking for strings.h
configure:4043: result: yes
configure:4043: checking for unistd.h
configure:4043: result: yes
configure:4043: checking for time.h
configure:4043: result: yes
configure:4057: checking for sys/time.h
configure:4057: result: yes
configure:4057: checking for sys/resource.h
configure:4057: result: yes
configure:4071: checking for fcntl.h
configure:4071: result: yes
configure:4071: checking for fpu_control.h
configure:4071: result: yes
configure:4085: checking for dlfcn.h
configure:4085: result: yes
configure:4085: checking for errno.h
configure:4085: result: yes
configure:4085: checking for sys/stat.h
configure:4085: result: yes
configure:4099: checking for getrusage
configure:4099: result: yes
configure:4099: checking for time
configure:4099: result: yes
configure:4099: checking for sigaction
configure:4099: result: yes
configure:4099: checking for __setfpucw
configure:4099: result: no
configure:4111: checking for bind in -lsocket
configure:4145: result: no
configure:4156: checking for gethostbyname in -lnsl
configure:4190: result: yes
configure:4216: checking for library containing zlibVersion
configure:4264: result: -lz
configure:4271: checking for zlib.h
configure:4271: result: yes
configure:4484: checking return type of signal handlers
configure:4509: result: void
configure:4645: checking whether byte ordering is bigendian
configure:4851: result: no
configure:5143: creating ./config.status

## ---------------------- ##
## Running config.status. ##
## ---------------------- ##

This file was extended by config.status, which was
generated by GNU Autoconf 2.64.  Invocation command line was

  CONFIG_FILES    = 
  CONFIG_HEADERS  = 
  CONFIG_LINKS    = 
  CONFIG_COMMANDS = 
  $ ./config.status 

on matt-laptop

config.status:899: creating Makefile.sim
config.status:899: creating Make-common.sim
config.status:899: creating .gdbinit
config.status:899: creating config.h
config.status:1058: config.h is unchanged
config.status:1084: linking ../../../../src/gcc-4.5.3/gdb/sim/lm32/tconfig.in to tconfig.h
config.status:1084: linking ../../../../src/gcc-4.5.3/gdb/sim/lm32/../common/nltvals.def to targ-vals.def
config.status:1103: executing Makefile commands
config.status:1103: executing stamp-h commands

## ---------------- ##
## Cache variables. ##
## ---------------- ##

ac_cv_build=x86_64-unknown-linux-gnu
ac_cv_c_bigendian=no
ac_cv_c_compiler_gnu=yes
ac_cv_env_CC_set=set
ac_cv_env_CC_value=gcc
ac_cv_env_CFLAGS_set=set
ac_cv_env_CFLAGS_value='-g -O2'
ac_cv_env_CPPFLAGS_set=
ac_cv_env_CPPFLAGS_value=
ac_cv_env_CPP_set=
ac_cv_env_CPP_value=
ac_cv_env_LDFLAGS_set=set
ac_cv_env_LDFLAGS_value=' '
ac_cv_env_LIBS_set=
ac_cv_env_LIBS_value=
ac_cv_env_build_alias_set=set
ac_cv_env_build_alias_value=x86_64-unknown-linux-gnu
ac_cv_env_host_alias_set=set
ac_cv_env_host_alias_value=x86_64-unknown-linux-gnu
ac_cv_env_target_alias_set=set
ac_cv_env_target_alias_value=lm32-elf
ac_cv_func___setfpucw=no
ac_cv_func_ftruncate=yes
ac_cv_func_getrusage=yes
ac_cv_func_lstat=yes
ac_cv_func_mmap=yes
ac_cv_func_munmap=yes
ac_cv_func_sigaction=yes
ac_cv_func_time=yes
ac_cv_func_truncate=yes
ac_cv_header_dlfcn_h=yes
ac_cv_header_errno_h=yes
ac_cv_header_fcntl_h=yes
ac_cv_header_fpu_control_h=yes
ac_cv_header_inttypes_h=yes
ac_cv_header_memory_h=yes
ac_cv_header_stdc=yes
ac_cv_header_stdint_h=yes
ac_cv_header_stdlib_h=yes
ac_cv_header_string_h=yes
ac_cv_header_strings_h=yes
ac_cv_header_sys_mman_h=yes
ac_cv_header_sys_resource_h=yes
ac_cv_header_sys_stat_h=yes
ac_cv_header_sys_time_h=yes
ac_cv_header_sys_times_h=yes
ac_cv_header_sys_types_h=yes
ac_cv_header_time_h=yes
ac_cv_header_unistd_h=yes
ac_cv_header_zlib_h=yes
ac_cv_host=x86_64-unknown-linux-gnu
ac_cv_lib_nsl_gethostbyname=yes
ac_cv_lib_socket_bind=no
ac_cv_member_struct_stat_st_atime=yes
ac_cv_member_struct_stat_st_blksize=yes
ac_cv_member_struct_stat_st_blocks=yes
ac_cv_member_struct_stat_st_ctime=yes
ac_cv_member_struct_stat_st_dev=yes
ac_cv_member_struct_stat_st_gid=yes
ac_cv_member_struct_stat_st_ino=yes
ac_cv_member_struct_stat_st_mode=yes
ac_cv_member_struct_stat_st_mtime=yes
ac_cv_member_struct_stat_st_nlink=yes
ac_cv_member_struct_stat_st_rdev=yes
ac_cv_member_struct_stat_st_size=yes
ac_cv_member_struct_stat_st_uid=yes
ac_cv_objext=o
ac_cv_path_EGREP='/bin/grep -E'
ac_cv_path_GREP=/bin/grep
ac_cv_prog_AR=ar
ac_cv_prog_CC=gcc
ac_cv_prog_CPP='gcc -E'
ac_cv_prog_RANLIB=ranlib
ac_cv_prog_cc_c89=
ac_cv_prog_cc_g=yes
ac_cv_search_zlibVersion=-lz
ac_cv_target=lm32-unknown-elf
ac_cv_type_signal=void
ac_cv_type_socklen_t=yes

## ----------------- ##
## Output variables. ##
## ----------------- ##

AR='ar'
CATALOGS=''
CATOBJEXT='.gmo'
CC='gcc'
CC_FOR_BUILD='$(CC)'
CFLAGS='-g -O2'
CGEN_MAINT='#'
CPP='gcc -E'
CPPFLAGS=''
DATADIRNAME='share'
DEFS='-DHAVE_CONFIG_H'
ECHO_C=''
ECHO_N='-n'
ECHO_T=''
EGREP='/bin/grep -E'
EXEEXT=''
GENCAT='gencat'
GMSGFMT='/usr/bin/msgfmt'
GREP='/bin/grep'
HDEFINES=''
INCINTL=''
INSTALL_DATA='/usr/bin/install -c -m 644'
INSTALL_PROGRAM='/usr/bin/install -c'
INSTALL_SCRIPT='/usr/bin/install -c'
INSTOBJEXT='.mo'
LDFLAGS=' '
LIBINTL=''
LIBINTL_DEP=''
LIBOBJS=''
LIBS='-lz -lnsl '
LTLIBOBJS=''
MAINT='#'
OBJEXT='o'
PACKAGE_BUGREPORT=''
PACKAGE_NAME=''
PACKAGE_STRING=''
PACKAGE_TARNAME=''
PACKAGE_URL=''
PACKAGE_VERSION=''
PATH_SEPARATOR=':'
PKGVERSION='(GDB) '
POSUB='po'
RANLIB='ranlib'
REPORT_BUGS_TEXI='@uref{http://www.gnu.org/software/gdb/bugs/}'
REPORT_BUGS_TO='<http://www.gnu.org/software/gdb/bugs/>'
SHELL='/bin/bash'
USE_NLS='yes'
WARN_CFLAGS=''
WERROR_CFLAGS=''
XGETTEXT='/usr/bin/xgettext'
ac_ct_CC=''
bindir='${exec_prefix}/bin'
build='x86_64-unknown-linux-gnu'
build_alias='x86_64-unknown-linux-gnu'
build_cpu='x86_64'
build_os='linux-gnu'
build_vendor='unknown'
cgen='guile'
cgen_breaks='break cgen_rtx_error'
cgendir='$(srcdir)/../../cgen'
datadir='${datarootdir}'
datarootdir='${prefix}/share'
docdir='${datarootdir}/doc/${PACKAGE}'
dvidir='${docdir}'
exec_prefix='${prefix}'
host='x86_64-unknown-linux-gnu'
host_alias='x86_64-unknown-linux-gnu'
host_cpu='x86_64'
host_os='linux-gnu'
host_vendor='unknown'
htmldir='${docdir}'
includedir='${prefix}/include'
infodir='${datarootdir}/info'
libdir='${exec_prefix}/lib'
libexecdir='${exec_prefix}/libexec'
localedir='${datarootdir}/locale'
localstatedir='${prefix}/var'
mandir='${datarootdir}/man'
oldincludedir='/usr/include'
pdfdir='${docdir}'
prefix='/usr/mico32'
program_transform_name='s&^&lm32-elf-&'
psdir='${docdir}'
sbindir='${exec_prefix}/sbin'
sharedstatedir='${prefix}/com'
sim_alignment='-DWITH_DEFAULT_ALIGNMENT=STRICT_ALIGNMENT'
sim_assert=''
sim_bitsize=''
sim_bswap=''
sim_cflags=''
sim_debug=''
sim_default_model='-DWITH_DEFAULT_MODEL='\''"lm32"'\'''
sim_endian='-DWITH_TARGET_BYTE_ORDER=BIG_ENDIAN'
sim_environment='-DWITH_ENVIRONMENT=ALL_ENVIRONMENT'
sim_float=''
sim_hostendian='-DWITH_HOST_BYTE_ORDER=LITTLE_ENDIAN'
sim_hw='core pal glue lm32cpu lm32timer lm32uart'
sim_hw_cflags='-DWITH_HW=1'
sim_hw_objs='$(SIM_COMMON_HW_OBJS) dv-core.o dv-pal.o dv-glue.o dv-lm32cpu.o dv-lm32timer.o dv-lm32uart.o'
sim_inline='-DDEFAULT_INLINE=0'
sim_packages=''
sim_profile='-DPROFILE=1 -DWITH_PROFILE=-1'
sim_regparm=''
sim_reserved_bits=''
sim_scache='-DWITH_SCACHE=16384'
sim_smp=''
sim_stdcall=''
sim_stdio=''
sim_trace=''
sim_xor_endian=''
sysconfdir='${prefix}/etc'
target='lm32-unknown-elf'
target_alias='lm32-elf'
target_cpu='lm32'
target_os='elf'
target_vendor='unknown'

## ----------- ##
## confdefs.h. ##
## ----------- ##

/* confdefs.h */
#define PACKAGE_NAME ""
#define PACKAGE_TARNAME ""
#define PACKAGE_VERSION ""
#define PACKAGE_STRING ""
#define PACKAGE_BUGREPORT ""
#define PACKAGE_URL ""
#define ENABLE_NLS 1
#define STDC_HEADERS 1
#define HAVE_SYS_TYPES_H 1
#define HAVE_SYS_STAT_H 1
#define HAVE_STDLIB_H 1
#define HAVE_STRING_H 1
#define HAVE_MEMORY_H 1
#define HAVE_STRINGS_H 1
#define HAVE_INTTYPES_H 1
#define HAVE_STDINT_H 1
#define HAVE_UNISTD_H 1
#define HAVE_STDLIB_H 1
#define HAVE_STRING_H 1
#define HAVE_STRINGS_H 1
#define HAVE_UNISTD_H 1
#define HAVE_TIME_H 1
#define HAVE_SYS_TIME_H 1
#define HAVE_SYS_RESOURCE_H 1
#define HAVE_FCNTL_H 1
#define HAVE_FPU_CONTROL_H 1
#define HAVE_DLFCN_H 1
#define HAVE_ERRNO_H 1
#define HAVE_SYS_STAT_H 1
#define HAVE_GETRUSAGE 1
#define HAVE_TIME 1
#define HAVE_SIGACTION 1
#define HAVE_LIBNSL 1
#define HAVE_ZLIB_H 1
#define PKGVERSION "(GDB) "
#define REPORT_BUGS_TO "<http://www.gnu.org/software/gdb/bugs/>"
#define RETSIGTYPE void

configure: exit 0
