This file contains any messages produced by compilers while
running configure, to aid debugging if configure makes a mistake.

It was created by MPFR configure 3.0.1, which was
generated by GNU Autoconf 2.67.  Invocation command line was

  $ /home/matt/Documents/Studies/4IRT/insasheep_the_dark_side/lm32-gcc/src/gcc-4.5.3/mpfr/configure --cache-file=./config.cache --with-gnu-as --with-gnu-ld --prefix=/usr/mico32 --disable-libssp --disable-libgcc --enable-languages=c --program-transform-name=s&^&lm32-elf-& --disable-option-checking --build=x86_64-unknown-linux-gnu --host=x86_64-unknown-linux-gnu --target=lm32-elf --srcdir=../../src/gcc-4.5.3/mpfr --disable-shared --with-gmp-include=/home/matt/Documents/Studies/4IRT/insasheep_the_dark_side/lm32-gcc/build/./gmp --with-gmp-lib=/home/matt/Documents/Studies/4IRT/insasheep_the_dark_side/lm32-gcc/build/./gmp/.libs

## --------- ##
## Platform. ##
## --------- ##

hostname = matt-laptop
uname -m = x86_64
uname -r = 3.8.0-19-generic
uname -s = Linux
uname -v = #29-Ubuntu SMP Wed Apr 17 18:16:28 UTC 2013

/usr/bin/uname -p = unknown
/bin/uname -X     = unknown

/bin/arch              = unknown
/usr/bin/arch -k       = unknown
/usr/convex/getsysinfo = unknown
/usr/bin/hostinfo      = unknown
/bin/machine           = unknown
/usr/bin/oslevel       = unknown
/bin/universe          = unknown

PATH: /usr/local/sbin
PATH: /usr/local/bin
PATH: /usr/sbin
PATH: /usr/bin
PATH: /sbin
PATH: /bin


## ----------- ##
## Core tests. ##
## ----------- ##

configure:2529: loading cache ./config.cache
configure:2656: checking for a BSD-compatible install
configure:2724: result: /usr/bin/install -c
configure:2735: checking whether build environment is sane
configure:2785: result: yes
configure:2926: checking for a thread-safe mkdir -p
configure:2965: result: /bin/mkdir -p
configure:2978: checking for gawk
configure:3005: result: gawk
configure:3016: checking whether make sets $(MAKE)
configure:3038: result: yes
configure:3110: checking whether to disable maintainer-specific portions of Makefiles
configure:3119: result: yes
configure:3142: checking build system type
configure:3156: result: x86_64-unknown-linux-gnu
configure:3176: checking host system type
configure:3189: result: x86_64-unknown-linux-gnu
configure:3351: checking for grep that handles long lines and -e
configure:3409: result: /bin/grep
configure:3414: checking for egrep
configure:3476: result: /bin/grep -E
configure:3481: checking for a sed that does not truncate output
configure:3545: result: /bin/sed
configure:3614: checking for x86_64-unknown-linux-gnu-gcc
configure:3641: result: gcc
configure:3910: checking for C compiler version
configure:3919: gcc --version >&5
gcc (Ubuntu/Linaro 4.7.3-1ubuntu1) 4.7.3
Copyright (C) 2012 Free Software Foundation, Inc.
This is free software; see the source for copying conditions.  There is NO
warranty; not even for MERCHANTABILITY or FITNESS FOR A PARTICULAR PURPOSE.

configure:3930: $? = 0
configure:3919: gcc -v >&5
Using built-in specs.
COLLECT_GCC=gcc
COLLECT_LTO_WRAPPER=/usr/lib/gcc/x86_64-linux-gnu/4.7/lto-wrapper
Target: x86_64-linux-gnu
Configured with: ../src/configure -v --with-pkgversion='Ubuntu/Linaro 4.7.3-1ubuntu1' --with-bugurl=file:///usr/share/doc/gcc-4.7/README.Bugs --enable-languages=c,c++,go,fortran,objc,obj-c++ --prefix=/usr --program-suffix=-4.7 --enable-shared --enable-linker-build-id --libexecdir=/usr/lib --without-included-gettext --enable-threads=posix --with-gxx-include-dir=/usr/include/c++/4.7 --libdir=/usr/lib --enable-nls --with-sysroot=/ --enable-clocale=gnu --enable-libstdcxx-debug --enable-libstdcxx-time=yes --enable-gnu-unique-object --enable-plugin --with-system-zlib --enable-objc-gc --with-cloog --enable-cloog-backend=ppl --disable-cloog-version-check --disable-ppl-version-check --enable-multiarch --disable-werror --with-arch-32=i686 --with-abi=m64 --with-multilib-list=m32,m64,mx32 --with-tune=generic --enable-checking=release --build=x86_64-linux-gnu --host=x86_64-linux-gnu --target=x86_64-linux-gnu
Thread model: posix
gcc version 4.7.3 (Ubuntu/Linaro 4.7.3-1ubuntu1) 
configure:3930: $? = 0
configure:3919: gcc -V >&5
gcc: error: unrecognized command line option '-V'
gcc: fatal error: no input files
compilation terminated.
configure:3930: $? = 4
configure:3919: gcc -qversion >&5
gcc: error: unrecognized command line option '-qversion'
gcc: fatal error: no input files
compilation terminated.
configure:3930: $? = 4
configure:3950: checking whether the C compiler works
configure:3972: gcc -g -O2  -I/home/matt/Documents/Studies/4IRT/insasheep_the_dark_side/lm32-gcc/build/./gmp   -L/home/matt/Documents/Studies/4IRT/insasheep_the_dark_side/lm32-gcc/build/./gmp/.libs conftest.c  >&5
configure:3976: $? = 0
configure:4024: result: yes
configure:4027: checking for C compiler default output file name
configure:4029: result: a.out
configure:4035: checking for suffix of executables
configure:4042: gcc -o conftest -g -O2  -I/home/matt/Documents/Studies/4IRT/insasheep_the_dark_side/lm32-gcc/build/./gmp   -L/home/matt/Documents/Studies/4IRT/insasheep_the_dark_side/lm32-gcc/build/./gmp/.libs conftest.c  >&5
configure:4046: $? = 0
configure:4068: result: 
configure:4090: checking whether we are cross compiling
configure:4098: gcc -o conftest -g -O2  -I/home/matt/Documents/Studies/4IRT/insasheep_the_dark_side/lm32-gcc/build/./gmp   -L/home/matt/Documents/Studies/4IRT/insasheep_the_dark_side/lm32-gcc/build/./gmp/.libs conftest.c  >&5
configure:4102: $? = 0
configure:4109: ./conftest
configure:4113: $? = 0
configure:4128: result: no
configure:4133: checking for suffix of object files
configure:4180: result: o
configure:4184: checking whether we are using the GNU C compiler
configure:4212: result: yes
configure:4221: checking whether gcc accepts -g
configure:4282: result: yes
configure:4299: checking for gcc option to accept ISO C89
configure:4376: result: none needed
configure:4407: checking for style of include used by make
configure:4435: result: GNU
configure:4460: checking dependency style of gcc
configure:4570: result: gcc3
configure:4590: checking how to run the C preprocessor
configure:4660: result: gcc -E
configure:4680: gcc -E  -I/home/matt/Documents/Studies/4IRT/insasheep_the_dark_side/lm32-gcc/build/./gmp conftest.c
configure:4680: $? = 0
configure:4694: gcc -E  -I/home/matt/Documents/Studies/4IRT/insasheep_the_dark_side/lm32-gcc/build/./gmp conftest.c
conftest.c:9:28: fatal error: ac_nonexistent.h: No such file or directory
compilation terminated.
configure:4694: $? = 1
configure: failed program was:
| /* confdefs.h */
| #define PACKAGE_NAME "MPFR"
| #define PACKAGE_TARNAME "mpfr"
| #define PACKAGE_VERSION "3.0.1"
| #define PACKAGE_STRING "MPFR 3.0.1"
| #define PACKAGE_BUGREPORT ""
| #define PACKAGE_URL ""
| /* end confdefs.h.  */
| #include <ac_nonexistent.h>
configure:4833: checking for ICC
configure:4851: gcc -c -g -O2  -I/home/matt/Documents/Studies/4IRT/insasheep_the_dark_side/lm32-gcc/build/./gmp conftest.c >&5
conftest.c:11:3: error: #error "ICC Not Found"
conftest.c:15:1: error: expected '=', ',', ';', 'asm' or '__attribute__' before 'int'
configure:4851: $? = 1
configure: failed program was:
| /* confdefs.h */
| #define PACKAGE_NAME "MPFR"
| #define PACKAGE_TARNAME "mpfr"
| #define PACKAGE_VERSION "3.0.1"
| #define PACKAGE_STRING "MPFR 3.0.1"
| #define PACKAGE_BUGREPORT ""
| #define PACKAGE_URL ""
| /* end confdefs.h.  */
| 
| #if !defined(__ICC)
| # error "ICC Not Found"
| error
| #endif
| 
| int
| main ()
| {
| 
|   ;
|   return 0;
| }
configure:4858: result: no
configure:4871: checking whether gcc and cc understand -c and -o together
configure:4971: result: yes
configure:4996: checking for function prototypes
configure:4999: result: yes
configure:5013: checking for ANSI C header files
configure:5117: result: yes
configure:5130: checking for sys/types.h
configure:5130: result: yes
configure:5130: checking for sys/stat.h
configure:5130: result: yes
configure:5130: checking for stdlib.h
configure:5130: result: yes
configure:5130: checking for string.h
configure:5130: result: yes
configure:5130: checking for memory.h
configure:5130: result: yes
configure:5130: checking for strings.h
configure:5130: result: yes
configure:5130: checking for inttypes.h
configure:5130: result: yes
configure:5130: checking for stdint.h
configure:5130: result: yes
configure:5130: checking for unistd.h
configure:5130: result: yes
configure:5152: checking for string.h
configure:5152: result: yes
configure:5198: checking for an ANSI C-conforming const
configure:5270: result: yes
configure:5278: checking for working volatile
configure:5304: result: yes
configure:5470: checking for main in -lm
configure:5498: result: yes
configure:5507: checking whether time.h and sys/time.h may both be included
configure:5534: result: yes
configure:5548: checking for limits.h
configure:5548: result: yes
configure:5556: checking for float.h
configure:5556: result: yes
configure:5564: checking for string.h
configure:5564: result: yes
configure:5575: checking for locale.h
configure:5575: result: yes
configure:5588: checking for wchar.h
configure:5588: result: yes
configure:5599: checking for stdarg.h
configure:5599: result: yes
configure:5620: checking for sys/time.h
configure:5620: result: yes
configure:5620: checking for sys/fpu.h
configure:5620: result: no
configure:5633: checking for working alloca.h
configure:5658: result: yes
configure:5666: checking for alloca
configure:5711: result: yes
configure:5824: checking for stdint.h
configure:5824: result: yes
configure:5834: checking for SIZE_MAX
configure:5906: result: yes
configure:5917: checking how to copy va_list
configure:5935: gcc -o conftest -g -O2  -I/home/matt/Documents/Studies/4IRT/insasheep_the_dark_side/lm32-gcc/build/./gmp   -L/home/matt/Documents/Studies/4IRT/insasheep_the_dark_side/lm32-gcc/build/./gmp/.libs conftest.c  >&5
configure:5935: $? = 0
configure:5937: result: va_copy
configure:5976: checking for memmove
configure:5976: result: yes
configure:5976: checking for memset
configure:5976: result: yes
configure:5976: checking for setlocale
configure:5976: result: yes
configure:5976: checking for strtol
configure:5976: result: yes
configure:5976: checking for gettimeofday
configure:5976: result: yes
configure:6029: checking for long long int
configure:6029: result: yes
configure:6037: checking for intmax_t
configure:6037: result: yes
configure:6048: checking for working INTMAX_MAX
configure:6073: result: yes
configure:6082: checking for union fpc_csr
configure:6082: result: no
configure:6095: checking for fesetround
configure:6124: result: yes
configure:6133: checking for gcc float-conversion bug
configure:6185: result: no
configure:6192: checking for denormalized numbers
configure:6224: result: yes
configure:6232: checking if NAN == NAN
configure:6267: result: no
configure:6295: checking if charset has consecutive values
configure:6325: gcc -o conftest -g -O2  -I/home/matt/Documents/Studies/4IRT/insasheep_the_dark_side/lm32-gcc/build/./gmp   -L/home/matt/Documents/Studies/4IRT/insasheep_the_dark_side/lm32-gcc/build/./gmp/.libs conftest.c  >&5
configure:6325: $? = 0
configure:6325: ./conftest
configure:6325: $? = 0
configure:6326: result: yes
configure:6344: checking for math/round
configure:6364: gcc -o conftest -g -O2  -I/home/matt/Documents/Studies/4IRT/insasheep_the_dark_side/lm32-gcc/build/./gmp   -L/home/matt/Documents/Studies/4IRT/insasheep_the_dark_side/lm32-gcc/build/./gmp/.libs conftest.c  -lm >&5
configure:6364: $? = 0
configure:6366: result: yes
configure:6379: checking for math/trunc
configure:6399: gcc -o conftest -g -O2  -I/home/matt/Documents/Studies/4IRT/insasheep_the_dark_side/lm32-gcc/build/./gmp   -L/home/matt/Documents/Studies/4IRT/insasheep_the_dark_side/lm32-gcc/build/./gmp/.libs conftest.c  -lm >&5
configure:6399: $? = 0
configure:6401: result: yes
configure:6414: checking for math/floor
configure:6434: gcc -o conftest -g -O2  -I/home/matt/Documents/Studies/4IRT/insasheep_the_dark_side/lm32-gcc/build/./gmp   -L/home/matt/Documents/Studies/4IRT/insasheep_the_dark_side/lm32-gcc/build/./gmp/.libs conftest.c  -lm >&5
configure:6434: $? = 0
configure:6436: result: yes
configure:6449: checking for math/ceil
configure:6469: gcc -o conftest -g -O2  -I/home/matt/Documents/Studies/4IRT/insasheep_the_dark_side/lm32-gcc/build/./gmp   -L/home/matt/Documents/Studies/4IRT/insasheep_the_dark_side/lm32-gcc/build/./gmp/.libs conftest.c  -lm >&5
configure:6469: $? = 0
configure:6471: result: yes
configure:6484: checking for math/rint
configure:6504: gcc -o conftest -g -O2  -I/home/matt/Documents/Studies/4IRT/insasheep_the_dark_side/lm32-gcc/build/./gmp   -L/home/matt/Documents/Studies/4IRT/insasheep_the_dark_side/lm32-gcc/build/./gmp/.libs conftest.c  -lm >&5
configure:6504: $? = 0
configure:6506: result: yes
configure:6524: checking for long double
configure:6524: result: yes
configure:6534: checking format of `long double' floating point
configure:6815: result: IEEE extended, little endian
configure:6895: checking for gmp.h
configure:6903: gcc -c -g -O2  -I/home/matt/Documents/Studies/4IRT/insasheep_the_dark_side/lm32-gcc/build/./gmp conftest.c >&5
configure:6903: $? = 0
configure:6904: result: yes
configure:7308: checking for a sed that does not truncate output
configure:7372: result: /bin/sed
configure:7390: checking for fgrep
configure:7452: result: /bin/grep -F
configure:7487: checking for ld used by gcc
configure:7554: result: ld
configure:7561: checking if the linker (ld) is GNU ld
configure:7576: result: yes
configure:7588: checking for BSD- or MS-compatible name lister (nm)
configure:7637: result: nm
configure:7755: checking the name lister (nm) interface
configure:7775: result: BSD nm
configure:7778: checking whether ln -s works
configure:7782: result: yes
configure:7790: checking the maximum length of command line arguments
configure:7910: result: 3458764513820540925
configure:7927: checking whether the shell understands some XSI constructs
configure:7937: result: yes
configure:7941: checking whether the shell understands "+="
configure:7947: result: yes
configure:7982: checking for ld option to reload object files
configure:7989: result: -r
configure:8018: checking for x86_64-unknown-linux-gnu-objdump
configure:8045: result: objdump
configure:8114: checking how to recognize dependent libraries
configure:8310: result: pass_all
configure:8330: checking for x86_64-unknown-linux-gnu-ar
configure:8357: result: ar
configure:8435: checking for x86_64-unknown-linux-gnu-strip
configure:8465: result: no
configure:8475: checking for strip
configure:8502: result: strip
configure:8534: checking for x86_64-unknown-linux-gnu-ranlib
configure:8561: result: ranlib
configure:8691: checking command to parse nm output from gcc object
configure:8914: result: ok
configure:9009: gcc -c -g -O2  -I/home/matt/Documents/Studies/4IRT/insasheep_the_dark_side/lm32-gcc/build/./gmp conftest.c >&5
configure:9012: $? = 0
configure:9719: checking for dlfcn.h
configure:9719: result: yes
configure:9901: checking for objdir
configure:9916: result: .libs
configure:10212: checking if gcc supports -fno-rtti -fno-exceptions
configure:10247: result: no
configure:10267: checking for gcc option to produce PIC
configure:10539: result: -fPIC -DPIC
configure:10551: checking if gcc PIC flag -fPIC -DPIC works
configure:10586: result: yes
configure:10610: checking if gcc static flag -static works
configure:10638: result: yes
configure:10653: checking if gcc supports -c -o file.o
configure:10700: result: yes
configure:10708: checking if gcc supports -c -o file.o
configure:10755: result: yes
configure:10788: checking whether the gcc linker (ld -m elf_x86_64) supports shared libraries
configure:11779: result: yes
configure:12018: checking dynamic linker characteristics
configure:12451: gcc -o conftest -g -O2  -I/home/matt/Documents/Studies/4IRT/insasheep_the_dark_side/lm32-gcc/build/./gmp   -L/home/matt/Documents/Studies/4IRT/insasheep_the_dark_side/lm32-gcc/build/./gmp/.libs -Wl,-rpath -Wl,/foo conftest.c  >&5
configure:12451: $? = 0
configure:12681: result: GNU/Linux ld.so
configure:12783: checking how to hardcode library paths into programs
configure:12808: result: immediate
configure:13328: checking whether stripping libraries is possible
configure:13333: result: yes
configure:13368: checking if libtool supports shared libraries
configure:13370: result: yes
configure:13373: checking whether to build shared libraries
configure:13394: result: no
configure:13397: checking whether to build static libraries
configure:13401: result: yes
configure:13439: checking whether gcc __attribute__ ((mode (XX))) works
configure:13463: result: yes
configure:13474: checking for recent GMP
configure:13486: gcc -c -g -O2  -I/home/matt/Documents/Studies/4IRT/insasheep_the_dark_side/lm32-gcc/build/./gmp conftest.c >&5
configure:13486: $? = 0
configure:13487: result: yes
configure:13571: checking for __gmpz_init in -lgmp
configure:13605: result: yes
configure:13615: checking if gmp.h version and libgmp version are the same
configure:13651: gcc -o conftest -g -O2  -I/home/matt/Documents/Studies/4IRT/insasheep_the_dark_side/lm32-gcc/build/./gmp   -L/home/matt/Documents/Studies/4IRT/insasheep_the_dark_side/lm32-gcc/build/./gmp/.libs conftest.c -lgmp  >&5
configure:13651: $? = 0
configure:13651: ./conftest
configure:13651: $? = 0
configure:13652: result: yes
configure:13657: checking if gmp_printf supports "%jd"
configure:13693: gcc -o conftest -g -O2  -I/home/matt/Documents/Studies/4IRT/insasheep_the_dark_side/lm32-gcc/build/./gmp   -L/home/matt/Documents/Studies/4IRT/insasheep_the_dark_side/lm32-gcc/build/./gmp/.libs conftest.c -lgmp  >&5
configure:13693: $? = 0
configure:13693: ./conftest
configure:13693: $? = 0
configure:13694: result: yes
configure:13712: checking if gmp_printf supports "%hhd"
configure:13743: gcc -o conftest -g -O2  -I/home/matt/Documents/Studies/4IRT/insasheep_the_dark_side/lm32-gcc/build/./gmp   -L/home/matt/Documents/Studies/4IRT/insasheep_the_dark_side/lm32-gcc/build/./gmp/.libs conftest.c -lgmp  >&5
configure:13743: $? = 0
configure:13743: ./conftest
configure:13743: $? = 0
configure:13744: result: yes
configure:13761: checking if gmp_printf supports "%lld"
configure:13792: gcc -o conftest -g -O2  -I/home/matt/Documents/Studies/4IRT/insasheep_the_dark_side/lm32-gcc/build/./gmp   -L/home/matt/Documents/Studies/4IRT/insasheep_the_dark_side/lm32-gcc/build/./gmp/.libs conftest.c -lgmp  >&5
configure:13792: $? = 0
configure:13792: ./conftest
configure:13792: $? = 0
configure:13793: result: yes
configure:13810: checking if gmp_printf supports "%Lf"
configure:13841: gcc -o conftest -g -O2  -I/home/matt/Documents/Studies/4IRT/insasheep_the_dark_side/lm32-gcc/build/./gmp   -L/home/matt/Documents/Studies/4IRT/insasheep_the_dark_side/lm32-gcc/build/./gmp/.libs conftest.c -lgmp  >&5
configure:13841: $? = 0
configure:13841: ./conftest
configure:13841: $? = 0
configure:13842: result: yes
configure:13859: checking if gmp_printf supports "%td"
configure:13895: gcc -o conftest -g -O2  -I/home/matt/Documents/Studies/4IRT/insasheep_the_dark_side/lm32-gcc/build/./gmp   -L/home/matt/Documents/Studies/4IRT/insasheep_the_dark_side/lm32-gcc/build/./gmp/.libs conftest.c -lgmp  >&5
configure:13895: $? = 0
configure:13895: ./conftest
configure:13895: $? = 0
configure:13896: result: yes
configure:14117: creating ./config.status

## ---------------------- ##
## Running config.status. ##
## ---------------------- ##

This file was extended by MPFR config.status 3.0.1, which was
generated by GNU Autoconf 2.67.  Invocation command line was

  CONFIG_FILES    = 
  CONFIG_HEADERS  = 
  CONFIG_LINKS    = 
  CONFIG_COMMANDS = 
  $ ./config.status 

on matt-laptop

config.status:1004: creating Makefile
config.status:1004: creating tests/Makefile
config.status:1004: creating mparam.h
config.status:1160: executing depfiles commands
config.status:1160: executing libtool commands

## ---------------- ##
## Cache variables. ##
## ---------------- ##

ac_cv_build=x86_64-unknown-linux-gnu
ac_cv_c_compiler_gnu=yes
ac_cv_c_const=yes
ac_cv_c_volatile=yes
ac_cv_env_CC_set=set
ac_cv_env_CC_value=gcc
ac_cv_env_CFLAGS_set=set
ac_cv_env_CFLAGS_value='-g -O2'
ac_cv_env_CPPFLAGS_set=
ac_cv_env_CPPFLAGS_value=
ac_cv_env_CPP_set=
ac_cv_env_CPP_value=
ac_cv_env_LDFLAGS_set=set
ac_cv_env_LDFLAGS_value=' '
ac_cv_env_LIBS_set=
ac_cv_env_LIBS_value=
ac_cv_env_build_alias_set=set
ac_cv_env_build_alias_value=x86_64-unknown-linux-gnu
ac_cv_env_host_alias_set=set
ac_cv_env_host_alias_value=x86_64-unknown-linux-gnu
ac_cv_env_target_alias_set=set
ac_cv_env_target_alias_value=lm32-elf
ac_cv_func_alloca_works=yes
ac_cv_func_gettimeofday=yes
ac_cv_func_memmove=yes
ac_cv_func_memset=yes
ac_cv_func_setlocale=yes
ac_cv_func_strtol=yes
ac_cv_header_dlfcn_h=yes
ac_cv_header_float_h=yes
ac_cv_header_inttypes_h=yes
ac_cv_header_limits_h=yes
ac_cv_header_locale_h=yes
ac_cv_header_memory_h=yes
ac_cv_header_stdarg_h=yes
ac_cv_header_stdc=yes
ac_cv_header_stdint_h=yes
ac_cv_header_stdlib_h=yes
ac_cv_header_string_h=yes
ac_cv_header_strings_h=yes
ac_cv_header_sys_fpu_h=no
ac_cv_header_sys_stat_h=yes
ac_cv_header_sys_time_h=yes
ac_cv_header_sys_types_h=yes
ac_cv_header_time=yes
ac_cv_header_unistd_h=yes
ac_cv_header_wchar_h=yes
ac_cv_host=x86_64-unknown-linux-gnu
ac_cv_lib_gmp___gmpz_init=yes
ac_cv_lib_m_main=yes
ac_cv_objext=o
ac_cv_path_EGREP='/bin/grep -E'
ac_cv_path_FGREP='/bin/grep -F'
ac_cv_path_GREP=/bin/grep
ac_cv_path_SED=/bin/sed
ac_cv_path_mkdir=/bin/mkdir
ac_cv_prog_AR=ar
ac_cv_prog_AWK=gawk
ac_cv_prog_CC=gcc
ac_cv_prog_CPP='gcc -E'
ac_cv_prog_OBJDUMP=objdump
ac_cv_prog_RANLIB=ranlib
ac_cv_prog_ac_ct_STRIP=strip
ac_cv_prog_cc_c89=
ac_cv_prog_cc_g=yes
ac_cv_prog_cc_gcc_c_o=yes
ac_cv_prog_make_make_set=yes
ac_cv_type_intmax_t=yes
ac_cv_type_long_double=yes
ac_cv_type_long_long_int=yes
ac_cv_type_union_fpc_csr=no
ac_cv_working_alloca_h=yes
am_cv_CC_dependencies_compiler_type=gcc3
gl_cv_size_max=yes
gmp_cv_c_attribute_mode=yes
lt_cv_deplibs_check_method=pass_all
lt_cv_file_magic_cmd='$MAGIC_CMD'
lt_cv_file_magic_test_file=
lt_cv_ld_reload_flag=-r
lt_cv_nm_interface='BSD nm'
lt_cv_objdir=.libs
lt_cv_path_LD=ld
lt_cv_path_NM=nm
lt_cv_prog_compiler_c_o=yes
lt_cv_prog_compiler_pic_works=yes
lt_cv_prog_compiler_rtti_exceptions=no
lt_cv_prog_compiler_static_works=yes
lt_cv_prog_gnu_ld=yes
lt_cv_sys_global_symbol_pipe='sed -n -e '\''s/^.*[	 ]\([ABCDGIRSTW][ABCDGIRSTW]*\)[	 ][	 ]*\([_A-Za-z][_A-Za-z0-9]*\)$/\1 \2 \2/p'\'''
lt_cv_sys_global_symbol_to_c_name_address='sed -n -e '\''s/^: \([^ ]*\) $/  {\"\1\", (void *) 0},/p'\'' -e '\''s/^[ABCDGIRSTW]* \([^ ]*\) \([^ ]*\)$/  {"\2", (void *) \&\2},/p'\'''
lt_cv_sys_global_symbol_to_c_name_address_lib_prefix='sed -n -e '\''s/^: \([^ ]*\) $/  {\"\1\", (void *) 0},/p'\'' -e '\''s/^[ABCDGIRSTW]* \([^ ]*\) \(lib[^ ]*\)$/  {"\2", (void *) \&\2},/p'\'' -e '\''s/^[ABCDGIRSTW]* \([^ ]*\) \([^ ]*\)$/  {"lib\2", (void *) \&\2},/p'\'''
lt_cv_sys_global_symbol_to_cdecl='sed -n -e '\''s/^T .* \(.*\)$/extern int \1();/p'\'' -e '\''s/^[ABCDGIRSTW]* .* \(.*\)$/extern char \1;/p'\'''
lt_cv_sys_max_cmd_len=3458764513820540925
mpfr_cv_c_long_double_format='IEEE extended, little endian'
mpfr_cv_gcc_floatconv_bug=no
mpfr_cv_have_denorms=yes
mpfr_cv_have_fesetround=yes
mpfr_cv_have_intmax_max=yes
mpfr_cv_nanisnan=no

## ----------------- ##
## Output variables. ##
## ----------------- ##

ACLOCAL='${SHELL} /home/matt/Documents/Studies/4IRT/insasheep_the_dark_side/lm32-gcc/src/gcc-4.5.3/mpfr/missing --run aclocal-1.11'
ALLOCA=''
AMDEPBACKSLASH='\'
AMDEP_FALSE='#'
AMDEP_TRUE=''
AMTAR='${SHELL} /home/matt/Documents/Studies/4IRT/insasheep_the_dark_side/lm32-gcc/src/gcc-4.5.3/mpfr/missing --run tar'
ANSI2KNR=''
AR='ar'
AS='as'
AUTOCONF='${SHELL} /home/matt/Documents/Studies/4IRT/insasheep_the_dark_side/lm32-gcc/src/gcc-4.5.3/mpfr/missing --run autoconf'
AUTOHEADER='${SHELL} /home/matt/Documents/Studies/4IRT/insasheep_the_dark_side/lm32-gcc/src/gcc-4.5.3/mpfr/missing --run autoheader'
AUTOMAKE='${SHELL} /home/matt/Documents/Studies/4IRT/insasheep_the_dark_side/lm32-gcc/src/gcc-4.5.3/mpfr/missing --run automake-1.11'
AWK='gawk'
CC='gcc'
CCDEPMODE='depmode=gcc3'
CFLAGS='-g -O2'
CPP='gcc -E'
CPPFLAGS=' -I/home/matt/Documents/Studies/4IRT/insasheep_the_dark_side/lm32-gcc/build/./gmp'
CYGPATH_W='echo'
DEFS='-DHAVE_INTTYPES_H=1 -DHAVE_STDINT_H=1 -DTIME_WITH_SYS_TIME=1 -DHAVE_LOCALE_H=1 -DHAVE_WCHAR_H=1 -DHAVE_STDARG=1 -DHAVE_SYS_TIME_H=1 -DHAVE_ALLOCA_H=1 -DHAVE_STDINT_H=1 -DHAVE_VA_COPY=1 -DHAVE_SETLOCALE=1 -DHAVE_GETTIMEOFDAY=1 -DHAVE_LONG_LONG=1 -DHAVE_INTMAX_T=1 -DMPFR_HAVE_INTMAX_MAX=1 -DMPFR_HAVE_FESETROUND=1 -DHAVE_DENORMS=1 -DHAVE_ROUND=1 -DHAVE_TRUNC=1 -DHAVE_FLOOR=1 -DHAVE_CEIL=1 -DHAVE_NEARBYINT=1 -DHAVE_LDOUBLE_IEEE_EXT_LITTLE=1 -DLT_OBJDIR=\".libs/\" -DHAVE_ATTRIBUTE_MODE=1'
DEPDIR='.deps'
DLLTOOL='dlltool'
DSYMUTIL=''
DUMPBIN=''
ECHO_C=''
ECHO_N='-n'
ECHO_T=''
EGREP='/bin/grep -E'
EXEEXT=''
FGREP='/bin/grep -F'
GREP='/bin/grep'
INSTALL_DATA='/usr/bin/install -c -m 644'
INSTALL_PROGRAM='/usr/bin/install -c'
INSTALL_SCRIPT='/usr/bin/install -c'
INSTALL_STRIP_PROGRAM='$(install_sh) -c -s'
LD='ld -m elf_x86_64'
LDFLAGS='  -L/home/matt/Documents/Studies/4IRT/insasheep_the_dark_side/lm32-gcc/build/./gmp/.libs'
LIBOBJS=''
LIBS='-lgmp '
LIBTOOL='$(SHELL) $(top_builddir)/libtool'
LIPO=''
LN_S='ln -s'
LTLIBOBJS=''
MAINT=''
MAINTAINER_MODE_FALSE='#'
MAINTAINER_MODE_TRUE=''
MAKEINFO='makeinfo --split-size=5000000'
MKDIR_P='/bin/mkdir -p'
MPFR_LIBM='-lm'
NM='nm'
NMEDIT=''
OBJDUMP='objdump'
OBJEXT='o'
OTOOL64=''
OTOOL=''
PACKAGE='mpfr'
PACKAGE_BUGREPORT=''
PACKAGE_NAME='MPFR'
PACKAGE_STRING='MPFR 3.0.1'
PACKAGE_TARNAME='mpfr'
PACKAGE_URL=''
PACKAGE_VERSION='3.0.1'
PATH_SEPARATOR=':'
RANLIB='ranlib'
SED='/bin/sed'
SET_MAKE=''
SHELL='/bin/bash'
STRIP='strip'
U=''
VERSION='3.0.1'
ac_ct_CC=''
ac_ct_DUMPBIN=''
am__EXEEXT_FALSE=''
am__EXEEXT_TRUE='#'
am__fastdepCC_FALSE='#'
am__fastdepCC_TRUE=''
am__include='include'
am__isrc=' -I$(srcdir)'
am__leading_dot='.'
am__quote=''
am__tar='${AMTAR} chof - "$$tardir"'
am__untar='${AMTAR} xf -'
bindir='${exec_prefix}/bin'
build='x86_64-unknown-linux-gnu'
build_alias='x86_64-unknown-linux-gnu'
build_cpu='x86_64'
build_os='linux-gnu'
build_vendor='unknown'
datadir='${datarootdir}'
datarootdir='${prefix}/share'
docdir='${datarootdir}/doc/${PACKAGE_TARNAME}'
dvidir='${docdir}'
exec_prefix='${prefix}'
host='x86_64-unknown-linux-gnu'
host_alias='x86_64-unknown-linux-gnu'
host_cpu='x86_64'
host_os='linux-gnu'
host_vendor='unknown'
htmldir='${docdir}'
includedir='${prefix}/include'
infodir='${datarootdir}/info'
install_sh='${SHELL} /home/matt/Documents/Studies/4IRT/insasheep_the_dark_side/lm32-gcc/src/gcc-4.5.3/mpfr/install-sh'
libdir='${exec_prefix}/lib'
libexecdir='${exec_prefix}/libexec'
localedir='${datarootdir}/locale'
localstatedir='${prefix}/var'
lt_ECHO='echo'
mandir='${datarootdir}/man'
mkdir_p='/bin/mkdir -p'
oldincludedir='/usr/include'
pdfdir='${docdir}'
prefix='/usr/mico32'
program_transform_name='s&^&lm32-elf-&'
psdir='${docdir}'
sbindir='${exec_prefix}/sbin'
sharedstatedir='${prefix}/com'
sysconfdir='${prefix}/etc'
target_alias='lm32-elf'

## ----------- ##
## confdefs.h. ##
## ----------- ##

/* confdefs.h */
#define HAVE_INTTYPES_H 1
#define HAVE_STDINT_H 1
#define TIME_WITH_SYS_TIME 1
#define HAVE_LOCALE_H 1
#define HAVE_WCHAR_H 1
#define HAVE_STDARG 1
#define HAVE_SYS_TIME_H 1
#define HAVE_ALLOCA_H 1
#define HAVE_STDINT_H 1
#define HAVE_VA_COPY 1
#define HAVE_SETLOCALE 1
#define HAVE_GETTIMEOFDAY 1
#define HAVE_LONG_LONG 1
#define HAVE_INTMAX_T 1
#define MPFR_HAVE_INTMAX_MAX 1
#define MPFR_HAVE_FESETROUND 1
#define HAVE_DENORMS 1
#define HAVE_ROUND 1
#define HAVE_TRUNC 1
#define HAVE_FLOOR 1
#define HAVE_CEIL 1
#define HAVE_NEARBYINT 1
#define HAVE_LDOUBLE_IEEE_EXT_LITTLE 1
#define LT_OBJDIR ".libs/"
#define HAVE_ATTRIBUTE_MODE 1

configure: exit 0
