This file contains any messages produced by compilers while
running configure, to aid debugging if configure makes a mistake.

It was created by fixincludes configure  , which was
generated by GNU Autoconf 2.64.  Invocation command line was

  $ /home/matt/Documents/Studies/4IRT/insasheep_the_dark_side/lm32-gcc/src/gcc-4.5.3/fixincludes/configure --cache-file=../config.cache --prefix=/usr/mico32 --disable-libssp --disable-libgcc --enable-languages=c --program-transform-name=s&^&lm32-elf-& --disable-option-checking --with-build-subdir=build-x86_64-unknown-linux-gnu --build=x86_64-unknown-linux-gnu --host=x86_64-unknown-linux-gnu --target=lm32-elf --srcdir=../../../src/gcc-4.5.3/fixincludes

## --------- ##
## Platform. ##
## --------- ##

hostname = matt-laptop
uname -m = x86_64
uname -r = 3.8.0-19-generic
uname -s = Linux
uname -v = #29-Ubuntu SMP Wed Apr 17 18:16:28 UTC 2013

/usr/bin/uname -p = unknown
/bin/uname -X     = unknown

/bin/arch              = unknown
/usr/bin/arch -k       = unknown
/usr/convex/getsysinfo = unknown
/usr/bin/hostinfo      = unknown
/bin/machine           = unknown
/usr/bin/oslevel       = unknown
/bin/universe          = unknown

PATH: /usr/local/sbin
PATH: /usr/local/bin
PATH: /usr/sbin
PATH: /usr/bin
PATH: /sbin
PATH: /bin


## ----------- ##
## Core tests. ##
## ----------- ##

configure:2048: loading cache ../config.cache
configure:3153: checking build system type
configure:3167: result: x86_64-unknown-linux-gnu
configure:3187: checking host system type
configure:3200: result: x86_64-unknown-linux-gnu
configure:3220: checking target system type
configure:3233: result: lm32-unknown-elf
configure:3268: checking for x86_64-unknown-linux-gnu-gcc
configure:3295: result: gcc
configure:3564: checking for C compiler version
configure:3573: gcc --version >&5
gcc (Ubuntu/Linaro 4.7.3-1ubuntu1) 4.7.3
Copyright (C) 2012 Free Software Foundation, Inc.
This is free software; see the source for copying conditions.  There is NO
warranty; not even for MERCHANTABILITY or FITNESS FOR A PARTICULAR PURPOSE.

configure:3584: $? = 0
configure:3573: gcc -v >&5
Using built-in specs.
COLLECT_GCC=gcc
COLLECT_LTO_WRAPPER=/usr/lib/gcc/x86_64-linux-gnu/4.7/lto-wrapper
Target: x86_64-linux-gnu
Configured with: ../src/configure -v --with-pkgversion='Ubuntu/Linaro 4.7.3-1ubuntu1' --with-bugurl=file:///usr/share/doc/gcc-4.7/README.Bugs --enable-languages=c,c++,go,fortran,objc,obj-c++ --prefix=/usr --program-suffix=-4.7 --enable-shared --enable-linker-build-id --libexecdir=/usr/lib --without-included-gettext --enable-threads=posix --with-gxx-include-dir=/usr/include/c++/4.7 --libdir=/usr/lib --enable-nls --with-sysroot=/ --enable-clocale=gnu --enable-libstdcxx-debug --enable-libstdcxx-time=yes --enable-gnu-unique-object --enable-plugin --with-system-zlib --enable-objc-gc --with-cloog --enable-cloog-backend=ppl --disable-cloog-version-check --disable-ppl-version-check --enable-multiarch --disable-werror --with-arch-32=i686 --with-abi=m64 --with-multilib-list=m32,m64,mx32 --with-tune=generic --enable-checking=release --build=x86_64-linux-gnu --host=x86_64-linux-gnu --target=x86_64-linux-gnu
Thread model: posix
gcc version 4.7.3 (Ubuntu/Linaro 4.7.3-1ubuntu1) 
configure:3584: $? = 0
configure:3573: gcc -V >&5
gcc: error: unrecognized command line option '-V'
gcc: fatal error: no input files
compilation terminated.
configure:3584: $? = 4
configure:3573: gcc -qversion >&5
gcc: error: unrecognized command line option '-qversion'
gcc: fatal error: no input files
compilation terminated.
configure:3584: $? = 4
configure:3604: checking for C compiler default output file name
configure:3626: gcc -g -O2   conftest.c  >&5
configure:3630: $? = 0
configure:3667: result: a.out
configure:3683: checking whether the C compiler works
configure:3692: ./a.out
configure:3696: $? = 0
configure:3711: result: yes
configure:3718: checking whether we are cross compiling
configure:3720: result: no
configure:3723: checking for suffix of executables
configure:3730: gcc -o conftest -g -O2   conftest.c  >&5
configure:3734: $? = 0
configure:3756: result: 
configure:3762: checking for suffix of object files
configure:3809: result: o
configure:3813: checking whether we are using the GNU C compiler
configure:3841: result: yes
configure:3850: checking whether gcc accepts -g
configure:3911: result: yes
configure:3928: checking for gcc option to accept ISO C89
configure:4005: result: none needed
configure:4025: checking for a sed that does not truncate output
configure:4089: result: /bin/sed
configure:4106: checking whether gcc supports -W
configure:4132: result: yes
configure:4106: checking whether gcc supports -Wall
configure:4132: result: yes
configure:4106: checking whether gcc supports -Wwrite-strings
configure:4132: result: yes
configure:4106: checking whether gcc supports -Wstrict-prototypes
configure:4132: result: yes
configure:4106: checking whether gcc supports -Wmissing-prototypes
configure:4132: result: yes
configure:4106: checking whether gcc supports -Wold-style-definition
configure:4132: result: yes
configure:4106: checking whether gcc supports -Wmissing-format-attribute
configure:4132: result: yes
configure:4106: checking whether gcc supports -Wno-overlength-strings
configure:4132: result: yes
configure:4142: checking whether gcc supports -pedantic -Wno-long-long
configure:4168: result: yes
configure:4286: checking how to run the C preprocessor
configure:4356: result: gcc -E
configure:4376: gcc -E  conftest.c
configure:4376: $? = 0
configure:4390: gcc -E  conftest.c
conftest.c:10:28: fatal error: ac_nonexistent.h: No such file or directory
compilation terminated.
configure:4390: $? = 1
configure: failed program was:
| /* confdefs.h */
| #define PACKAGE_NAME "fixincludes"
| #define PACKAGE_TARNAME "fixincludes"
| #define PACKAGE_VERSION " "
| #define PACKAGE_STRING "fixincludes  "
| #define PACKAGE_BUGREPORT ""
| #define PACKAGE_URL ""
| #define EXE_EXT ""
| /* end confdefs.h.  */
| #include <ac_nonexistent.h>
configure:4419: checking for grep that handles long lines and -e
configure:4477: result: /bin/grep
configure:4482: checking for egrep
configure:4544: result: /bin/grep -E
configure:4549: checking for ANSI C header files
configure:4653: result: yes
configure:4666: checking for sys/types.h
configure:4666: result: yes
configure:4666: checking for sys/stat.h
configure:4666: result: yes
configure:4666: checking for stdlib.h
configure:4666: result: yes
configure:4666: checking for string.h
configure:4666: result: yes
configure:4666: checking for memory.h
configure:4666: result: yes
configure:4666: checking for strings.h
configure:4666: result: yes
configure:4666: checking for inttypes.h
configure:4666: result: yes
configure:4666: checking for stdint.h
configure:4666: result: yes
configure:4666: checking for unistd.h
configure:4666: result: yes
configure:4683: checking for stddef.h
configure:4683: result: yes
configure:4683: checking for stdlib.h
configure:4683: result: yes
configure:4683: checking for strings.h
configure:4683: result: yes
configure:4683: checking for unistd.h
configure:4683: result: yes
configure:4683: checking for fcntl.h
configure:4683: result: yes
configure:4683: checking for sys/file.h
configure:4683: result: yes
configure:4683: checking for sys/stat.h
configure:4683: result: yes
configure:4698: checking for clearerr_unlocked
configure:4698: result: yes
configure:4698: checking for feof_unlocked
configure:4698: result: yes
configure:4698: checking for ferror_unlocked
configure:4698: result: yes
configure:4698: checking for fflush_unlocked
configure:4698: result: yes
configure:4698: checking for fgetc_unlocked
configure:4698: result: yes
configure:4698: checking for fgets_unlocked
configure:4698: result: yes
configure:4698: checking for fileno_unlocked
configure:4698: result: yes
configure:4698: checking for fprintf_unlocked
configure:4698: result: no
configure:4698: checking for fputc_unlocked
configure:4698: result: yes
configure:4698: checking for fputs_unlocked
configure:4698: result: yes
configure:4698: checking for fread_unlocked
configure:4698: result: yes
configure:4698: checking for fwrite_unlocked
configure:4698: result: yes
configure:4698: checking for getchar_unlocked
configure:4698: result: yes
configure:4698: checking for getc_unlocked
configure:4698: result: yes
configure:4698: checking for putchar_unlocked
configure:4698: result: yes
configure:4698: checking for putc_unlocked
configure:4698: result: yes
configure:4708: checking whether abort is declared
configure:4708: result: yes
configure:4718: checking whether asprintf is declared
configure:4718: result: no
configure:4728: checking whether basename is declared
configure:4728: result: no
configure:4738: checking whether errno is declared
configure:4738: result: no
configure:4748: checking whether vasprintf is declared
configure:4748: result: no
configure:4758: checking whether clearerr_unlocked is declared
configure:4758: result: yes
configure:4768: checking whether feof_unlocked is declared
configure:4768: result: yes
configure:4778: checking whether ferror_unlocked is declared
configure:4778: result: yes
configure:4788: checking whether fflush_unlocked is declared
configure:4788: result: yes
configure:4798: checking whether fgetc_unlocked is declared
configure:4798: result: yes
configure:4808: checking whether fgets_unlocked is declared
configure:4808: result: no
configure:4818: checking whether fileno_unlocked is declared
configure:4818: result: yes
configure:4828: checking whether fprintf_unlocked is declared
configure:4828: result: no
configure:4838: checking whether fputc_unlocked is declared
configure:4838: result: yes
configure:4848: checking whether fputs_unlocked is declared
configure:4848: result: no
configure:4858: checking whether fread_unlocked is declared
configure:4858: result: yes
configure:4868: checking whether fwrite_unlocked is declared
configure:4868: result: yes
configure:4878: checking whether getchar_unlocked is declared
configure:4878: result: yes
configure:4888: checking whether getc_unlocked is declared
configure:4888: result: yes
configure:4898: checking whether putchar_unlocked is declared
configure:4898: result: yes
configure:4908: checking whether putc_unlocked is declared
configure:4908: result: yes
configure:4921: checking for an ANSI C-conforming const
configure:4993: result: yes
configure:5004: checking for sys/mman.h
configure:5004: result: yes
configure:5012: checking for mmap
configure:5012: result: yes
configure:5025: checking whether read-only mmap of a plain file works
configure:5042: result: yes
configure:5044: checking whether mmap from /dev/zero works
configure:5066: result: yes
configure:5070: checking for MAP_ANON(YMOUS)
configure:5100: result: yes
configure:5106: checking whether mmap with MAP_ANON(YMOUS) works
configure:5123: result: yes
configure:5145: checking whether to enable maintainer-specific portions of Makefiles
configure:5154: result: no
configure:5274: creating ./config.status

## ---------------------- ##
## Running config.status. ##
## ---------------------- ##

This file was extended by fixincludes config.status  , which was
generated by GNU Autoconf 2.64.  Invocation command line was

  CONFIG_FILES    = 
  CONFIG_HEADERS  = 
  CONFIG_LINKS    = 
  CONFIG_COMMANDS = 
  $ ./config.status 

on matt-laptop

config.status:864: creating Makefile
config.status:864: creating mkheaders.almost
config.status:864: creating config.h
config.status:1018: config.h is unchanged

## ---------------- ##
## Cache variables. ##
## ---------------- ##

ac_cv_build=x86_64-unknown-linux-gnu
ac_cv_c_bigendian=no
ac_cv_c_compiler_gnu=yes
ac_cv_c_const=yes
ac_cv_c_inline=inline
ac_cv_c_stack_direction=-1
ac_cv_env_CC_set=set
ac_cv_env_CC_value=gcc
ac_cv_env_CFLAGS_set=set
ac_cv_env_CFLAGS_value='-g -O2'
ac_cv_env_CPPFLAGS_set=
ac_cv_env_CPPFLAGS_value=
ac_cv_env_CPP_set=
ac_cv_env_CPP_value=
ac_cv_env_LDFLAGS_set=set
ac_cv_env_LDFLAGS_value=
ac_cv_env_LIBS_set=
ac_cv_env_LIBS_value=
ac_cv_env_build_alias_set=set
ac_cv_env_build_alias_value=x86_64-unknown-linux-gnu
ac_cv_env_host_alias_set=set
ac_cv_env_host_alias_value=x86_64-unknown-linux-gnu
ac_cv_env_target_alias_set=set
ac_cv_env_target_alias_value=lm32-elf
ac_cv_func___fsetlocking=yes
ac_cv_func__doprnt=no
ac_cv_func_asprintf=yes
ac_cv_func_atexit=yes
ac_cv_func_basename=yes
ac_cv_func_bcmp=yes
ac_cv_func_bcopy=yes
ac_cv_func_bsearch=yes
ac_cv_func_bzero=yes
ac_cv_func_calloc=yes
ac_cv_func_canonicalize_file_name=yes
ac_cv_func_clearerr_unlocked=yes
ac_cv_func_clock=yes
ac_cv_func_feof_unlocked=yes
ac_cv_func_ferror_unlocked=yes
ac_cv_func_fflush_unlocked=yes
ac_cv_func_ffs=yes
ac_cv_func_fgetc_unlocked=yes
ac_cv_func_fgets_unlocked=yes
ac_cv_func_fileno_unlocked=yes
ac_cv_func_fork=yes
ac_cv_func_fork_works=yes
ac_cv_func_fprintf_unlocked=no
ac_cv_func_fputc_unlocked=yes
ac_cv_func_fputs_unlocked=yes
ac_cv_func_fread_unlocked=yes
ac_cv_func_fwrite_unlocked=yes
ac_cv_func_getc_unlocked=yes
ac_cv_func_getchar_unlocked=yes
ac_cv_func_getcwd=yes
ac_cv_func_getpagesize=yes
ac_cv_func_getrusage=yes
ac_cv_func_getsysinfo=no
ac_cv_func_gettimeofday=yes
ac_cv_func_index=yes
ac_cv_func_insque=yes
ac_cv_func_memchr=yes
ac_cv_func_memcmp=yes
ac_cv_func_memcpy=yes
ac_cv_func_memmem=yes
ac_cv_func_memmove=yes
ac_cv_func_mempcpy=yes
ac_cv_func_memset=yes
ac_cv_func_mkstemps=yes
ac_cv_func_mmap=yes
ac_cv_func_mmap_fixed_mapped=yes
ac_cv_func_on_exit=yes
ac_cv_func_psignal=yes
ac_cv_func_pstat_getdynamic=no
ac_cv_func_pstat_getstatic=no
ac_cv_func_putc_unlocked=yes
ac_cv_func_putchar_unlocked=yes
ac_cv_func_putenv=yes
ac_cv_func_random=yes
ac_cv_func_realpath=yes
ac_cv_func_rename=yes
ac_cv_func_rindex=yes
ac_cv_func_sbrk=yes
ac_cv_func_setenv=yes
ac_cv_func_sigsetmask=yes
ac_cv_func_snprintf=yes
ac_cv_func_stpcpy=yes
ac_cv_func_stpncpy=yes
ac_cv_func_strcasecmp=yes
ac_cv_func_strchr=yes
ac_cv_func_strdup=yes
ac_cv_func_strerror=yes
ac_cv_func_strncasecmp=yes
ac_cv_func_strncmp_works=yes
ac_cv_func_strndup=yes
ac_cv_func_strrchr=yes
ac_cv_func_strsignal=yes
ac_cv_func_strstr=yes
ac_cv_func_strtod=yes
ac_cv_func_strtol=yes
ac_cv_func_strtoul=yes
ac_cv_func_strverscmp=yes
ac_cv_func_sysconf=yes
ac_cv_func_sysctl=yes
ac_cv_func_sysmp=no
ac_cv_func_table=no
ac_cv_func_times=yes
ac_cv_func_tmpnam=yes
ac_cv_func_vasprintf=yes
ac_cv_func_vfork=yes
ac_cv_func_vfork_works=yes
ac_cv_func_vfprintf=yes
ac_cv_func_vprintf=yes
ac_cv_func_vsnprintf=yes
ac_cv_func_vsprintf=yes
ac_cv_func_wait3=yes
ac_cv_func_wait4=yes
ac_cv_func_waitpid=yes
ac_cv_have_decl_abort=yes
ac_cv_have_decl_asprintf=no
ac_cv_have_decl_basename=no
ac_cv_have_decl_calloc=yes
ac_cv_have_decl_clearerr_unlocked=yes
ac_cv_have_decl_errno=no
ac_cv_have_decl_feof_unlocked=yes
ac_cv_have_decl_ferror_unlocked=yes
ac_cv_have_decl_fflush_unlocked=yes
ac_cv_have_decl_ffs=yes
ac_cv_have_decl_fgetc_unlocked=yes
ac_cv_have_decl_fgets_unlocked=no
ac_cv_have_decl_fileno_unlocked=yes
ac_cv_have_decl_fprintf_unlocked=no
ac_cv_have_decl_fputc_unlocked=yes
ac_cv_have_decl_fputs_unlocked=no
ac_cv_have_decl_fread_unlocked=yes
ac_cv_have_decl_fwrite_unlocked=yes
ac_cv_have_decl_getc_unlocked=yes
ac_cv_have_decl_getchar_unlocked=yes
ac_cv_have_decl_getenv=yes
ac_cv_have_decl_getopt=yes
ac_cv_have_decl_malloc=yes
ac_cv_have_decl_putc_unlocked=yes
ac_cv_have_decl_putchar_unlocked=yes
ac_cv_have_decl_realloc=yes
ac_cv_have_decl_sbrk=yes
ac_cv_have_decl_snprintf=yes
ac_cv_have_decl_strverscmp=no
ac_cv_have_decl_vasprintf=no
ac_cv_have_decl_vsnprintf=yes
ac_cv_header_alloca_h=yes
ac_cv_header_fcntl_h=yes
ac_cv_header_inttypes_h=yes
ac_cv_header_limits_h=yes
ac_cv_header_machine_hal_sysinfo_h=no
ac_cv_header_malloc_h=yes
ac_cv_header_memory_h=yes
ac_cv_header_stdc=yes
ac_cv_header_stddef_h=yes
ac_cv_header_stdint_h=yes
ac_cv_header_stdio_ext_h=yes
ac_cv_header_stdlib_h=yes
ac_cv_header_string_h=yes
ac_cv_header_strings_h=yes
ac_cv_header_sys_file_h=yes
ac_cv_header_sys_mman_h=yes
ac_cv_header_sys_param_h=yes
ac_cv_header_sys_pstat_h=no
ac_cv_header_sys_resource_h=yes
ac_cv_header_sys_stat_h=yes
ac_cv_header_sys_sysctl_h=yes
ac_cv_header_sys_sysinfo_h=yes
ac_cv_header_sys_sysmp_h=no
ac_cv_header_sys_systemcfg_h=no
ac_cv_header_sys_table_h=no
ac_cv_header_sys_time_h=yes
ac_cv_header_sys_types_h=yes
ac_cv_header_sys_wait_h=yes
ac_cv_header_time=yes
ac_cv_header_time_h=yes
ac_cv_header_unistd_h=yes
ac_cv_header_vfork_h=no
ac_cv_host=x86_64-unknown-linux-gnu
ac_cv_objext=o
ac_cv_os_cray=no
ac_cv_path_EGREP='/bin/grep -E'
ac_cv_path_GREP=/bin/grep
ac_cv_path_SED=/bin/sed
ac_cv_prog_AR=ar
ac_cv_prog_CC=gcc
ac_cv_prog_CPP='gcc -E'
ac_cv_prog_MAKEINFO='makeinfo --split-size=5000000'
ac_cv_prog_PERL=perl
ac_cv_prog_RANLIB=ranlib
ac_cv_prog_cc_c89=
ac_cv_prog_cc_g=yes
ac_cv_prog_cc_gcc_c_o=yes
ac_cv_search_strerror='none required'
ac_cv_sizeof_int=4
ac_cv_sys_file_offset_bits=no
ac_cv_sys_largefile_CC=no
ac_cv_target=lm32-unknown-elf
ac_cv_type_intptr_t=yes
ac_cv_type_pid_t=yes
ac_cv_type_uintptr_t=yes
acx_cv_prog_cc_pedantic_=yes
acx_cv_prog_cc_pedantic__Wno_long_long=yes
acx_cv_prog_cc_warning__W=yes
acx_cv_prog_cc_warning__Wall=yes
acx_cv_prog_cc_warning__Wcpp_compat=yes
acx_cv_prog_cc_warning__Wmissing_format_attribute=yes
acx_cv_prog_cc_warning__Wmissing_prototypes=yes
acx_cv_prog_cc_warning__Wno_overlength_strings=yes
acx_cv_prog_cc_warning__Wold_style_definition=yes
acx_cv_prog_cc_warning__Wstrict_prototypes=yes
acx_cv_prog_cc_warning__Wwrite_strings=yes
gcc_cv_decl_map_anon=yes
gcc_cv_func_mmap_anon=yes
gcc_cv_func_mmap_dev_zero=yes
gcc_cv_func_mmap_file=yes
liberty_cv_uint64=uint64_t
libiberty_cv_decl_needed_canonicalize_file_name=yes
libiberty_cv_declare_errno=no
libiberty_cv_var_sys_errlist=yes
libiberty_cv_var_sys_nerr=yes
libiberty_cv_var_sys_siglist=yes

## ----------------- ##
## Output variables. ##
## ----------------- ##

CC='gcc'
CFLAGS='-g -O2'
CPP='gcc -E'
CPPFLAGS=''
DEFS='-DHAVE_CONFIG_H'
ECHO_C=''
ECHO_N='-n'
ECHO_T=''
EGREP='/bin/grep -E'
EXEEXT=''
GREP='/bin/grep'
LDFLAGS=''
LIBOBJS=''
LIBS=''
LTLIBOBJS=''
MAINT='#'
OBJEXT='o'
PACKAGE_BUGREPORT=''
PACKAGE_NAME='fixincludes'
PACKAGE_STRING='fixincludes  '
PACKAGE_TARNAME='fixincludes'
PACKAGE_URL=''
PACKAGE_VERSION=' '
PATH_SEPARATOR=':'
SED='/bin/sed'
SHELL='/bin/bash'
TARGET='oneprocess'
WARN_CFLAGS='-W -Wall -Wwrite-strings -Wstrict-prototypes -Wmissing-prototypes -Wold-style-definition -Wmissing-format-attribute -Wno-overlength-strings'
WARN_PEDANTIC='-pedantic -Wno-long-long'
WERROR=''
ac_ct_CC=''
bindir='${exec_prefix}/bin'
build='x86_64-unknown-linux-gnu'
build_alias='x86_64-unknown-linux-gnu'
build_cpu='x86_64'
build_os='linux-gnu'
build_vendor='unknown'
datadir='${datarootdir}'
datarootdir='${prefix}/share'
docdir='${datarootdir}/doc/${PACKAGE_TARNAME}'
dvidir='${docdir}'
exec_prefix='${prefix}'
host='x86_64-unknown-linux-gnu'
host_alias='x86_64-unknown-linux-gnu'
host_cpu='x86_64'
host_os='linux-gnu'
host_vendor='unknown'
htmldir='${docdir}'
includedir='${prefix}/include'
infodir='${datarootdir}/info'
libdir='${exec_prefix}/lib'
libexecdir='${exec_prefix}/libexec'
localedir='${datarootdir}/locale'
localstatedir='${prefix}/var'
mandir='${datarootdir}/man'
oldincludedir='/usr/include'
pdfdir='${docdir}'
prefix='/usr/mico32'
program_transform_name='s&^&lm32-elf-&'
psdir='${docdir}'
sbindir='${exec_prefix}/sbin'
sharedstatedir='${prefix}/com'
sysconfdir='${prefix}/etc'
target='lm32-unknown-elf'
target_alias='lm32-elf'
target_cpu='lm32'
target_noncanonical='lm32-elf'
target_os='elf'
target_vendor='unknown'

## ----------- ##
## confdefs.h. ##
## ----------- ##

/* confdefs.h */
#define PACKAGE_NAME "fixincludes"
#define PACKAGE_TARNAME "fixincludes"
#define PACKAGE_VERSION " "
#define PACKAGE_STRING "fixincludes  "
#define PACKAGE_BUGREPORT ""
#define PACKAGE_URL ""
#define EXE_EXT ""
#define STDC_HEADERS 1
#define HAVE_SYS_TYPES_H 1
#define HAVE_SYS_STAT_H 1
#define HAVE_STDLIB_H 1
#define HAVE_STRING_H 1
#define HAVE_MEMORY_H 1
#define HAVE_STRINGS_H 1
#define HAVE_INTTYPES_H 1
#define HAVE_STDINT_H 1
#define HAVE_UNISTD_H 1
#define HAVE_STDDEF_H 1
#define HAVE_STDLIB_H 1
#define HAVE_STRINGS_H 1
#define HAVE_UNISTD_H 1
#define HAVE_FCNTL_H 1
#define HAVE_SYS_FILE_H 1
#define HAVE_SYS_STAT_H 1
#define HAVE_CLEARERR_UNLOCKED 1
#define HAVE_FEOF_UNLOCKED 1
#define HAVE_FERROR_UNLOCKED 1
#define HAVE_FFLUSH_UNLOCKED 1
#define HAVE_FGETC_UNLOCKED 1
#define HAVE_FGETS_UNLOCKED 1
#define HAVE_FILENO_UNLOCKED 1
#define HAVE_FPUTC_UNLOCKED 1
#define HAVE_FPUTS_UNLOCKED 1
#define HAVE_FREAD_UNLOCKED 1
#define HAVE_FWRITE_UNLOCKED 1
#define HAVE_GETCHAR_UNLOCKED 1
#define HAVE_GETC_UNLOCKED 1
#define HAVE_PUTCHAR_UNLOCKED 1
#define HAVE_PUTC_UNLOCKED 1
#define HAVE_DECL_ABORT 1
#define HAVE_DECL_ASPRINTF 0
#define HAVE_DECL_BASENAME 0
#define HAVE_DECL_ERRNO 0
#define HAVE_DECL_VASPRINTF 0
#define HAVE_DECL_CLEARERR_UNLOCKED 1
#define HAVE_DECL_FEOF_UNLOCKED 1
#define HAVE_DECL_FERROR_UNLOCKED 1
#define HAVE_DECL_FFLUSH_UNLOCKED 1
#define HAVE_DECL_FGETC_UNLOCKED 1
#define HAVE_DECL_FGETS_UNLOCKED 0
#define HAVE_DECL_FILENO_UNLOCKED 1
#define HAVE_DECL_FPRINTF_UNLOCKED 0
#define HAVE_DECL_FPUTC_UNLOCKED 1
#define HAVE_DECL_FPUTS_UNLOCKED 0
#define HAVE_DECL_FREAD_UNLOCKED 1
#define HAVE_DECL_FWRITE_UNLOCKED 1
#define HAVE_DECL_GETCHAR_UNLOCKED 1
#define HAVE_DECL_GETC_UNLOCKED 1
#define HAVE_DECL_PUTCHAR_UNLOCKED 1
#define HAVE_DECL_PUTC_UNLOCKED 1
#define HAVE_MMAP_FILE 1
#define HAVE_MMAP_DEV_ZERO 1
#define HAVE_MMAP_ANON 1
#define SED_PROGRAM "/bin/sed"

configure: exit 0
