This file contains any messages produced by compilers while
running configure, to aid debugging if configure makes a mistake.

It was created by configure, which was
generated by GNU Autoconf 2.64.  Invocation command line was

  $ ../src/gcc-4.5.3/configure --prefix=/usr/mico32 --enable-languages=c --target=lm32-elf --disable-libssp --disable-libgcc

## --------- ##
## Platform. ##
## --------- ##

hostname = matt-laptop
uname -m = x86_64
uname -r = 3.8.0-19-generic
uname -s = Linux
uname -v = #29-Ubuntu SMP Wed Apr 17 18:16:28 UTC 2013

/usr/bin/uname -p = unknown
/bin/uname -X     = unknown

/bin/arch              = unknown
/usr/bin/arch -k       = unknown
/usr/convex/getsysinfo = unknown
/usr/bin/hostinfo      = unknown
/bin/machine           = unknown
/usr/bin/oslevel       = unknown
/bin/universe          = unknown

PATH: /usr/local/sbin
PATH: /usr/local/bin
PATH: /usr/sbin
PATH: /usr/bin
PATH: /sbin
PATH: /bin


## ----------- ##
## Core tests. ##
## ----------- ##

configure:2429: checking build system type
configure:2443: result: x86_64-unknown-linux-gnu
configure:2490: checking host system type
configure:2503: result: x86_64-unknown-linux-gnu
configure:2523: checking target system type
configure:2536: result: lm32-unknown-elf
configure:2590: checking for a BSD-compatible install
configure:2658: result: /usr/bin/install -c
configure:2669: checking whether ln works
configure:2691: result: yes
configure:2695: checking whether ln -s works
configure:2699: result: yes
configure:2706: checking for a sed that does not truncate output
configure:2770: result: /bin/sed
configure:2779: checking for gawk
configure:2795: found /usr/bin/gawk
configure:2806: result: gawk
configure:4039: checking for gcc
configure:4055: found /usr/bin/gcc
configure:4066: result: gcc
configure:4295: checking for C compiler version
configure:4304: gcc --version >&5
gcc (Ubuntu/Linaro 4.7.3-1ubuntu1) 4.7.3
Copyright (C) 2012 Free Software Foundation, Inc.
This is free software; see the source for copying conditions.  There is NO
warranty; not even for MERCHANTABILITY or FITNESS FOR A PARTICULAR PURPOSE.

configure:4315: $? = 0
configure:4304: gcc -v >&5
Using built-in specs.
COLLECT_GCC=gcc
COLLECT_LTO_WRAPPER=/usr/lib/gcc/x86_64-linux-gnu/4.7/lto-wrapper
Target: x86_64-linux-gnu
Configured with: ../src/configure -v --with-pkgversion='Ubuntu/Linaro 4.7.3-1ubuntu1' --with-bugurl=file:///usr/share/doc/gcc-4.7/README.Bugs --enable-languages=c,c++,go,fortran,objc,obj-c++ --prefix=/usr --program-suffix=-4.7 --enable-shared --enable-linker-build-id --libexecdir=/usr/lib --without-included-gettext --enable-threads=posix --with-gxx-include-dir=/usr/include/c++/4.7 --libdir=/usr/lib --enable-nls --with-sysroot=/ --enable-clocale=gnu --enable-libstdcxx-debug --enable-libstdcxx-time=yes --enable-gnu-unique-object --enable-plugin --with-system-zlib --enable-objc-gc --with-cloog --enable-cloog-backend=ppl --disable-cloog-version-check --disable-ppl-version-check --enable-multiarch --disable-werror --with-arch-32=i686 --with-abi=m64 --with-multilib-list=m32,m64,mx32 --with-tune=generic --enable-checking=release --build=x86_64-linux-gnu --host=x86_64-linux-gnu --target=x86_64-linux-gnu
Thread model: posix
gcc version 4.7.3 (Ubuntu/Linaro 4.7.3-1ubuntu1) 
configure:4315: $? = 0
configure:4304: gcc -V >&5
gcc: error: unrecognized command line option '-V'
gcc: fatal error: no input files
compilation terminated.
configure:4315: $? = 4
configure:4304: gcc -qversion >&5
gcc: error: unrecognized command line option '-qversion'
gcc: fatal error: no input files
compilation terminated.
configure:4315: $? = 4
configure:4335: checking for C compiler default output file name
configure:4357: gcc    conftest.c  >&5
configure:4361: $? = 0
configure:4398: result: a.out
configure:4414: checking whether the C compiler works
configure:4423: ./a.out
configure:4427: $? = 0
configure:4442: result: yes
configure:4449: checking whether we are cross compiling
configure:4451: result: no
configure:4454: checking for suffix of executables
configure:4461: gcc -o conftest    conftest.c  >&5
configure:4465: $? = 0
configure:4487: result: 
configure:4493: checking for suffix of object files
configure:4515: gcc -c   conftest.c >&5
configure:4519: $? = 0
configure:4540: result: o
configure:4544: checking whether we are using the GNU C compiler
configure:4563: gcc -c   conftest.c >&5
configure:4563: $? = 0
configure:4572: result: yes
configure:4581: checking whether gcc accepts -g
configure:4601: gcc -c -g  conftest.c >&5
configure:4601: $? = 0
configure:4642: result: yes
configure:4659: checking for gcc option to accept ISO C89
configure:4723: gcc  -c -g -O2  conftest.c >&5
configure:4723: $? = 0
configure:4736: result: none needed
configure:4814: checking for g++
configure:4830: found /usr/bin/g++
configure:4841: result: g++
configure:4868: checking for C++ compiler version
configure:4877: g++ --version >&5
g++ (Ubuntu/Linaro 4.7.3-1ubuntu1) 4.7.3
Copyright (C) 2012 Free Software Foundation, Inc.
This is free software; see the source for copying conditions.  There is NO
warranty; not even for MERCHANTABILITY or FITNESS FOR A PARTICULAR PURPOSE.

configure:4888: $? = 0
configure:4877: g++ -v >&5
Using built-in specs.
COLLECT_GCC=g++
COLLECT_LTO_WRAPPER=/usr/lib/gcc/x86_64-linux-gnu/4.7/lto-wrapper
Target: x86_64-linux-gnu
Configured with: ../src/configure -v --with-pkgversion='Ubuntu/Linaro 4.7.3-1ubuntu1' --with-bugurl=file:///usr/share/doc/gcc-4.7/README.Bugs --enable-languages=c,c++,go,fortran,objc,obj-c++ --prefix=/usr --program-suffix=-4.7 --enable-shared --enable-linker-build-id --libexecdir=/usr/lib --without-included-gettext --enable-threads=posix --with-gxx-include-dir=/usr/include/c++/4.7 --libdir=/usr/lib --enable-nls --with-sysroot=/ --enable-clocale=gnu --enable-libstdcxx-debug --enable-libstdcxx-time=yes --enable-gnu-unique-object --enable-plugin --with-system-zlib --enable-objc-gc --with-cloog --enable-cloog-backend=ppl --disable-cloog-version-check --disable-ppl-version-check --enable-multiarch --disable-werror --with-arch-32=i686 --with-abi=m64 --with-multilib-list=m32,m64,mx32 --with-tune=generic --enable-checking=release --build=x86_64-linux-gnu --host=x86_64-linux-gnu --target=x86_64-linux-gnu
Thread model: posix
gcc version 4.7.3 (Ubuntu/Linaro 4.7.3-1ubuntu1) 
configure:4888: $? = 0
configure:4877: g++ -V >&5
g++: error: unrecognized command line option '-V'
g++: fatal error: no input files
compilation terminated.
configure:4888: $? = 4
configure:4877: g++ -qversion >&5
g++: error: unrecognized command line option '-qversion'
g++: fatal error: no input files
compilation terminated.
configure:4888: $? = 4
configure:4892: checking whether we are using the GNU C++ compiler
configure:4911: g++ -c   conftest.cpp >&5
configure:4911: $? = 0
configure:4920: result: yes
configure:4929: checking whether g++ accepts -g
configure:4949: g++ -c -g  conftest.cpp >&5
configure:4949: $? = 0
configure:4990: result: yes
configure:5079: checking for gnatbind
configure:5109: result: no
configure:5171: checking for gnatmake
configure:5201: result: no
configure:5220: checking whether compiler driver understands Ada
configure:5243: result: no
configure:5252: checking how to compare bootstrapped objects
configure:5277: result: cmp --ignore-initial=16 $$f1 $$f2
configure:5293: checking for objdir
configure:5308: result: .libs
configure:5839: checking for version 0.10 (or later revision) of PPL
configure:5856: gcc -c -g -O2  -I$$r/$(HOST_SUBDIR)/gmp -I$$s/gmp -I$$r/$(HOST_SUBDIR)/mpfr -I$$s/mpfr -I$$s/mpc/src   conftest.c >&5
conftest.c:10:19: fatal error: ppl_c.h: No such file or directory
compilation terminated.
configure:5856: $? = 1
configure: failed program was:
| /* confdefs.h */
| #define PACKAGE_NAME ""
| #define PACKAGE_TARNAME ""
| #define PACKAGE_VERSION ""
| #define PACKAGE_STRING ""
| #define PACKAGE_BUGREPORT ""
| #define PACKAGE_URL ""
| #define LT_OBJDIR ".libs/"
| /* end confdefs.h.  */
| #include "ppl_c.h"
| int
| main ()
| {
| 
|   #if PPL_VERSION_MAJOR != 0 || PPL_VERSION_MINOR < 10
|   choke me
|   #endif
| 
|   ;
|   return 0;
| }
configure:5860: result: no
configure:6002: checking how to run the C preprocessor
configure:6033: gcc -E  conftest.c
configure:6033: $? = 0
configure:6047: gcc -E  conftest.c
conftest.c:10:28: fatal error: ac_nonexistent.h: No such file or directory
compilation terminated.
configure:6047: $? = 1
configure: failed program was:
| /* confdefs.h */
| #define PACKAGE_NAME ""
| #define PACKAGE_TARNAME ""
| #define PACKAGE_VERSION ""
| #define PACKAGE_STRING ""
| #define PACKAGE_BUGREPORT ""
| #define PACKAGE_URL ""
| #define LT_OBJDIR ".libs/"
| /* end confdefs.h.  */
| #include <ac_nonexistent.h>
configure:6072: result: gcc -E
configure:6092: gcc -E  conftest.c
configure:6092: $? = 0
configure:6106: gcc -E  conftest.c
conftest.c:10:28: fatal error: ac_nonexistent.h: No such file or directory
compilation terminated.
configure:6106: $? = 1
configure: failed program was:
| /* confdefs.h */
| #define PACKAGE_NAME ""
| #define PACKAGE_TARNAME ""
| #define PACKAGE_VERSION ""
| #define PACKAGE_STRING ""
| #define PACKAGE_BUGREPORT ""
| #define PACKAGE_URL ""
| #define LT_OBJDIR ".libs/"
| /* end confdefs.h.  */
| #include <ac_nonexistent.h>
configure:6135: checking for grep that handles long lines and -e
configure:6193: result: /bin/grep
configure:6198: checking for egrep
configure:6260: result: /bin/grep -E
configure:6265: checking for ANSI C header files
configure:6285: gcc -c -g -O2  conftest.c >&5
configure:6285: $? = 0
configure:6358: gcc -o conftest -g -O2   conftest.c  >&5
configure:6358: $? = 0
configure:6358: ./conftest
configure:6358: $? = 0
configure:6369: result: yes
configure:6382: checking for sys/types.h
configure:6382: gcc -c -g -O2  conftest.c >&5
configure:6382: $? = 0
configure:6382: result: yes
configure:6382: checking for sys/stat.h
configure:6382: gcc -c -g -O2  conftest.c >&5
configure:6382: $? = 0
configure:6382: result: yes
configure:6382: checking for stdlib.h
configure:6382: gcc -c -g -O2  conftest.c >&5
configure:6382: $? = 0
configure:6382: result: yes
configure:6382: checking for string.h
configure:6382: gcc -c -g -O2  conftest.c >&5
configure:6382: $? = 0
configure:6382: result: yes
configure:6382: checking for memory.h
configure:6382: gcc -c -g -O2  conftest.c >&5
configure:6382: $? = 0
configure:6382: result: yes
configure:6382: checking for strings.h
configure:6382: gcc -c -g -O2  conftest.c >&5
configure:6382: $? = 0
configure:6382: result: yes
configure:6382: checking for inttypes.h
configure:6382: gcc -c -g -O2  conftest.c >&5
configure:6382: $? = 0
configure:6382: result: yes
configure:6382: checking for stdint.h
configure:6382: gcc -c -g -O2  conftest.c >&5
configure:6382: $? = 0
configure:6382: result: yes
configure:6382: checking for unistd.h
configure:6382: gcc -c -g -O2  conftest.c >&5
configure:6382: $? = 0
configure:6382: result: yes
configure:6473: checking libelf.h usability
configure:6473: gcc -c -g -O2 -I/usr/include/libelf  -I/usr/include/libelf conftest.c >&5
conftest.c:53:20: fatal error: libelf.h: No such file or directory
compilation terminated.
configure:6473: $? = 1
configure: failed program was:
| /* confdefs.h */
| #define PACKAGE_NAME ""
| #define PACKAGE_TARNAME ""
| #define PACKAGE_VERSION ""
| #define PACKAGE_STRING ""
| #define PACKAGE_BUGREPORT ""
| #define PACKAGE_URL ""
| #define LT_OBJDIR ".libs/"
| #define STDC_HEADERS 1
| #define HAVE_SYS_TYPES_H 1
| #define HAVE_SYS_STAT_H 1
| #define HAVE_STDLIB_H 1
| #define HAVE_STRING_H 1
| #define HAVE_MEMORY_H 1
| #define HAVE_STRINGS_H 1
| #define HAVE_INTTYPES_H 1
| #define HAVE_STDINT_H 1
| #define HAVE_UNISTD_H 1
| /* end confdefs.h.  */
| #include <stdio.h>
| #ifdef HAVE_SYS_TYPES_H
| # include <sys/types.h>
| #endif
| #ifdef HAVE_SYS_STAT_H
| # include <sys/stat.h>
| #endif
| #ifdef STDC_HEADERS
| # include <stdlib.h>
| # include <stddef.h>
| #else
| # ifdef HAVE_STDLIB_H
| #  include <stdlib.h>
| # endif
| #endif
| #ifdef HAVE_STRING_H
| # if !defined STDC_HEADERS && defined HAVE_MEMORY_H
| #  include <memory.h>
| # endif
| # include <string.h>
| #endif
| #ifdef HAVE_STRINGS_H
| # include <strings.h>
| #endif
| #ifdef HAVE_INTTYPES_H
| # include <inttypes.h>
| #endif
| #ifdef HAVE_STDINT_H
| # include <stdint.h>
| #endif
| #ifdef HAVE_UNISTD_H
| # include <unistd.h>
| #endif
| #include <libelf.h>
configure:6473: result: no
configure:6473: checking libelf.h presence
configure:6473: gcc -E  -I/usr/include/libelf conftest.c
conftest.c:20:20: fatal error: libelf.h: No such file or directory
compilation terminated.
configure:6473: $? = 1
configure: failed program was:
| /* confdefs.h */
| #define PACKAGE_NAME ""
| #define PACKAGE_TARNAME ""
| #define PACKAGE_VERSION ""
| #define PACKAGE_STRING ""
| #define PACKAGE_BUGREPORT ""
| #define PACKAGE_URL ""
| #define LT_OBJDIR ".libs/"
| #define STDC_HEADERS 1
| #define HAVE_SYS_TYPES_H 1
| #define HAVE_SYS_STAT_H 1
| #define HAVE_STDLIB_H 1
| #define HAVE_STRING_H 1
| #define HAVE_MEMORY_H 1
| #define HAVE_STRINGS_H 1
| #define HAVE_INTTYPES_H 1
| #define HAVE_STDINT_H 1
| #define HAVE_UNISTD_H 1
| /* end confdefs.h.  */
| #include <libelf.h>
configure:6473: result: no
configure:6473: checking for libelf.h
configure:6473: result: no
configure:6485: checking gelf.h usability
configure:6485: gcc -c -g -O2 -I/usr/include/libelf  -I/usr/include/libelf conftest.c >&5
conftest.c:53:18: fatal error: gelf.h: No such file or directory
compilation terminated.
configure:6485: $? = 1
configure: failed program was:
| /* confdefs.h */
| #define PACKAGE_NAME ""
| #define PACKAGE_TARNAME ""
| #define PACKAGE_VERSION ""
| #define PACKAGE_STRING ""
| #define PACKAGE_BUGREPORT ""
| #define PACKAGE_URL ""
| #define LT_OBJDIR ".libs/"
| #define STDC_HEADERS 1
| #define HAVE_SYS_TYPES_H 1
| #define HAVE_SYS_STAT_H 1
| #define HAVE_STDLIB_H 1
| #define HAVE_STRING_H 1
| #define HAVE_MEMORY_H 1
| #define HAVE_STRINGS_H 1
| #define HAVE_INTTYPES_H 1
| #define HAVE_STDINT_H 1
| #define HAVE_UNISTD_H 1
| /* end confdefs.h.  */
| #include <stdio.h>
| #ifdef HAVE_SYS_TYPES_H
| # include <sys/types.h>
| #endif
| #ifdef HAVE_SYS_STAT_H
| # include <sys/stat.h>
| #endif
| #ifdef STDC_HEADERS
| # include <stdlib.h>
| # include <stddef.h>
| #else
| # ifdef HAVE_STDLIB_H
| #  include <stdlib.h>
| # endif
| #endif
| #ifdef HAVE_STRING_H
| # if !defined STDC_HEADERS && defined HAVE_MEMORY_H
| #  include <memory.h>
| # endif
| # include <string.h>
| #endif
| #ifdef HAVE_STRINGS_H
| # include <strings.h>
| #endif
| #ifdef HAVE_INTTYPES_H
| # include <inttypes.h>
| #endif
| #ifdef HAVE_STDINT_H
| # include <stdint.h>
| #endif
| #ifdef HAVE_UNISTD_H
| # include <unistd.h>
| #endif
| #include <gelf.h>
configure:6485: result: no
configure:6485: checking gelf.h presence
configure:6485: gcc -E  -I/usr/include/libelf conftest.c
conftest.c:20:18: fatal error: gelf.h: No such file or directory
compilation terminated.
configure:6485: $? = 1
configure: failed program was:
| /* confdefs.h */
| #define PACKAGE_NAME ""
| #define PACKAGE_TARNAME ""
| #define PACKAGE_VERSION ""
| #define PACKAGE_STRING ""
| #define PACKAGE_BUGREPORT ""
| #define PACKAGE_URL ""
| #define LT_OBJDIR ".libs/"
| #define STDC_HEADERS 1
| #define HAVE_SYS_TYPES_H 1
| #define HAVE_SYS_STAT_H 1
| #define HAVE_STDLIB_H 1
| #define HAVE_STRING_H 1
| #define HAVE_MEMORY_H 1
| #define HAVE_STRINGS_H 1
| #define HAVE_INTTYPES_H 1
| #define HAVE_STDINT_H 1
| #define HAVE_UNISTD_H 1
| /* end confdefs.h.  */
| #include <gelf.h>
configure:6485: result: no
configure:6485: checking for gelf.h
configure:6485: result: no
configure:6498: checking libelf/libelf.h usability
configure:6498: gcc -c -g -O2 -I/usr/include/libelf  -I/usr/include/libelf conftest.c >&5
conftest.c:53:27: fatal error: libelf/libelf.h: No such file or directory
compilation terminated.
configure:6498: $? = 1
configure: failed program was:
| /* confdefs.h */
| #define PACKAGE_NAME ""
| #define PACKAGE_TARNAME ""
| #define PACKAGE_VERSION ""
| #define PACKAGE_STRING ""
| #define PACKAGE_BUGREPORT ""
| #define PACKAGE_URL ""
| #define LT_OBJDIR ".libs/"
| #define STDC_HEADERS 1
| #define HAVE_SYS_TYPES_H 1
| #define HAVE_SYS_STAT_H 1
| #define HAVE_STDLIB_H 1
| #define HAVE_STRING_H 1
| #define HAVE_MEMORY_H 1
| #define HAVE_STRINGS_H 1
| #define HAVE_INTTYPES_H 1
| #define HAVE_STDINT_H 1
| #define HAVE_UNISTD_H 1
| /* end confdefs.h.  */
| #include <stdio.h>
| #ifdef HAVE_SYS_TYPES_H
| # include <sys/types.h>
| #endif
| #ifdef HAVE_SYS_STAT_H
| # include <sys/stat.h>
| #endif
| #ifdef STDC_HEADERS
| # include <stdlib.h>
| # include <stddef.h>
| #else
| # ifdef HAVE_STDLIB_H
| #  include <stdlib.h>
| # endif
| #endif
| #ifdef HAVE_STRING_H
| # if !defined STDC_HEADERS && defined HAVE_MEMORY_H
| #  include <memory.h>
| # endif
| # include <string.h>
| #endif
| #ifdef HAVE_STRINGS_H
| # include <strings.h>
| #endif
| #ifdef HAVE_INTTYPES_H
| # include <inttypes.h>
| #endif
| #ifdef HAVE_STDINT_H
| # include <stdint.h>
| #endif
| #ifdef HAVE_UNISTD_H
| # include <unistd.h>
| #endif
| #include <libelf/libelf.h>
configure:6498: result: no
configure:6498: checking libelf/libelf.h presence
configure:6498: gcc -E  -I/usr/include/libelf conftest.c
conftest.c:20:27: fatal error: libelf/libelf.h: No such file or directory
compilation terminated.
configure:6498: $? = 1
configure: failed program was:
| /* confdefs.h */
| #define PACKAGE_NAME ""
| #define PACKAGE_TARNAME ""
| #define PACKAGE_VERSION ""
| #define PACKAGE_STRING ""
| #define PACKAGE_BUGREPORT ""
| #define PACKAGE_URL ""
| #define LT_OBJDIR ".libs/"
| #define STDC_HEADERS 1
| #define HAVE_SYS_TYPES_H 1
| #define HAVE_SYS_STAT_H 1
| #define HAVE_STDLIB_H 1
| #define HAVE_STRING_H 1
| #define HAVE_MEMORY_H 1
| #define HAVE_STRINGS_H 1
| #define HAVE_INTTYPES_H 1
| #define HAVE_STDINT_H 1
| #define HAVE_UNISTD_H 1
| /* end confdefs.h.  */
| #include <libelf/libelf.h>
configure:6498: result: no
configure:6498: checking for libelf/libelf.h
configure:6498: result: no
configure:6510: checking libelf/gelf.h usability
configure:6510: gcc -c -g -O2 -I/usr/include/libelf  -I/usr/include/libelf conftest.c >&5
conftest.c:53:25: fatal error: libelf/gelf.h: No such file or directory
compilation terminated.
configure:6510: $? = 1
configure: failed program was:
| /* confdefs.h */
| #define PACKAGE_NAME ""
| #define PACKAGE_TARNAME ""
| #define PACKAGE_VERSION ""
| #define PACKAGE_STRING ""
| #define PACKAGE_BUGREPORT ""
| #define PACKAGE_URL ""
| #define LT_OBJDIR ".libs/"
| #define STDC_HEADERS 1
| #define HAVE_SYS_TYPES_H 1
| #define HAVE_SYS_STAT_H 1
| #define HAVE_STDLIB_H 1
| #define HAVE_STRING_H 1
| #define HAVE_MEMORY_H 1
| #define HAVE_STRINGS_H 1
| #define HAVE_INTTYPES_H 1
| #define HAVE_STDINT_H 1
| #define HAVE_UNISTD_H 1
| /* end confdefs.h.  */
| #include <stdio.h>
| #ifdef HAVE_SYS_TYPES_H
| # include <sys/types.h>
| #endif
| #ifdef HAVE_SYS_STAT_H
| # include <sys/stat.h>
| #endif
| #ifdef STDC_HEADERS
| # include <stdlib.h>
| # include <stddef.h>
| #else
| # ifdef HAVE_STDLIB_H
| #  include <stdlib.h>
| # endif
| #endif
| #ifdef HAVE_STRING_H
| # if !defined STDC_HEADERS && defined HAVE_MEMORY_H
| #  include <memory.h>
| # endif
| # include <string.h>
| #endif
| #ifdef HAVE_STRINGS_H
| # include <strings.h>
| #endif
| #ifdef HAVE_INTTYPES_H
| # include <inttypes.h>
| #endif
| #ifdef HAVE_STDINT_H
| # include <stdint.h>
| #endif
| #ifdef HAVE_UNISTD_H
| # include <unistd.h>
| #endif
| #include <libelf/gelf.h>
configure:6510: result: no
configure:6510: checking libelf/gelf.h presence
configure:6510: gcc -E  -I/usr/include/libelf conftest.c
conftest.c:20:25: fatal error: libelf/gelf.h: No such file or directory
compilation terminated.
configure:6510: $? = 1
configure: failed program was:
| /* confdefs.h */
| #define PACKAGE_NAME ""
| #define PACKAGE_TARNAME ""
| #define PACKAGE_VERSION ""
| #define PACKAGE_STRING ""
| #define PACKAGE_BUGREPORT ""
| #define PACKAGE_URL ""
| #define LT_OBJDIR ".libs/"
| #define STDC_HEADERS 1
| #define HAVE_SYS_TYPES_H 1
| #define HAVE_SYS_STAT_H 1
| #define HAVE_STDLIB_H 1
| #define HAVE_STRING_H 1
| #define HAVE_MEMORY_H 1
| #define HAVE_STRINGS_H 1
| #define HAVE_INTTYPES_H 1
| #define HAVE_STDINT_H 1
| #define HAVE_UNISTD_H 1
| /* end confdefs.h.  */
| #include <libelf/gelf.h>
configure:6510: result: no
configure:6510: checking for libelf/gelf.h
configure:6510: result: no
configure:7652: checking for default BUILD_CONFIG
configure:7684: result: 
configure:8126: checking for bison
configure:8142: found /usr/bin/bison
configure:8153: result: bison -y
configure:8174: checking for bison
configure:8190: found /usr/bin/bison
configure:8201: result: bison
configure:8221: checking for gm4
configure:8251: result: no
configure:8221: checking for gnum4
configure:8251: result: no
configure:8221: checking for m4
configure:8237: found /usr/bin/m4
configure:8248: result: m4
configure:8268: checking for flex
configure:8284: found /usr/bin/flex
configure:8295: result: flex
configure:8316: checking for flex
configure:8332: found /usr/bin/flex
configure:8343: result: flex
configure:8363: checking for makeinfo
configure:8379: found /usr/bin/makeinfo
configure:8390: result: makeinfo
configure:8424: checking for expect
configure:8454: result: no
configure:8473: checking for runtest
configure:8503: result: no
configure:8618: checking for ar
configure:8634: found /usr/bin/ar
configure:8645: result: ar
configure:8759: checking for as
configure:8775: found /usr/bin/as
configure:8786: result: as
configure:8900: checking for dlltool
configure:8930: result: no
configure:9041: checking for ld
configure:9057: found /usr/bin/ld
configure:9068: result: ld
configure:9182: checking for lipo
configure:9212: result: no
configure:9323: checking for nm
configure:9339: found /usr/bin/nm
configure:9350: result: nm
configure:9464: checking for ranlib
configure:9480: found /usr/bin/ranlib
configure:9491: result: ranlib
configure:9600: checking for strip
configure:9616: found /usr/bin/strip
configure:9627: result: strip
configure:9736: checking for windres
configure:9766: result: no
configure:9877: checking for windmc
configure:9907: result: no
configure:10018: checking for objcopy
configure:10034: found /usr/bin/objcopy
configure:10045: result: objcopy
configure:10159: checking for objdump
configure:10175: found /usr/bin/objdump
configure:10186: result: objdump
configure:10300: checking for lm32-elf-cc
configure:10330: result: no
configure:10300: checking for lm32-elf-gcc
configure:10330: result: no
configure:10461: checking for lm32-elf-c++
configure:10491: result: no
configure:10461: checking for lm32-elf-g++
configure:10491: result: no
configure:10461: checking for lm32-elf-cxx
configure:10491: result: no
configure:10461: checking for lm32-elf-gxx
configure:10491: result: no
configure:10622: checking for lm32-elf-gcc
configure:10652: result: no
configure:10778: checking for lm32-elf-gcj
configure:10808: result: no
configure:10939: checking for lm32-elf-gfortran
configure:10969: result: no
configure:11069: checking for ar
configure:11102: result: no
configure:11180: checking for lm32-elf-ar
configure:11210: result: no
configure:11299: checking for as
configure:11332: result: no
configure:11410: checking for lm32-elf-as
configure:11440: result: no
configure:11529: checking for dlltool
configure:11562: result: no
configure:11640: checking for lm32-elf-dlltool
configure:11670: result: no
configure:11759: checking for ld
configure:11792: result: no
configure:11870: checking for lm32-elf-ld
configure:11900: result: no
configure:11989: checking for lipo
configure:12022: result: no
configure:12100: checking for lm32-elf-lipo
configure:12130: result: no
configure:12219: checking for nm
configure:12252: result: no
configure:12330: checking for lm32-elf-nm
configure:12360: result: no
configure:12449: checking for objdump
configure:12482: result: no
configure:12560: checking for lm32-elf-objdump
configure:12590: result: no
configure:12679: checking for ranlib
configure:12712: result: no
configure:12790: checking for lm32-elf-ranlib
configure:12820: result: no
configure:12909: checking for strip
configure:12942: result: no
configure:13020: checking for lm32-elf-strip
configure:13050: result: no
configure:13139: checking for windres
configure:13172: result: no
configure:13250: checking for lm32-elf-windres
configure:13280: result: no
configure:13369: checking for windmc
configure:13402: result: no
configure:13480: checking for lm32-elf-windmc
configure:13510: result: no
configure:13577: checking where to find the target ar
configure:13600: result: just compiled
configure:13619: checking where to find the target as
configure:13642: result: just compiled
configure:13661: checking where to find the target cc
configure:13684: result: just compiled
configure:13703: checking where to find the target c++
configure:13743: result: pre-installed
configure:13748: checking where to find the target c++ for libstdc++
configure:13788: result: pre-installed
configure:13793: checking where to find the target dlltool
configure:13816: result: just compiled
configure:13835: checking where to find the target gcc
configure:13858: result: just compiled
configure:13877: checking where to find the target gcj
configure:13917: result: pre-installed
configure:13922: checking where to find the target gfortran
configure:13962: result: pre-installed
configure:13967: checking where to find the target ld
configure:13990: result: just compiled
configure:14009: checking where to find the target lipo
configure:14035: result: pre-installed
configure:14040: checking where to find the target nm
configure:14063: result: just compiled
configure:14082: checking where to find the target objdump
configure:14105: result: just compiled
configure:14124: checking where to find the target ranlib
configure:14147: result: just compiled
configure:14166: checking where to find the target strip
configure:14189: result: just compiled
configure:14208: checking where to find the target windres
configure:14231: result: just compiled
configure:14250: checking where to find the target windmc
configure:14273: result: just compiled
configure:14320: checking whether to enable maintainer-specific portions of Makefiles
configure:14329: result: no
configure:14362: checking whether -fkeep-inline-functions is supported
configure:14381: gcc -c -g -O2 -fkeep-inline-functions  conftest.c >&5
configure:14381: $? = 0
configure:14382: result: yes
configure:14579: creating ./config.status

## ---------------------- ##
## Running config.status. ##
## ---------------------- ##

This file was extended by config.status, which was
generated by GNU Autoconf 2.64.  Invocation command line was

  CONFIG_FILES    = 
  CONFIG_HEADERS  = 
  CONFIG_LINKS    = 
  CONFIG_COMMANDS = 
  $ ./config.status 

on matt-laptop

config.status:973: creating Makefile

## ---------------- ##
## Cache variables. ##
## ---------------- ##

ac_cv_build=x86_64-unknown-linux-gnu
ac_cv_c_compiler_gnu=yes
ac_cv_cxx_compiler_gnu=yes
ac_cv_env_AR_FOR_TARGET_set=
ac_cv_env_AR_FOR_TARGET_value=
ac_cv_env_AR_set=
ac_cv_env_AR_value=
ac_cv_env_AS_FOR_TARGET_set=
ac_cv_env_AS_FOR_TARGET_value=
ac_cv_env_AS_set=
ac_cv_env_AS_value=
ac_cv_env_CCC_set=
ac_cv_env_CCC_value=
ac_cv_env_CC_FOR_TARGET_set=
ac_cv_env_CC_FOR_TARGET_value=
ac_cv_env_CC_set=
ac_cv_env_CC_value=
ac_cv_env_CFLAGS_set=
ac_cv_env_CFLAGS_value=
ac_cv_env_CPPFLAGS_set=
ac_cv_env_CPPFLAGS_value=
ac_cv_env_CPP_set=
ac_cv_env_CPP_value=
ac_cv_env_CXXFLAGS_set=
ac_cv_env_CXXFLAGS_value=
ac_cv_env_CXX_FOR_TARGET_set=
ac_cv_env_CXX_FOR_TARGET_value=
ac_cv_env_CXX_set=
ac_cv_env_CXX_value=
ac_cv_env_DLLTOOL_FOR_TARGET_set=
ac_cv_env_DLLTOOL_FOR_TARGET_value=
ac_cv_env_DLLTOOL_set=
ac_cv_env_DLLTOOL_value=
ac_cv_env_GCC_FOR_TARGET_set=
ac_cv_env_GCC_FOR_TARGET_value=
ac_cv_env_GCJ_FOR_TARGET_set=
ac_cv_env_GCJ_FOR_TARGET_value=
ac_cv_env_GFORTRAN_FOR_TARGET_set=
ac_cv_env_GFORTRAN_FOR_TARGET_value=
ac_cv_env_LDFLAGS_set=
ac_cv_env_LDFLAGS_value=
ac_cv_env_LD_FOR_TARGET_set=
ac_cv_env_LD_FOR_TARGET_value=
ac_cv_env_LD_set=
ac_cv_env_LD_value=
ac_cv_env_LIBS_set=
ac_cv_env_LIBS_value=
ac_cv_env_LIPO_FOR_TARGET_set=
ac_cv_env_LIPO_FOR_TARGET_value=
ac_cv_env_LIPO_set=
ac_cv_env_LIPO_value=
ac_cv_env_NM_FOR_TARGET_set=
ac_cv_env_NM_FOR_TARGET_value=
ac_cv_env_NM_set=
ac_cv_env_NM_value=
ac_cv_env_OBJCOPY_set=
ac_cv_env_OBJCOPY_value=
ac_cv_env_OBJDUMP_FOR_TARGET_set=
ac_cv_env_OBJDUMP_FOR_TARGET_value=
ac_cv_env_OBJDUMP_set=
ac_cv_env_OBJDUMP_value=
ac_cv_env_RANLIB_FOR_TARGET_set=
ac_cv_env_RANLIB_FOR_TARGET_value=
ac_cv_env_RANLIB_set=
ac_cv_env_RANLIB_value=
ac_cv_env_STRIP_FOR_TARGET_set=
ac_cv_env_STRIP_FOR_TARGET_value=
ac_cv_env_STRIP_set=
ac_cv_env_STRIP_value=
ac_cv_env_WINDMC_FOR_TARGET_set=
ac_cv_env_WINDMC_FOR_TARGET_value=
ac_cv_env_WINDMC_set=
ac_cv_env_WINDMC_value=
ac_cv_env_WINDRES_FOR_TARGET_set=
ac_cv_env_WINDRES_FOR_TARGET_value=
ac_cv_env_WINDRES_set=
ac_cv_env_WINDRES_value=
ac_cv_env_build_alias_set=
ac_cv_env_build_alias_value=
ac_cv_env_host_alias_set=
ac_cv_env_host_alias_value=
ac_cv_env_target_alias_set=set
ac_cv_env_target_alias_value=lm32-elf
ac_cv_header_gelf_h=no
ac_cv_header_inttypes_h=yes
ac_cv_header_libelf_gelf_h=no
ac_cv_header_libelf_h=no
ac_cv_header_libelf_libelf_h=no
ac_cv_header_memory_h=yes
ac_cv_header_stdc=yes
ac_cv_header_stdint_h=yes
ac_cv_header_stdlib_h=yes
ac_cv_header_string_h=yes
ac_cv_header_strings_h=yes
ac_cv_header_sys_stat_h=yes
ac_cv_header_sys_types_h=yes
ac_cv_header_unistd_h=yes
ac_cv_host=x86_64-unknown-linux-gnu
ac_cv_objext=o
ac_cv_path_EGREP='/bin/grep -E'
ac_cv_path_GREP=/bin/grep
ac_cv_path_SED=/bin/sed
ac_cv_path_install='/usr/bin/install -c'
ac_cv_prog_AR=ar
ac_cv_prog_AS=as
ac_cv_prog_AWK=gawk
ac_cv_prog_BISON=bison
ac_cv_prog_CPP='gcc -E'
ac_cv_prog_FLEX=flex
ac_cv_prog_LD=ld
ac_cv_prog_LEX=flex
ac_cv_prog_M4=m4
ac_cv_prog_MAKEINFO=makeinfo
ac_cv_prog_NM=nm
ac_cv_prog_OBJCOPY=objcopy
ac_cv_prog_OBJDUMP=objdump
ac_cv_prog_RANLIB=ranlib
ac_cv_prog_STRIP=strip
ac_cv_prog_YACC='bison -y'
ac_cv_prog_ac_ct_CC=gcc
ac_cv_prog_ac_ct_CXX=g++
ac_cv_prog_cc_c89=
ac_cv_prog_cc_g=yes
ac_cv_prog_cxx_g=yes
ac_cv_target=lm32-unknown-elf
acx_cv_cc_gcc_supports_ada=no
acx_cv_prog_LN=ln
gcc_cv_prog_cmp_skip='cmp --ignore-initial=16 $$f1 $$f2'
gcc_cv_tool_dirs=/usr/mico32/libexec/gcc/lm32-elf/4.5.3:/usr/mico32/libexec/gcc/lm32-elf:/usr/lib/gcc/lm32-elf/4.5.3:/usr/lib/gcc/lm32-elf:/usr/mico32/lm32-elf/bin/lm32-elf/4.5.3:/usr/mico32/lm32-elf/bin:
gcc_cv_tool_prefix=/usr/mico32
lt_cv_objdir=.libs

## ----------------- ##
## Output variables. ##
## ----------------- ##

AR='ar'
AR_FOR_BUILD='$(AR)'
AR_FOR_TARGET='$$r/$(HOST_SUBDIR)/binutils/ar'
AS='as'
AS_FOR_BUILD='$(AS)'
AS_FOR_TARGET='$$r/$(HOST_SUBDIR)/gas/as-new'
AWK='gawk'
BISON='bison'
BUILD_CONFIG=''
CC='gcc'
CC_FOR_BUILD='$(CC)'
CC_FOR_TARGET='$$r/$(HOST_SUBDIR)/gcc/xgcc -B$$r/$(HOST_SUBDIR)/gcc/'
CFLAGS='-g -O2'
CFLAGS_FOR_BUILD='-g -O2'
CFLAGS_FOR_TARGET='-g -O2'
COMPILER_AS_FOR_TARGET='$$r/$(HOST_SUBDIR)/gcc/as'
COMPILER_LD_FOR_TARGET='$$r/$(HOST_SUBDIR)/gcc/collect-ld'
COMPILER_NM_FOR_TARGET='$$r/$(HOST_SUBDIR)/gcc/nm'
CONFIGURE_GDB_TK=''
CPP='gcc -E'
CPPFLAGS=''
CXX='g++'
CXXFLAGS='-g -O2'
CXXFLAGS_FOR_BUILD='-g -O2'
CXXFLAGS_FOR_TARGET='-g -O2'
CXX_FOR_BUILD='$(CXX)'
CXX_FOR_TARGET='lm32-elf-c++'
DEBUG_PREFIX_CFLAGS_FOR_TARGET=''
DEFS='-DPACKAGE_NAME=\"\" -DPACKAGE_TARNAME=\"\" -DPACKAGE_VERSION=\"\" -DPACKAGE_STRING=\"\" -DPACKAGE_BUGREPORT=\"\" -DPACKAGE_URL=\"\" -DLT_OBJDIR=\".libs/\" -DSTDC_HEADERS=1 -DHAVE_SYS_TYPES_H=1 -DHAVE_SYS_STAT_H=1 -DHAVE_STDLIB_H=1 -DHAVE_STRING_H=1 -DHAVE_MEMORY_H=1 -DHAVE_STRINGS_H=1 -DHAVE_INTTYPES_H=1 -DHAVE_STDINT_H=1 -DHAVE_UNISTD_H=1'
DLLTOOL='dlltool'
DLLTOOL_FOR_BUILD='$(DLLTOOL)'
DLLTOOL_FOR_TARGET='$$r/$(HOST_SUBDIR)/binutils/dlltool'
ECHO_C=''
ECHO_N='-n'
ECHO_T=''
EGREP='/bin/grep -E'
EXEEXT=''
EXPECT='expect'
FLAGS_FOR_TARGET=' -B$(build_tooldir)/bin/ -B$(build_tooldir)/lib/ -isystem $(build_tooldir)/include -isystem $(build_tooldir)/sys-include -L$$r/$(HOST_SUBDIR)/ld'
FLEX='flex'
GCC_FOR_TARGET='$$r/$(HOST_SUBDIR)/gcc/xgcc -B$$r/$(HOST_SUBDIR)/gcc/'
GCC_SHLIB_SUBDIR=''
GCJ_FOR_BUILD='$(GCJ)'
GCJ_FOR_TARGET='lm32-elf-gcj'
GDB_TK=''
GFORTRAN_FOR_BUILD='$(GFORTRAN)'
GFORTRAN_FOR_TARGET='lm32-elf-gfortran'
GNATBIND='no'
GNATMAKE='no'
GREP='/bin/grep'
INSTALL_DATA='${INSTALL} -m 644'
INSTALL_GDB_TK=''
INSTALL_PROGRAM='${INSTALL}'
INSTALL_SCRIPT='${INSTALL}'
LD='ld'
LDFLAGS=''
LDFLAGS_FOR_BUILD=''
LD_FOR_BUILD='$(LD)'
LD_FOR_TARGET='$$r/$(HOST_SUBDIR)/ld/ld-new'
LEX='flex'
LIBOBJS=''
LIBS=''
LIPO='lipo'
LIPO_FOR_TARGET='lm32-elf-lipo'
LN='ln'
LN_S='ln -s'
LTLIBOBJS=''
M4='m4'
MAINT='#'
MAINTAINER_MODE_FALSE=''
MAINTAINER_MODE_TRUE='#'
MAKEINFO='makeinfo'
NM='nm'
NM_FOR_BUILD='$(NM)'
NM_FOR_TARGET='$$r/$(HOST_SUBDIR)/binutils/nm-new'
OBJCOPY='objcopy'
OBJDUMP='objdump'
OBJDUMP_FOR_TARGET='$$r/$(HOST_SUBDIR)/binutils/objdump'
OBJEXT='o'
PACKAGE_BUGREPORT=''
PACKAGE_NAME=''
PACKAGE_STRING=''
PACKAGE_TARNAME=''
PACKAGE_URL=''
PACKAGE_VERSION=''
PATH_SEPARATOR=':'
RANLIB='ranlib'
RANLIB_FOR_BUILD='$(RANLIB)'
RANLIB_FOR_TARGET='$$r/$(HOST_SUBDIR)/binutils/ranlib'
RAW_CXX_FOR_TARGET='lm32-elf-c++'
RPATH_ENVVAR='LD_LIBRARY_PATH'
RUNTEST='runtest'
SED='/bin/sed'
SHELL='/bin/bash'
STRIP='strip'
STRIP_FOR_TARGET='$$r/$(HOST_SUBDIR)/binutils/strip'
SYSROOT_CFLAGS_FOR_TARGET=''
TOPLEVEL_CONFIGURE_ARGUMENTS='../src/gcc-4.5.3/configure --prefix=/usr/mico32 --enable-languages=c --target=lm32-elf --disable-libssp --disable-libgcc'
WINDMC='windmc'
WINDMC_FOR_BUILD='$(WINDMC)'
WINDMC_FOR_TARGET='$$r/$(HOST_SUBDIR)/binutils/windmc'
WINDRES='windres'
WINDRES_FOR_BUILD='$(WINDRES)'
WINDRES_FOR_TARGET='$$r/$(HOST_SUBDIR)/binutils/windres'
YACC='bison -y'
ac_ct_CC='gcc'
ac_ct_CXX='g++'
bindir='${exec_prefix}/bin'
build='x86_64-unknown-linux-gnu'
build_alias=''
build_configargs='--cache-file=../config.cache '\''--prefix=/usr/mico32'\'' '\''--disable-libssp'\'' '\''--disable-libgcc'\'' '\''--enable-languages=c'\'' --program-transform-name='\''s&^&lm32-elf-&'\'' --disable-option-checking'
build_configdirs=' libiberty fixincludes'
build_cpu='x86_64'
build_libsubdir='build-x86_64-unknown-linux-gnu'
build_noncanonical='x86_64-unknown-linux-gnu'
build_os='linux-gnu'
build_subdir='build-x86_64-unknown-linux-gnu'
build_tooldir='${exec_prefix}/lm32-elf'
build_vendor='unknown'
clooginc=''
clooglibs=''
compare_exclusions='gcc/cc*-checksum$(objext) | gcc/ada/*tools/*'
config_shell='/bin/bash'
configdirs=' intl libiberty opcodes bfd zlib libcpp libdecnumber gmp mpfr mpc binutils gas ld fixincludes gcc gdb gprof'
datadir='${datarootdir}'
datarootdir='${prefix}/share'
do_compare='cmp --ignore-initial=16 $$f1 $$f2'
docdir='${datarootdir}/doc/${PACKAGE}'
dvidir='${docdir}'
exec_prefix='${prefix}'
extra_host_libiberty_configure_flags=''
extra_mpc_gmp_configure_flags='--with-gmp-include=$$r/$(HOST_SUBDIR)/gmp --with-gmp-lib=$$r/$(HOST_SUBDIR)/gmp/.libs'
extra_mpc_mpfr_configure_flags='--with-mpfr-include=$$s/mpfr --with-mpfr-lib=$$r/$(HOST_SUBDIR)/mpfr/.libs'
extra_mpfr_configure_flags='--with-gmp-include=$$r/$(HOST_SUBDIR)/gmp --with-gmp-lib=$$r/$(HOST_SUBDIR)/gmp/.libs'
gmpinc='-I$$r/$(HOST_SUBDIR)/gmp -I$$s/gmp -I$$r/$(HOST_SUBDIR)/mpfr -I$$s/mpfr -I$$s/mpc/src '
gmplibs='-L$$r/$(HOST_SUBDIR)/gmp/.libs -L$$r/$(HOST_SUBDIR)/mpfr/.libs -L$$r/$(HOST_SUBDIR)/mpc/src/.libs -lmpc -lmpfr -lgmp'
host='x86_64-unknown-linux-gnu'
host_alias=''
host_configargs='--cache-file=./config.cache  --with-gnu-as --with-gnu-ld '\''--prefix=/usr/mico32'\'' '\''--disable-libssp'\'' '\''--disable-libgcc'\'' '\''--enable-languages=c'\'' --program-transform-name='\''s&^&lm32-elf-&'\'' --disable-option-checking'
host_cpu='x86_64'
host_noncanonical='x86_64-unknown-linux-gnu'
host_os='linux-gnu'
host_subdir='.'
host_vendor='unknown'
htmldir='${docdir}'
includedir='${prefix}/include'
infodir='${datarootdir}/info'
libdir='${exec_prefix}/lib'
libelfinc=''
libelflibs=''
libexecdir='${exec_prefix}/libexec'
localedir='${datarootdir}/locale'
localstatedir='${prefix}/var'
mandir='${datarootdir}/man'
oldincludedir='/usr/include'
pdfdir='${docdir}'
poststage1_ldflags=''
poststage1_libs=''
pplinc=''
ppllibs=''
prefix='/usr/mico32'
program_transform_name='s&^&lm32-elf-&'
psdir='${docdir}'
sbindir='${exec_prefix}/sbin'
sharedstatedir='${prefix}/com'
stage1_cflags='-g -fkeep-inline-functions'
stage1_checking='--enable-checking=yes,types'
stage1_languages='c'
stage1_ldflags=''
stage1_libs=''
stage2_werror_flag=''
sysconfdir='${prefix}/etc'
target='lm32-unknown-elf'
target_alias='lm32-elf'
target_configargs='--cache-file=./config.cache --enable-multilib --with-cross-host=x86_64-unknown-linux-gnu '\''--prefix=/usr/mico32'\'' '\''--disable-libssp'\'' '\''--disable-libgcc'\'' '\''--enable-languages=c'\'' --program-transform-name='\''s&^&lm32-elf-&'\'' --disable-option-checking'
target_configdirs=''
target_cpu='lm32'
target_noncanonical='lm32-elf'
target_os='elf'
target_subdir='lm32-elf'
target_vendor='unknown'
tooldir='${exec_prefix}/lm32-elf'

## ------------------- ##
## File substitutions. ##
## ------------------- ##

alphaieee_frag='/dev/null'
host_makefile_frag='/dev/null'
ospace_frag='/dev/null'
serialization_dependencies='serdep.tmp'
target_makefile_frag='/dev/null'

## ----------- ##
## confdefs.h. ##
## ----------- ##

/* confdefs.h */
#define PACKAGE_NAME ""
#define PACKAGE_TARNAME ""
#define PACKAGE_VERSION ""
#define PACKAGE_STRING ""
#define PACKAGE_BUGREPORT ""
#define PACKAGE_URL ""
#define LT_OBJDIR ".libs/"
#define STDC_HEADERS 1
#define HAVE_SYS_TYPES_H 1
#define HAVE_SYS_STAT_H 1
#define HAVE_STDLIB_H 1
#define HAVE_STRING_H 1
#define HAVE_MEMORY_H 1
#define HAVE_STRINGS_H 1
#define HAVE_INTTYPES_H 1
#define HAVE_STDINT_H 1
#define HAVE_UNISTD_H 1

configure: exit 0
