This file contains any messages produced by compilers while
running configure, to aid debugging if configure makes a mistake.

It was created by configure, which was
generated by GNU Autoconf 2.64.  Invocation command line was

  $ /home/matt/Documents/Studies/4IRT/insasheep_the_dark_side/lm32-gcc/src/gcc-4.5.3/gdb/gdb/configure --cache-file=./config.cache --with-system-zlib --with-gnu-as --with-gnu-ld --prefix=/usr/mico32 --disable-libssp --disable-libgcc --enable-languages=c --disable-option-checking --program-transform-name=s&^&lm32-elf-& --disable-option-checking --build=x86_64-unknown-linux-gnu --host=x86_64-unknown-linux-gnu --target=lm32-elf --srcdir=../../../src/gcc-4.5.3/gdb/gdb

## --------- ##
## Platform. ##
## --------- ##

hostname = matt-laptop
uname -m = x86_64
uname -r = 3.8.0-19-generic
uname -s = Linux
uname -v = #29-Ubuntu SMP Wed Apr 17 18:16:28 UTC 2013

/usr/bin/uname -p = unknown
/bin/uname -X     = unknown

/bin/arch              = unknown
/usr/bin/arch -k       = unknown
/usr/convex/getsysinfo = unknown
/usr/bin/hostinfo      = unknown
/bin/machine           = unknown
/usr/bin/oslevel       = unknown
/bin/universe          = unknown

PATH: /usr/local/sbin
PATH: /usr/local/bin
PATH: /usr/sbin
PATH: /usr/bin
PATH: /sbin
PATH: /bin


## ----------- ##
## Core tests. ##
## ----------- ##

configure:2722: loading cache ./config.cache
configure:2816: checking whether to enable maintainer-specific portions of Makefiles
configure:2825: result: no
configure:2847: checking for x86_64-unknown-linux-gnu-gcc
configure:2874: result: gcc
configure:3143: checking for C compiler version
configure:3152: gcc --version >&5
gcc (Ubuntu/Linaro 4.7.3-1ubuntu1) 4.7.3
Copyright (C) 2012 Free Software Foundation, Inc.
This is free software; see the source for copying conditions.  There is NO
warranty; not even for MERCHANTABILITY or FITNESS FOR A PARTICULAR PURPOSE.

configure:3163: $? = 0
configure:3152: gcc -v >&5
Using built-in specs.
COLLECT_GCC=gcc
COLLECT_LTO_WRAPPER=/usr/lib/gcc/x86_64-linux-gnu/4.7/lto-wrapper
Target: x86_64-linux-gnu
Configured with: ../src/configure -v --with-pkgversion='Ubuntu/Linaro 4.7.3-1ubuntu1' --with-bugurl=file:///usr/share/doc/gcc-4.7/README.Bugs --enable-languages=c,c++,go,fortran,objc,obj-c++ --prefix=/usr --program-suffix=-4.7 --enable-shared --enable-linker-build-id --libexecdir=/usr/lib --without-included-gettext --enable-threads=posix --with-gxx-include-dir=/usr/include/c++/4.7 --libdir=/usr/lib --enable-nls --with-sysroot=/ --enable-clocale=gnu --enable-libstdcxx-debug --enable-libstdcxx-time=yes --enable-gnu-unique-object --enable-plugin --with-system-zlib --enable-objc-gc --with-cloog --enable-cloog-backend=ppl --disable-cloog-version-check --disable-ppl-version-check --enable-multiarch --disable-werror --with-arch-32=i686 --with-abi=m64 --with-multilib-list=m32,m64,mx32 --with-tune=generic --enable-checking=release --build=x86_64-linux-gnu --host=x86_64-linux-gnu --target=x86_64-linux-gnu
Thread model: posix
gcc version 4.7.3 (Ubuntu/Linaro 4.7.3-1ubuntu1) 
configure:3163: $? = 0
configure:3152: gcc -V >&5
gcc: error: unrecognized command line option '-V'
gcc: fatal error: no input files
compilation terminated.
configure:3163: $? = 4
configure:3152: gcc -qversion >&5
gcc: error: unrecognized command line option '-qversion'
gcc: fatal error: no input files
compilation terminated.
configure:3163: $? = 4
configure:3183: checking for C compiler default output file name
configure:3205: gcc -g -O2    conftest.c  >&5
configure:3209: $? = 0
configure:3246: result: a.out
configure:3262: checking whether the C compiler works
configure:3271: ./a.out
configure:3275: $? = 0
configure:3290: result: yes
configure:3297: checking whether we are cross compiling
configure:3299: result: no
configure:3302: checking for suffix of executables
configure:3309: gcc -o conftest -g -O2    conftest.c  >&5
configure:3313: $? = 0
configure:3335: result: 
configure:3341: checking for suffix of object files
configure:3388: result: o
configure:3392: checking whether we are using the GNU C compiler
configure:3420: result: yes
configure:3429: checking whether gcc accepts -g
configure:3490: result: yes
configure:3507: checking for gcc option to accept ISO C89
configure:3584: result: none needed
configure:3631: checking build system type
configure:3645: result: x86_64-unknown-linux-gnu
configure:3665: checking host system type
configure:3678: result: x86_64-unknown-linux-gnu
configure:3704: checking how to run the C preprocessor
configure:3774: result: gcc -E
configure:3794: gcc -E  conftest.c
configure:3794: $? = 0
configure:3808: gcc -E  conftest.c
conftest.c:9:28: fatal error: ac_nonexistent.h: No such file or directory
compilation terminated.
configure:3808: $? = 1
configure: failed program was:
| /* confdefs.h */
| #define PACKAGE_NAME ""
| #define PACKAGE_TARNAME ""
| #define PACKAGE_VERSION ""
| #define PACKAGE_STRING ""
| #define PACKAGE_BUGREPORT ""
| #define PACKAGE_URL ""
| /* end confdefs.h.  */
| #include <ac_nonexistent.h>
configure:3837: checking for grep that handles long lines and -e
configure:3895: result: /bin/grep
configure:3900: checking for egrep
configure:3962: result: /bin/grep -E
configure:3967: checking for ANSI C header files
configure:4071: result: yes
configure:4084: checking for sys/types.h
configure:4084: result: yes
configure:4084: checking for sys/stat.h
configure:4084: result: yes
configure:4084: checking for stdlib.h
configure:4084: result: yes
configure:4084: checking for string.h
configure:4084: result: yes
configure:4084: checking for memory.h
configure:4084: result: yes
configure:4084: checking for strings.h
configure:4084: result: yes
configure:4084: checking for inttypes.h
configure:4084: result: yes
configure:4084: checking for stdint.h
configure:4084: result: yes
configure:4084: checking for unistd.h
configure:4084: result: yes
configure:4100: checking for minix/config.h
configure:4100: result: no
configure:4129: checking whether it is safe to define __EXTENSIONS__
configure:4154: result: yes
configure:4171: checking for x86_64-unknown-linux-gnu-ranlib
configure:4198: result: ranlib
configure:4283: checking target system type
configure:4296: result: lm32-unknown-elf
configure:4365: checking for special C compiler options needed for large files
configure:4410: result: no
configure:4416: checking for _FILE_OFFSET_BITS value needed for large files
configure:4473: result: no
configure:4560: checking for gcc option to accept ANSI C
configure:4628: result: none needed
configure:4683: checking dependency style of gcc
configure:4768: result: gcc3
configure:4782: checking for make
configure:4809: result: make
configure:4834: checking whether make sets $(MAKE)
configure:4856: result: yes
configure:4890: checking whether NLS is requested
configure:4896: result: yes
configure:4902: checking for catalogs to be installed
configure:4934: result: 
configure:4972: checking for sys/mman.h
configure:4972: result: yes
configure:4972: checking for stddef.h
configure:4972: result: yes
configure:4972: checking for stdint.h
configure:4972: result: yes
configure:4972: checking for wchar.h
configure:4972: result: yes
configure:4972: checking for string.h
configure:4972: result: yes
configure:4994: checking for mprotect
configure:4994: result: yes
configure:4994: checking for memchr
configure:4994: result: yes
configure:5090: checking for mmap
configure:5090: result: yes
configure:5101: checking for MAP_ANONYMOUS
configure:5138: result: yes
configure:5178: checking whether memchr works
configure:5248: result: yes
configure:5284: checking whether memmem is declared
configure:5284: result: yes
configure:5310: checking for memmem
configure:5310: result: yes
configure:5346: gcc -c -g -O2  conftest.c >&5
conftest.c:36:10: error: unknown type name 'not'
conftest.c:36:16: error: expected '=', ',', ';', 'asm' or '__attribute__' before 'universal'
conftest.c:36:16: error: unknown type name 'universal'
configure:5346: $? = 1
configure: failed program was:
| /* confdefs.h */
| #define PACKAGE_NAME ""
| #define PACKAGE_TARNAME ""
| #define PACKAGE_VERSION ""
| #define PACKAGE_STRING ""
| #define PACKAGE_BUGREPORT ""
| #define PACKAGE_URL ""
| #define STDC_HEADERS 1
| #define HAVE_SYS_TYPES_H 1
| #define HAVE_SYS_STAT_H 1
| #define HAVE_STDLIB_H 1
| #define HAVE_STRING_H 1
| #define HAVE_MEMORY_H 1
| #define HAVE_STRINGS_H 1
| #define HAVE_INTTYPES_H 1
| #define HAVE_STDINT_H 1
| #define HAVE_UNISTD_H 1
| #define __EXTENSIONS__ 1
| #define _ALL_SOURCE 1
| #define _GNU_SOURCE 1
| #define _POSIX_PTHREAD_SEMANTICS 1
| #define _TANDEM_SOURCE 1
| #define ENABLE_NLS 1
| #define HAVE_SYS_MMAN_H 1
| #define HAVE_STDDEF_H 1
| #define HAVE_STDINT_H 1
| #define HAVE_WCHAR_H 1
| #define HAVE_STRING_H 1
| #define HAVE_MPROTECT 1
| #define HAVE_MEMCHR 1
| #define HAVE_MAP_ANONYMOUS 1
| #define HAVE_DECL_MEMMEM 1
| #define HAVE_MEMMEM 1
| /* end confdefs.h.  */
| #ifndef __APPLE_CC__
|          not a universal capable compiler
|         #endif
|         typedef int dummy;
| 
configure:5387: checking for wchar_t
configure:5411: result: yes
configure:5421: checking whether the preprocessor supports include_next
configure:5480: result: yes
configure:5508: checking for long long int
configure:5590: result: yes
configure:5599: checking for unsigned long long int
configure:5644: result: yes
configure:5662: checking for C/C++ restrict keyword
configure:5695: result: __restrict
configure:5779: checking whether memmem is declared without a macro
configure:5805: result: yes
configure:5779: checking whether mempcpy is declared without a macro
configure:5805: result: yes
configure:5779: checking whether memrchr is declared without a macro
configure:5805: result: yes
configure:5779: checking whether rawmemchr is declared without a macro
configure:5805: result: yes
configure:5779: checking whether stpcpy is declared without a macro
configure:5805: result: yes
configure:5779: checking whether stpncpy is declared without a macro
configure:5805: result: yes
configure:5779: checking whether strchrnul is declared without a macro
configure:5805: result: yes
configure:5779: checking whether strdup is declared without a macro
configure:5805: result: yes
configure:5779: checking whether strncat is declared without a macro
configure:5805: result: yes
configure:5779: checking whether strndup is declared without a macro
configure:5805: result: yes
configure:5779: checking whether strnlen is declared without a macro
configure:5805: result: yes
configure:5779: checking whether strpbrk is declared without a macro
configure:5805: result: yes
configure:5779: checking whether strsep is declared without a macro
configure:5805: result: yes
configure:5779: checking whether strcasestr is declared without a macro
configure:5805: result: yes
configure:5779: checking whether strtok_r is declared without a macro
configure:5805: result: yes
configure:5779: checking whether strsignal is declared without a macro
configure:5805: result: yes
configure:5779: checking whether strverscmp is declared without a macro
configure:5805: result: yes
configure:5855: checking whether <wchar.h> uses 'inline' correctly
configure:5900: result: yes
configure:5915: checking for wint_t
configure:5947: result: yes
configure:5999: checking whether memmem works in linear time
configure:6077: result: yes
configure:6109: checking for memmem
configure:6109: result: yes
configure:6156: checking whether NULL can be used in arbitrary expressions
configure:6181: result: yes
configure:6348: checking whether stdint.h conforms to C99
configure:6611: result: yes
configure:7044: checking whether btowc is declared without a macro
configure:7077: result: yes
configure:7044: checking whether wctob is declared without a macro
configure:7077: result: yes
configure:7044: checking whether mbsinit is declared without a macro
configure:7077: result: yes
configure:7044: checking whether mbrtowc is declared without a macro
configure:7077: result: yes
configure:7044: checking whether mbrlen is declared without a macro
configure:7077: result: yes
configure:7044: checking whether mbsrtowcs is declared without a macro
configure:7077: result: yes
configure:7044: checking whether mbsnrtowcs is declared without a macro
configure:7077: result: yes
configure:7044: checking whether wcrtomb is declared without a macro
configure:7077: result: yes
configure:7044: checking whether wcsrtombs is declared without a macro
configure:7077: result: yes
configure:7044: checking whether wcsnrtombs is declared without a macro
configure:7077: result: yes
configure:7044: checking whether wcwidth is declared without a macro
configure:7077: result: yes
configure:7164: checking for a BSD-compatible install
configure:7232: result: /usr/bin/install -c
configure:7243: checking whether build environment is sane
configure:7293: result: yes
configure:7434: checking for a thread-safe mkdir -p
configure:7473: result: /bin/mkdir -p
configure:7487: checking for gawk
configure:7514: result: gawk
configure:7535: checking for style of include used by make
configure:7563: result: GNU
configure:7639: checking dependency style of gcc
configure:7749: result: gcc3
configure:8151: checking for libunwind.h
configure:8151: result: no
configure:8151: checking for libunwind-ia64.h
configure:8151: result: no
configure:8222: checking for monstartup
configure:8222: result: yes
configure:8222: checking for _mcleanup
configure:8222: result: yes
configure:8232: checking for _etext
configure:8258: result: yes
configure:8265: checking for etext
configure:8291: result: yes
configure:8403: checking for gawk
configure:8430: result: gawk
configure:8442: checking whether ln -s works
configure:8446: result: yes
configure:8456: checking for x86_64-unknown-linux-gnu-ranlib
configure:8483: result: ranlib
configure:8549: checking for bison
configure:8576: result: bison -y
configure:8592: checking for x86_64-unknown-linux-gnu-ar
configure:8619: result: ar
configure:8684: checking for x86_64-unknown-linux-gnu-dlltool
configure:8711: result: dlltool
configure:8776: checking for x86_64-unknown-linux-gnu-windres
configure:8803: result: windres
configure:8870: checking for x86_64-unknown-linux-gnu-mig
configure:8900: result: no
configure:8910: checking for mig
configure:8940: result: no
configure:8965: checking for main in -lm
configure:8993: result: yes
configure:9009: checking for wctype
configure:9009: result: yes
configure:9062: checking for library containing gethostbyname
configure:9110: result: none required
configure:9120: checking for library containing socketpair
configure:9168: result: none required
configure:9190: checking for library containing zlibVersion
configure:9238: result: -lz
configure:9245: checking for zlib.h
configure:9245: result: yes
configure:9264: checking for library containing dlgetmodinfo
configure:9312: result: no
configure:9338: checking for iconv
configure:9445: result: yes
configure:9469: checking for iconv declaration
configure:9509: result: install-shextern size_t iconv (iconv_t cd, char * *inbuf, size_t *inbytesleft, char * *outbuf, size_t *outbytesleft);
configure:9561: checking for library containing waddstr
configure:9609: result: -lncurses
configure:9667: checking for library containing tgetent
configure:9715: result: none required
configure:9789: checking whether to use expat
configure:9791: result: auto
configure:9839: checking for ld used by GCC
configure:9902: result: ld
configure:9909: checking if the linker (ld) is GNU ld
configure:9921: result: yes
configure:9927: checking for shared library run path origin
configure:9940: result: done
configure:10367: checking for libexpat
configure:10396: result: yes
configure:10403: checking how to link with libexpat
configure:10405: result: -lexpat
configure:10431: checking for XML_StopParser
configure:10431: result: yes
configure:10456: checking whether to use python
configure:10458: result: auto
configure:10500: checking for python
configure:10531: result: /usr/bin/python
configure:10664: checking for python2.7
configure:10682: gcc -o conftest -g -O2   -I/usr/include -I/usr/include    conftest.c -lncurses -lz -lm    -lpthread -ldl -lutil -lm -lpython2.7 >&5
conftest.c:90:30: fatal error: python2.7/Python.h: No such file or directory
compilation terminated.
configure:10682: $? = 1
configure: failed program was:
| /* confdefs.h */
| #define PACKAGE_NAME ""
| #define PACKAGE_TARNAME ""
| #define PACKAGE_VERSION ""
| #define PACKAGE_STRING ""
| #define PACKAGE_BUGREPORT ""
| #define PACKAGE_URL ""
| #define STDC_HEADERS 1
| #define HAVE_SYS_TYPES_H 1
| #define HAVE_SYS_STAT_H 1
| #define HAVE_STDLIB_H 1
| #define HAVE_STRING_H 1
| #define HAVE_MEMORY_H 1
| #define HAVE_STRINGS_H 1
| #define HAVE_INTTYPES_H 1
| #define HAVE_STDINT_H 1
| #define HAVE_UNISTD_H 1
| #define __EXTENSIONS__ 1
| #define _ALL_SOURCE 1
| #define _GNU_SOURCE 1
| #define _POSIX_PTHREAD_SEMANTICS 1
| #define _TANDEM_SOURCE 1
| #define ENABLE_NLS 1
| #define HAVE_SYS_MMAN_H 1
| #define HAVE_STDDEF_H 1
| #define HAVE_STDINT_H 1
| #define HAVE_WCHAR_H 1
| #define HAVE_STRING_H 1
| #define HAVE_MPROTECT 1
| #define HAVE_MEMCHR 1
| #define HAVE_MAP_ANONYMOUS 1
| #define HAVE_DECL_MEMMEM 1
| #define HAVE_MEMMEM 1
| #define HAVE_WCHAR_T 1
| #define HAVE_LONG_LONG_INT 1
| #define HAVE_UNSIGNED_LONG_LONG_INT 1
| #define restrict __restrict
| #define HAVE_RAW_DECL_MEMMEM 1
| #define HAVE_RAW_DECL_MEMPCPY 1
| #define HAVE_RAW_DECL_MEMRCHR 1
| #define HAVE_RAW_DECL_RAWMEMCHR 1
| #define HAVE_RAW_DECL_STPCPY 1
| #define HAVE_RAW_DECL_STPNCPY 1
| #define HAVE_RAW_DECL_STRCHRNUL 1
| #define HAVE_RAW_DECL_STRDUP 1
| #define HAVE_RAW_DECL_STRNCAT 1
| #define HAVE_RAW_DECL_STRNDUP 1
| #define HAVE_RAW_DECL_STRNLEN 1
| #define HAVE_RAW_DECL_STRPBRK 1
| #define HAVE_RAW_DECL_STRSEP 1
| #define HAVE_RAW_DECL_STRCASESTR 1
| #define HAVE_RAW_DECL_STRTOK_R 1
| #define HAVE_RAW_DECL_STRSIGNAL 1
| #define HAVE_RAW_DECL_STRVERSCMP 1
| #define HAVE_WINT_T 1
| #define GNULIB_TEST_MEMCHR 1
| #define HAVE_MEMMEM 1
| #define GNULIB_TEST_MEMMEM 1
| #define HAVE_RAW_DECL_BTOWC 1
| #define HAVE_RAW_DECL_WCTOB 1
| #define HAVE_RAW_DECL_MBSINIT 1
| #define HAVE_RAW_DECL_MBRTOWC 1
| #define HAVE_RAW_DECL_MBRLEN 1
| #define HAVE_RAW_DECL_MBSRTOWCS 1
| #define HAVE_RAW_DECL_MBSNRTOWCS 1
| #define HAVE_RAW_DECL_WCRTOMB 1
| #define HAVE_RAW_DECL_WCSRTOMBS 1
| #define HAVE_RAW_DECL_WCSNRTOMBS 1
| #define HAVE_RAW_DECL_WCWIDTH 1
| #define PACKAGE "gdb"
| #define DEBUGDIR "/usr/mico32/lib/debug"
| #define DEBUGDIR_RELOCATABLE 1
| #define GDB_DATADIR "/usr/mico32/share/gdb"
| #define GDB_DATADIR_RELOCATABLE 1
| #define DEFAULT_BFD_ARCH bfd_lm32_arch
| #define DEFAULT_BFD_VEC bfd_elf32_lm32_vec
| #define HAVE_MONSTARTUP 1
| #define HAVE__MCLEANUP 1
| #define HAVE__ETEXT 1
| #define HAVE_ETEXT 1
| #define PKGVERSION "(GDB) "
| #define REPORT_BUGS_TO "<http://www.gnu.org/software/gdb/bugs/>"
| #define HAVE_LIBM 1
| #define HAVE_ZLIB_H 1
| #define HAVE_ICONV 1
| #define ICONV_CONST 
| #define HAVE_LIBEXPAT 1
| #define HAVE_XML_STOPPARSER 1
| /* end confdefs.h.  */
| #include "python2.7/Python.h"
| int
| main ()
| {
| Py_Initialize ();
|   ;
|   return 0;
| }
configure:10691: result: no
configure:10873: WARNING: python is missing or unusable; some features may be unavailable.
configure:10976: checking for dirent.h that defines DIR
configure:11003: result: yes
configure:11017: checking for library containing opendir
configure:11065: result: none required
configure:11132: checking whether stat file-mode macros are broken
configure:11166: result: no
configure:11174: checking for ANSI C header files
configure:11278: result: yes
configure:11299: checking for nlist.h
configure:11299: result: no
configure:11299: checking for machine/reg.h
configure:11299: result: no
configure:11299: checking for poll.h
configure:11299: result: yes
configure:11299: checking for sys/poll.h
configure:11299: result: yes
configure:11299: checking for proc_service.h
configure:11299: result: no
configure:11299: checking for thread_db.h
configure:11299: result: yes
configure:11299: checking for gnu/libc-version.h
configure:11299: result: yes
configure:11299: checking for signal.h
configure:11299: result: yes
configure:11299: checking for stddef.h
configure:11299: result: yes
configure:11299: checking for stdlib.h
configure:11299: result: yes
configure:11299: checking for string.h
configure:11299: result: yes
configure:11299: checking for memory.h
configure:11299: result: yes
configure:11299: checking for strings.h
configure:11299: result: yes
configure:11299: checking for sys/fault.h
configure:11299: result: no
configure:11299: checking for sys/file.h
configure:11299: result: yes
configure:11299: checking for sys/filio.h
configure:11299: result: no
configure:11299: checking for sys/ioctl.h
configure:11299: result: yes
configure:11299: checking for sys/param.h
configure:11299: result: yes
configure:11299: checking for sys/resource.h
configure:11299: result: yes
configure:11299: checking for sys/procfs.h
configure:11299: result: yes
configure:11299: checking for sys/ptrace.h
configure:11299: result: yes
configure:11299: checking for ptrace.h
configure:11299: result: no
configure:11299: checking for sys/reg.h
configure:11299: result: yes
configure:11299: checking for sys/debugreg.h
configure:11299: result: yes
configure:11299: checking for sys/select.h
configure:11299: result: yes
configure:11299: checking for sys/syscall.h
configure:11299: result: yes
configure:11299: checking for sys/types.h
configure:11299: result: yes
configure:11299: checking for sys/wait.h
configure:11299: result: yes
configure:11299: checking for wait.h
configure:11299: result: yes
configure:11299: checking for termios.h
configure:11299: result: yes
configure:11299: checking for termio.h
configure:11299: result: yes
configure:11299: checking for sgtty.h
configure:11299: result: yes
configure:11299: checking for unistd.h
configure:11299: result: yes
configure:11299: checking for elf_hp.h
configure:11299: result: no
configure:11299: checking for ctype.h
configure:11299: result: yes
configure:11299: checking for time.h
configure:11299: result: yes
configure:11299: checking for locale.h
configure:11299: result: yes
configure:11312: checking for link.h
configure:11312: result: yes
configure:11331: checking for sys/proc.h
configure:11331: result: no
configure:11347: checking for sys/user.h
configure:11347: result: yes
configure:11376: checking for curses.h
configure:11376: result: yes
configure:11376: checking for cursesX.h
configure:11376: result: no
configure:11376: checking for ncurses.h
configure:11376: result: yes
configure:11376: checking for ncurses/ncurses.h
configure:11376: result: no
configure:11376: checking for ncurses/term.h
configure:11376: result: no
configure:11389: checking for term.h
configure:11389: result: yes
configure:11408: checking whether free is declared
configure:11408: result: yes
configure:11418: checking whether malloc is declared
configure:11418: result: yes
configure:11428: checking whether realloc is declared
configure:11428: result: yes
configure:11438: checking whether strerror is declared
configure:11438: result: yes
configure:11448: checking whether strstr is declared
configure:11448: result: yes
configure:11458: checking whether getopt is declared
configure:11458: result: yes
configure:11468: checking whether snprintf is declared
configure:11468: result: yes
configure:11478: checking whether vsnprintf is declared
configure:11478: result: yes
configure:11490: checking for LC_MESSAGES
configure:11514: result: yes
configure:11527: checking for struct stat.st_blocks
configure:11527: result: yes
configure:11536: checking for struct stat.st_blksize
configure:11536: result: yes
configure:11551: checking return type of signal handlers
configure:11576: result: void
configure:11584: checking for socklen_t
configure:11584: result: yes
configure:11602: checking for an ANSI C-conforming const
configure:11674: result: yes
configure:11682: checking for inline
configure:11706: result: inline
configure:11724: checking whether byte ordering is bigendian
configure:11930: result: no
configure:11955: checking for working alloca.h
configure:11980: result: yes
configure:11988: checking for alloca
configure:12033: result: yes
configure:12146: checking for stdlib.h
configure:12146: result: yes
configure:12146: checking for unistd.h
configure:12146: result: yes
configure:12159: checking for getpagesize
configure:12159: result: yes
configure:12168: checking for working mmap
configure:12315: result: yes
configure:12324: checking for pid_t
configure:12324: result: yes
configure:12337: checking for vfork.h
configure:12337: result: no
configure:12350: checking for fork
configure:12350: result: yes
configure:12350: checking for vfork
configure:12350: result: yes
configure:12361: checking for working fork
configure:12393: result: yes
configure:12414: checking for working vfork
configure:12524: result: yes
configure:12556: checking for canonicalize_file_name
configure:12556: result: yes
configure:12556: checking for realpath
configure:12556: result: yes
configure:12556: checking for getrusage
configure:12556: result: yes
configure:12556: checking for getuid
configure:12556: result: yes
configure:12556: checking for getgid
configure:12556: result: yes
configure:12556: checking for pipe
configure:12556: result: yes
configure:12556: checking for poll
configure:12556: result: yes
configure:12556: checking for pread64
configure:12556: result: yes
configure:12556: checking for sbrk
configure:12556: result: yes
configure:12556: checking for setpgid
configure:12556: result: yes
configure:12556: checking for setpgrp
configure:12556: result: yes
configure:12556: checking for setsid
configure:12556: result: yes
configure:12556: checking for sigaction
configure:12556: result: yes
configure:12556: checking for sigprocmask
configure:12556: result: yes
configure:12556: checking for sigsetmask
configure:12556: result: yes
configure:12556: checking for socketpair
configure:12556: result: yes
configure:12556: checking for syscall
configure:12556: result: yes
configure:12556: checking for ttrace
configure:12556: result: no
configure:12556: checking for wborder
configure:12556: result: yes
configure:12556: checking for setlocale
configure:12556: result: yes
configure:12556: checking for iconvlist
configure:12556: result: no
configure:12556: checking for libiconvlist
configure:12556: result: no
configure:12556: checking for btowc
configure:12556: result: yes
configure:12556: checking for setrlimit
configure:12556: result: yes
configure:12556: checking for getrlimit
configure:12556: result: yes
configure:12556: checking for posix_madvise
configure:12556: result: yes
configure:12567: checking for nl_langinfo and CODESET
configure:12592: result: yes
configure:12615: checking whether ptrace is declared
configure:12615: result: yes
configure:12637: checking return type of ptrace
configure:12676: result: long
configure:12684: checking types of arguments for ptrace
configure:12760: result: int,int,long,long
configure:12780: checking whether setpgrp takes no argument
configure:12812: result: yes
configure:12861: checking for sigsetjmp
configure:12886: result: yes
configure:12899: checking for GNU regex
configure:12925: result: yes
configure:12946: checking for struct thread.td_pcb
configure:12946: result: no
configure:12961: checking for struct lwp
configure:12985: result: no
configure:12994: checking for struct reg in machine/reg.h
configure:13018: result: no
configure:13028: checking for struct reg.r_fs
configure:13028: result: no
configure:13038: checking for struct reg.r_gs
configure:13038: result: no
configure:13051: checking for PTRACE_GETREGS
configure:13075: result: yes
configure:13084: checking for PTRACE_GETFPXREGS
configure:13108: result: yes
configure:13117: checking for PT_GETDBREGS
configure:13142: result: no
configure:13151: checking for PT_GETXMMREGS
configure:13176: result: no
configure:13208: checking for pstatus_t in sys/procfs.h
configure:13242: result: no
configure:13245: checking for prrun_t in sys/procfs.h
configure:13279: result: no
configure:13282: checking for gregset_t in sys/procfs.h
configure:13316: result: no
configure:13319: checking for fpregset_t in sys/procfs.h
configure:13353: result: no
configure:13356: checking for prgregset_t in sys/procfs.h
configure:13390: result: yes
configure:13393: checking for prfpregset_t in sys/procfs.h
configure:13427: result: yes
configure:13430: checking for prgregset32_t in sys/procfs.h
configure:13464: result: no
configure:13467: checking for prfpregset32_t in sys/procfs.h
configure:13501: result: no
configure:13504: checking for lwpid_t in sys/procfs.h
configure:13538: result: yes
configure:13541: checking for psaddr_t in sys/procfs.h
configure:13575: result: yes
configure:13578: checking for prsysent_t in sys/procfs.h
configure:13612: result: no
configure:13615: checking for pr_sigset_t in sys/procfs.h
configure:13649: result: no
configure:13652: checking for pr_sigaction64_t in sys/procfs.h
configure:13686: result: no
configure:13689: checking for pr_siginfo64_t in sys/procfs.h
configure:13723: result: no
configure:13731: checking whether prfpregset_t type is broken
configure:13760: result: no
configure:13770: checking for PIOCSET ioctl entry in sys/procfs.h
configure:13800: result: no
configure:13954: checking for long long support in compiler
configure:13977: result: yes
configure:13987: checking for long long support in printf
configure:14023: result: yes
configure:14033: checking for decfloat support in printf
configure:14067: result: no
configure:14080: checking for long double support in compiler
configure:14096: result: yes
configure:14106: checking for long double support in printf
configure:14138: result: yes
configure:14148: checking for long double support in scanf
configure:14180: result: yes
configure:14231: checking for the dynamic export flag
configure:14303: result: -rdynamic
configure:14475: checking whether <thread_db.h> has TD_NOTALLOC
configure:14500: result: yes
configure:14502: checking whether <thread_db.h> has TD_VERSION
configure:14527: result: yes
configure:14529: checking whether <thread_db.h> has TD_NOTLS
configure:14554: result: yes
configure:14574: checking whether <sys/syscall.h> has __NR_tkill
configure:14599: result: yes
configure:14608: checking whether ADDR_NO_RANDOMIZE is declared
configure:14608: result: yes
configure:14666: gcc -o conftest -g -O2     conftest.c -lncurses -lz -lm    >&5
configure:14666: $? = 0
configure:14666: ./conftest
configure:14666: $? = 0
configure:14836: checking compiler warning flags
configure:14857: gcc -c -g -O2 -Wall   conftest.c >&5
configure:14857: $? = 0
configure:14857: gcc -c -g -O2 -Wdeclaration-after-statement   conftest.c >&5
configure:14857: $? = 0
configure:14857: gcc -c -g -O2 -Wpointer-arith   conftest.c >&5
configure:14857: $? = 0
configure:14857: gcc -c -g -O2 -Wformat-nonliteral   conftest.c >&5
configure:14857: $? = 0
configure:14857: gcc -c -g -O2 -Wno-pointer-sign   conftest.c >&5
configure:14857: $? = 0
configure:14857: gcc -c -g -O2 -Wno-unused   conftest.c >&5
configure:14857: $? = 0
configure:14857: gcc -c -g -O2 -Wunused-value   conftest.c >&5
configure:14857: $? = 0
configure:14857: gcc -c -g -O2 -Wunused-function   conftest.c >&5
configure:14857: $? = 0
configure:14857: gcc -c -g -O2 -Wno-switch   conftest.c >&5
configure:14857: $? = 0
configure:14857: gcc -c -g -O2 -Wno-char-subscripts   conftest.c >&5
configure:14857: $? = 0
configure:14864: result:  -Wall -Wdeclaration-after-statement -Wpointer-arith -Wformat-nonliteral -Wno-pointer-sign -Wno-unused -Wunused-value -Wunused-function -Wno-switch -Wno-char-subscripts 
configure:14871: checking for cygwin
configure:14892: result: no
configure:14933: checking for ELF support in BFD
configure:14960: result: yes
configure:15500: checking for X
configure:15689: result: libraries , headers 
configure:16034: creating ./config.status

## ---------------------- ##
## Running config.status. ##
## ---------------------- ##

This file was extended by config.status, which was
generated by GNU Autoconf 2.64.  Invocation command line was

  CONFIG_FILES    = 
  CONFIG_HEADERS  = 
  CONFIG_LINKS    = 
  CONFIG_COMMANDS = 
  $ ./config.status 

on matt-laptop

config.status:1327: creating Makefile
config.status:1327: creating .gdbinit
config.status:1327: creating gnulib/Makefile
config.status:1327: creating config.h
config.status:1497: config.h is unchanged
config.status:1576: executing depdir commands
config.status:1576: executing depfiles commands
config.status:1576: executing default commands
configure:17496: === configuring in doc (/home/matt/Documents/Studies/4IRT/insasheep_the_dark_side/lm32-gcc/build/gdb/gdb/doc)
configure:17559: running /bin/bash ../../../../src/gcc-4.5.3/gdb/gdb/doc/configure --disable-option-checking '--prefix=/usr/mico32'  '--with-system-zlib' '--with-gnu-as' '--with-gnu-ld' '--disable-libssp' '--disable-libgcc' '--enable-languages=c' '--program-transform-name=s&^&lm32-elf-&' '--build=x86_64-unknown-linux-gnu' '--host=x86_64-unknown-linux-gnu' '--target=lm32-elf' 'build_alias=x86_64-unknown-linux-gnu' 'host_alias=x86_64-unknown-linux-gnu' 'target_alias=lm32-elf' 'CC=gcc' 'CFLAGS=-g -O2' 'LDFLAGS= ' 'YACC=bison -y' --cache-file=.././config.cache --srcdir=../../../../src/gcc-4.5.3/gdb/gdb/doc
configure:17496: === configuring in testsuite (/home/matt/Documents/Studies/4IRT/insasheep_the_dark_side/lm32-gcc/build/gdb/gdb/testsuite)
configure:17559: running /bin/bash ../../../../src/gcc-4.5.3/gdb/gdb/testsuite/configure --disable-option-checking '--prefix=/usr/mico32'  '--with-system-zlib' '--with-gnu-as' '--with-gnu-ld' '--disable-libssp' '--disable-libgcc' '--enable-languages=c' '--program-transform-name=s&^&lm32-elf-&' '--build=x86_64-unknown-linux-gnu' '--host=x86_64-unknown-linux-gnu' '--target=lm32-elf' 'build_alias=x86_64-unknown-linux-gnu' 'host_alias=x86_64-unknown-linux-gnu' 'target_alias=lm32-elf' 'CC=gcc' 'CFLAGS=-g -O2' 'LDFLAGS= ' 'YACC=bison -y' --cache-file=.././config.cache --srcdir=../../../../src/gcc-4.5.3/gdb/gdb/testsuite

## ---------------- ##
## Cache variables. ##
## ---------------- ##

ac_cv_build=x86_64-unknown-linux-gnu
ac_cv_c_bigendian=no
ac_cv_c_compiler_gnu=yes
ac_cv_c_const=yes
ac_cv_c_inline=inline
ac_cv_c_restrict=__restrict
ac_cv_env_CC_set=set
ac_cv_env_CC_value=gcc
ac_cv_env_CFLAGS_set=set
ac_cv_env_CFLAGS_value='-g -O2'
ac_cv_env_CPPFLAGS_set=
ac_cv_env_CPPFLAGS_value=
ac_cv_env_CPP_set=
ac_cv_env_CPP_value=
ac_cv_env_LDFLAGS_set=set
ac_cv_env_LDFLAGS_value=' '
ac_cv_env_LIBS_set=
ac_cv_env_LIBS_value=
ac_cv_env_XMKMF_set=
ac_cv_env_XMKMF_value=
ac_cv_env_YACC_set=set
ac_cv_env_YACC_value='bison -y'
ac_cv_env_YFLAGS_set=
ac_cv_env_YFLAGS_value=
ac_cv_env_build_alias_set=set
ac_cv_env_build_alias_value=x86_64-unknown-linux-gnu
ac_cv_env_host_alias_set=set
ac_cv_env_host_alias_value=x86_64-unknown-linux-gnu
ac_cv_env_target_alias_set=set
ac_cv_env_target_alias_value=lm32-elf
ac_cv_func_XML_StopParser=yes
ac_cv_func__mcleanup=yes
ac_cv_func_alloca_works=yes
ac_cv_func_btowc=yes
ac_cv_func_canonicalize_file_name=yes
ac_cv_func_fork=yes
ac_cv_func_fork_works=yes
ac_cv_func_getgid=yes
ac_cv_func_getpagesize=yes
ac_cv_func_getrlimit=yes
ac_cv_func_getrusage=yes
ac_cv_func_getuid=yes
ac_cv_func_iconvlist=no
ac_cv_func_libiconvlist=no
ac_cv_func_memchr=yes
ac_cv_func_memmem=yes
ac_cv_func_mmap=yes
ac_cv_func_mmap_fixed_mapped=yes
ac_cv_func_monstartup=yes
ac_cv_func_mprotect=yes
ac_cv_func_pipe=yes
ac_cv_func_poll=yes
ac_cv_func_posix_madvise=yes
ac_cv_func_pread64=yes
ac_cv_func_realpath=yes
ac_cv_func_sbrk=yes
ac_cv_func_setlocale=yes
ac_cv_func_setpgid=yes
ac_cv_func_setpgrp=yes
ac_cv_func_setpgrp_void=yes
ac_cv_func_setrlimit=yes
ac_cv_func_setsid=yes
ac_cv_func_sigaction=yes
ac_cv_func_sigprocmask=yes
ac_cv_func_sigsetmask=yes
ac_cv_func_socketpair=yes
ac_cv_func_syscall=yes
ac_cv_func_ttrace=no
ac_cv_func_vfork=yes
ac_cv_func_vfork_works=yes
ac_cv_func_wborder=yes
ac_cv_func_wctype=yes
ac_cv_have_decl_ADDR_NO_RANDOMIZE=yes
ac_cv_have_decl_btowc=yes
ac_cv_have_decl_free=yes
ac_cv_have_decl_getopt=yes
ac_cv_have_decl_malloc=yes
ac_cv_have_decl_mbrlen=yes
ac_cv_have_decl_mbrtowc=yes
ac_cv_have_decl_mbsinit=yes
ac_cv_have_decl_mbsnrtowcs=yes
ac_cv_have_decl_mbsrtowcs=yes
ac_cv_have_decl_memmem=yes
ac_cv_have_decl_mempcpy=yes
ac_cv_have_decl_memrchr=yes
ac_cv_have_decl_ptrace=yes
ac_cv_have_decl_rawmemchr=yes
ac_cv_have_decl_realloc=yes
ac_cv_have_decl_snprintf=yes
ac_cv_have_decl_stpcpy=yes
ac_cv_have_decl_stpncpy=yes
ac_cv_have_decl_strcasestr=yes
ac_cv_have_decl_strchrnul=yes
ac_cv_have_decl_strdup=yes
ac_cv_have_decl_strerror=yes
ac_cv_have_decl_strncat=yes
ac_cv_have_decl_strndup=yes
ac_cv_have_decl_strnlen=yes
ac_cv_have_decl_strpbrk=yes
ac_cv_have_decl_strsep=yes
ac_cv_have_decl_strsignal=yes
ac_cv_have_decl_strstr=yes
ac_cv_have_decl_strtok_r=yes
ac_cv_have_decl_strverscmp=yes
ac_cv_have_decl_vsnprintf=yes
ac_cv_have_decl_wcrtomb=yes
ac_cv_have_decl_wcsnrtombs=yes
ac_cv_have_decl_wcsrtombs=yes
ac_cv_have_decl_wctob=yes
ac_cv_have_decl_wcwidth=yes
ac_cv_have_x='have_x=yes	ac_x_includes='\'''\''	ac_x_libraries='\'''\'''
ac_cv_header_ctype_h=yes
ac_cv_header_cursesX_h=no
ac_cv_header_curses_h=yes
ac_cv_header_dirent_dirent_h=yes
ac_cv_header_elf_hp_h=no
ac_cv_header_gnu_libc_version_h=yes
ac_cv_header_inttypes_h=yes
ac_cv_header_libunwind_h=no
ac_cv_header_libunwind_ia64_h=no
ac_cv_header_link_h=yes
ac_cv_header_locale_h=yes
ac_cv_header_machine_reg_h=no
ac_cv_header_memory_h=yes
ac_cv_header_minix_config_h=no
ac_cv_header_ncurses_h=yes
ac_cv_header_ncurses_ncurses_h=no
ac_cv_header_ncurses_term_h=no
ac_cv_header_nlist_h=no
ac_cv_header_poll_h=yes
ac_cv_header_proc_service_h=no
ac_cv_header_pthread_h=yes
ac_cv_header_ptrace_h=no
ac_cv_header_sgtty_h=yes
ac_cv_header_signal_h=yes
ac_cv_header_stat_broken=no
ac_cv_header_stdc=yes
ac_cv_header_stddef_h=yes
ac_cv_header_stdint_h=yes
ac_cv_header_stdlib_h=yes
ac_cv_header_string_h=yes
ac_cv_header_strings_h=yes
ac_cv_header_sys_debugreg_h=yes
ac_cv_header_sys_fault_h=no
ac_cv_header_sys_file_h=yes
ac_cv_header_sys_filio_h=no
ac_cv_header_sys_ioctl_h=yes
ac_cv_header_sys_mman_h=yes
ac_cv_header_sys_param_h=yes
ac_cv_header_sys_poll_h=yes
ac_cv_header_sys_proc_h=no
ac_cv_header_sys_procfs_h=yes
ac_cv_header_sys_ptrace_h=yes
ac_cv_header_sys_reg_h=yes
ac_cv_header_sys_resource_h=yes
ac_cv_header_sys_select_h=yes
ac_cv_header_sys_stat_h=yes
ac_cv_header_sys_syscall_h=yes
ac_cv_header_sys_types_h=yes
ac_cv_header_sys_user_h=yes
ac_cv_header_sys_wait_h=yes
ac_cv_header_term_h=yes
ac_cv_header_termio_h=yes
ac_cv_header_termios_h=yes
ac_cv_header_thread_db_h=yes
ac_cv_header_time_h=yes
ac_cv_header_unistd_h=yes
ac_cv_header_vfork_h=no
ac_cv_header_wait_h=yes
ac_cv_header_wchar_h=yes
ac_cv_header_zlib_h=yes
ac_cv_host=x86_64-unknown-linux-gnu
ac_cv_lib_m_main=yes
ac_cv_libexpat=yes
ac_cv_member_struct_reg_r_fs=no
ac_cv_member_struct_reg_r_gs=no
ac_cv_member_struct_stat_st_blksize=yes
ac_cv_member_struct_stat_st_blocks=yes
ac_cv_member_struct_thread_td_pcb=no
ac_cv_objext=o
ac_cv_path_EGREP='/bin/grep -E'
ac_cv_path_GREP=/bin/grep
ac_cv_path_mkdir=/bin/mkdir
ac_cv_path_python_prog_path=/usr/bin/python
ac_cv_prog_AR=ar
ac_cv_prog_AWK=gawk
ac_cv_prog_CC=gcc
ac_cv_prog_CPP='gcc -E'
ac_cv_prog_DLLTOOL=dlltool
ac_cv_prog_MAKE=make
ac_cv_prog_RANLIB=ranlib
ac_cv_prog_WINDRES=windres
ac_cv_prog_YACC='bison -y'
ac_cv_prog_cc_c89=
ac_cv_prog_cc_g=yes
ac_cv_prog_make_make_set=yes
ac_cv_safe_to_define___extensions__=yes
ac_cv_search_dlgetmodinfo=no
ac_cv_search_gethostbyname='none required'
ac_cv_search_opendir='none required'
ac_cv_search_socketpair='none required'
ac_cv_search_tgetent='none required'
ac_cv_search_waddstr=-lncurses
ac_cv_search_zlibVersion=-lz
ac_cv_sys_file_offset_bits=no
ac_cv_sys_largefile_CC=no
ac_cv_target=lm32-unknown-elf
ac_cv_type_long_long_int=yes
ac_cv_type_pid_t=yes
ac_cv_type_signal=void
ac_cv_type_socklen_t=yes
ac_cv_type_unsigned_long_long_int=yes
ac_cv_var__etext=yes
ac_cv_var_etext=yes
ac_cv_working_alloca_h=yes
acl_cv_hardcode_direct=no
acl_cv_hardcode_libdir_flag_spec='${wl}-rpath ${wl}$libdir'
acl_cv_hardcode_libdir_separator=
acl_cv_hardcode_minus_L=no
acl_cv_libext=a
acl_cv_path_LD=ld
acl_cv_prog_gnu_ld=yes
acl_cv_rpath=done
acl_cv_shlibext=so
acl_cv_wl=-Wl,
am_cv_CC_dependencies_compiler_type=gcc3
am_cv_build_libiconv_path=
am_cv_func_iconv=yes
am_cv_langinfo_codeset=yes
am_cv_lib_iconv=no
am_cv_prog_cc_stdc=
am_cv_proto_iconv='extern size_t iconv (iconv_t cd, char * *inbuf, size_t *inbytesleft, char * *outbuf, size_t *outbytesleft);'
am_cv_proto_iconv_arg1=
am_cv_use_build_libiconv=no
am_cv_val_LC_MESSAGES=yes
bfd_cv_have_sys_procfs_type_fpregset_t=no
bfd_cv_have_sys_procfs_type_gregset_t=no
bfd_cv_have_sys_procfs_type_lwpid_t=yes
bfd_cv_have_sys_procfs_type_pr_sigaction64_t=no
bfd_cv_have_sys_procfs_type_pr_siginfo64_t=no
bfd_cv_have_sys_procfs_type_pr_sigset_t=no
bfd_cv_have_sys_procfs_type_prfpregset32_t=no
bfd_cv_have_sys_procfs_type_prfpregset_t=yes
bfd_cv_have_sys_procfs_type_prgregset32_t=no
bfd_cv_have_sys_procfs_type_prgregset_t=yes
bfd_cv_have_sys_procfs_type_prrun_t=no
bfd_cv_have_sys_procfs_type_prsysent_t=no
bfd_cv_have_sys_procfs_type_psaddr_t=yes
bfd_cv_have_sys_procfs_type_pstatus_t=no
gdb_cv_c_long_double=yes
gdb_cv_c_long_long=yes
gdb_cv_func_ptrace_args=int,int,long,long
gdb_cv_func_ptrace_ret=long
gdb_cv_func_sigsetjmp=yes
gdb_cv_have_gnu_regex=yes
gdb_cv_have_procfs_piocset=no
gdb_cv_have_pt_getdbregs=no
gdb_cv_have_pt_getxmmregs=no
gdb_cv_have_ptrace_getfpxregs=yes
gdb_cv_have_ptrace_getregs=yes
gdb_cv_os_cygwin=no
gdb_cv_prfpregset_t_broken=no
gdb_cv_printf_has_decfloat=no
gdb_cv_printf_has_long_double=yes
gdb_cv_printf_has_long_long=yes
gdb_cv_scanf_has_long_double=yes
gdb_cv_struct_lwp=no
gdb_cv_struct_reg=no
gdb_cv_sys_syscall_h_has_tkill=yes
gdb_cv_thread_db_h_has_td_notalloc=yes
gdb_cv_thread_db_h_has_td_notls=yes
gdb_cv_thread_db_h_has_td_version=yes
gdb_cv_var_elf=yes
gl_cv_c_multiarch=no
gl_cv_decl_null_works=yes
gl_cv_func_memchr_works=yes
gl_cv_func_memmem_works=yes
gl_cv_have_include_next=yes
gl_cv_have_raw_decl_btowc=yes
gl_cv_have_raw_decl_mbrlen=yes
gl_cv_have_raw_decl_mbrtowc=yes
gl_cv_have_raw_decl_mbsinit=yes
gl_cv_have_raw_decl_mbsnrtowcs=yes
gl_cv_have_raw_decl_mbsrtowcs=yes
gl_cv_have_raw_decl_memmem=yes
gl_cv_have_raw_decl_mempcpy=yes
gl_cv_have_raw_decl_memrchr=yes
gl_cv_have_raw_decl_rawmemchr=yes
gl_cv_have_raw_decl_stpcpy=yes
gl_cv_have_raw_decl_stpncpy=yes
gl_cv_have_raw_decl_strcasestr=yes
gl_cv_have_raw_decl_strchrnul=yes
gl_cv_have_raw_decl_strdup=yes
gl_cv_have_raw_decl_strncat=yes
gl_cv_have_raw_decl_strndup=yes
gl_cv_have_raw_decl_strnlen=yes
gl_cv_have_raw_decl_strpbrk=yes
gl_cv_have_raw_decl_strsep=yes
gl_cv_have_raw_decl_strsignal=yes
gl_cv_have_raw_decl_strtok_r=yes
gl_cv_have_raw_decl_strverscmp=yes
gl_cv_have_raw_decl_wcrtomb=yes
gl_cv_have_raw_decl_wcsnrtombs=yes
gl_cv_have_raw_decl_wcsrtombs=yes
gl_cv_have_raw_decl_wctob=yes
gl_cv_have_raw_decl_wcwidth=yes
gl_cv_header_wchar_h_correct_inline=yes
gl_cv_header_working_stdint_h=yes
gl_cv_next_stdint_h='<stdint.h>'
gl_cv_next_string_h='<string.h>'
gl_cv_next_wchar_h='<wchar.h>'
gt_cv_c_wchar_t=yes
gt_cv_c_wint_t=yes

## ----------------- ##
## Output variables. ##
## ----------------- ##

ACLOCAL='${SHELL} /home/matt/Documents/Studies/4IRT/insasheep_the_dark_side/lm32-gcc/src/gcc-4.5.3/gdb/missing --run aclocal-1.11'
ALLOCA=''
AMDEPBACKSLASH='\'
AMDEP_FALSE='#'
AMDEP_TRUE=''
AMTAR='${SHELL} /home/matt/Documents/Studies/4IRT/insasheep_the_dark_side/lm32-gcc/src/gcc-4.5.3/gdb/missing --run tar'
APPLE_UNIVERSAL_BUILD='0'
AR='ar'
AUTOCONF='${SHELL} /home/matt/Documents/Studies/4IRT/insasheep_the_dark_side/lm32-gcc/src/gcc-4.5.3/gdb/missing --run autoconf'
AUTOHEADER='${SHELL} /home/matt/Documents/Studies/4IRT/insasheep_the_dark_side/lm32-gcc/src/gcc-4.5.3/gdb/missing --run autoheader'
AUTOMAKE='${SHELL} /home/matt/Documents/Studies/4IRT/insasheep_the_dark_side/lm32-gcc/src/gcc-4.5.3/gdb/missing --run automake-1.11'
AWK='gawk'
BITSIZEOF_PTRDIFF_T=''
BITSIZEOF_SIG_ATOMIC_T=''
BITSIZEOF_SIZE_T=''
BITSIZEOF_WCHAR_T=''
BITSIZEOF_WINT_T=''
CATALOGS=''
CATOBJEXT='.gmo'
CC='gcc'
CCDEPMODE='depmode=gcc3'
CFLAGS='-g -O2'
CONFIG_ALL=' all-po all-tui'
CONFIG_CLEAN=' clean-po clean-tui'
CONFIG_DEPS=' $(SUBDIR_CLI_DEPS) $(SUBDIR_MI_DEPS) $(SUBDIR_TUI_DEPS)'
CONFIG_INSTALL=' install-po install-tui'
CONFIG_LDFLAGS=''
CONFIG_OBS=' $(SUBDIR_CLI_OBS) $(SUBDIR_MI_OBS) $(SUBDIR_TUI_OBS) python.o py-value.o py-prettyprint.o py-auto-load.o elfread.o posix-hdep.o'
CONFIG_SRCS=' $(SUBDIR_CLI_SRCS) $(SUBDIR_MI_SRCS) $(SUBDIR_TUI_SRCS) python/python.c python/py-value.c 	python/py-prettyprint.c python/py-auto-load.c'
CONFIG_UNINSTALL=' uninstall-po uninstall-tui'
CPP='gcc -E'
CPPFLAGS=' '
CYGPATH_W='echo'
DATADIRNAME='share'
DEBUGDIR='${exec_prefix}/lib/debug'
DEFS='-DHAVE_CONFIG_H'
DEPDIR='.deps'
DLLTOOL='dlltool'
ECHO_C=''
ECHO_N='-n'
ECHO_T=''
EGREP='/bin/grep -E'
ENABLE_CFLAGS=' $(SUBDIR_CLI_CFLAGS) $(SUBDIR_MI_CFLAGS) $(SUBDIR_TUI_CFLAGS)'
EXEEXT=''
GDBTKLIBS=''
GDBTK_CFLAGS=''
GDBTK_SRC_DIR=''
GDB_DATADIR='${datarootdir}/gdb'
GDB_NM_FILE=''
GENCAT='gencat'
GL_COND_LIBTOOL_FALSE=''
GL_COND_LIBTOOL_TRUE='#'
GMAKE_FALSE='#'
GMAKE_TRUE=''
GMSGFMT='/usr/bin/msgfmt'
GNULIB_BTOWC='0'
GNULIB_MBRLEN='0'
GNULIB_MBRTOWC='0'
GNULIB_MBSCASECMP='0'
GNULIB_MBSCASESTR='0'
GNULIB_MBSCHR='0'
GNULIB_MBSCSPN='0'
GNULIB_MBSINIT='0'
GNULIB_MBSLEN='0'
GNULIB_MBSNCASECMP='0'
GNULIB_MBSNLEN='0'
GNULIB_MBSNRTOWCS='0'
GNULIB_MBSPBRK='0'
GNULIB_MBSPCASECMP='0'
GNULIB_MBSRCHR='0'
GNULIB_MBSRTOWCS='0'
GNULIB_MBSSEP='0'
GNULIB_MBSSPN='0'
GNULIB_MBSSTR='0'
GNULIB_MBSTOK_R='0'
GNULIB_MEMCHR='1'
GNULIB_MEMMEM='1'
GNULIB_MEMPCPY='0'
GNULIB_MEMRCHR='0'
GNULIB_RAWMEMCHR='0'
GNULIB_STDINT_H=''
GNULIB_STPCPY='0'
GNULIB_STPNCPY='0'
GNULIB_STRCASESTR='0'
GNULIB_STRCHRNUL='0'
GNULIB_STRDUP='0'
GNULIB_STRERROR='0'
GNULIB_STRNCAT='0'
GNULIB_STRNDUP='0'
GNULIB_STRNLEN='0'
GNULIB_STRPBRK='0'
GNULIB_STRSEP='0'
GNULIB_STRSIGNAL='0'
GNULIB_STRSTR='0'
GNULIB_STRTOK_R='0'
GNULIB_STRVERSCMP='0'
GNULIB_WCRTOMB='0'
GNULIB_WCSNRTOMBS='0'
GNULIB_WCSRTOMBS='0'
GNULIB_WCTOB='0'
GNULIB_WCWIDTH='0'
GREP='/bin/grep'
GUI_CFLAGS_X='-I../../../src/gcc-4.5.3/gdb/gdb/../libgui/src'
HAVE_BTOWC='1'
HAVE_DECL_MEMMEM='1'
HAVE_DECL_MEMRCHR='1'
HAVE_DECL_STRDUP='1'
HAVE_DECL_STRNDUP='1'
HAVE_DECL_STRNLEN='1'
HAVE_DECL_STRSIGNAL='1'
HAVE_DECL_STRTOK_R='1'
HAVE_DECL_WCTOB='1'
HAVE_DECL_WCWIDTH='1'
HAVE_INTTYPES_H='1'
HAVE_LIBEXPAT='yes'
HAVE_LONG_LONG_INT='1'
HAVE_MBRLEN='1'
HAVE_MBRTOWC='1'
HAVE_MBSINIT='1'
HAVE_MBSLEN='0'
HAVE_MBSNRTOWCS='1'
HAVE_MBSRTOWCS='1'
HAVE_MEMCHR='1'
HAVE_MEMPCPY='1'
HAVE_RAWMEMCHR='1'
HAVE_SIGNED_SIG_ATOMIC_T=''
HAVE_SIGNED_WCHAR_T=''
HAVE_SIGNED_WINT_T=''
HAVE_STDINT_H='1'
HAVE_STPCPY='1'
HAVE_STPNCPY='1'
HAVE_STRCASESTR='1'
HAVE_STRCHRNUL='1'
HAVE_STRPBRK='1'
HAVE_STRSEP='1'
HAVE_STRVERSCMP='1'
HAVE_SYS_BITYPES_H=''
HAVE_SYS_INTTYPES_H=''
HAVE_SYS_TYPES_H='1'
HAVE_UNSIGNED_LONG_LONG_INT='1'
HAVE_WCHAR_H='1'
HAVE_WCHAR_T='1'
HAVE_WCRTOMB='1'
HAVE_WCSNRTOMBS='1'
HAVE_WCSRTOMBS='1'
HAVE_WINT_T='1'
INCINTL=''
INCLUDE_NEXT='include_next'
INCLUDE_NEXT_AS_FIRST_DIRECTIVE='include_next'
INSTALL_DATA='/usr/bin/install -c -m 644'
INSTALL_PROGRAM='/usr/bin/install -c'
INSTALL_SCRIPT='/usr/bin/install -c'
INSTALL_STRIP_PROGRAM='$(install_sh) -c -s'
INSTOBJEXT='.mo'
LDFLAGS=' '
LIBEXPAT='-lexpat'
LIBGNU_LIBDEPS=''
LIBGNU_LTLIBDEPS=''
LIBGUI='../libgui/src/libgui.a'
LIBINTL=''
LIBINTL_DEP=''
LIBOBJS=''
LIBS='-lncurses -lz -lm   '
LN_S='ln -s'
LTLIBEXPAT='-lexpat'
LTLIBOBJS=''
MAINT='#'
MAINTAINER_MODE_FALSE=''
MAINTAINER_MODE_TRUE='#'
MAKE='make'
MAKEINFO='makeinfo --split-size=5000000 --split-size=5000000 --split-size=5000000'
MIG=''
MKDIR_P='/bin/mkdir -p'
NEXT_AS_FIRST_DIRECTIVE_STDDEF_H=''
NEXT_AS_FIRST_DIRECTIVE_STDINT_H='<stdint.h>'
NEXT_AS_FIRST_DIRECTIVE_STRING_H='<string.h>'
NEXT_AS_FIRST_DIRECTIVE_WCHAR_H='<wchar.h>'
NEXT_STDDEF_H=''
NEXT_STDINT_H='<stdint.h>'
NEXT_STRING_H='<string.h>'
NEXT_WCHAR_H='<wchar.h>'
OBJEXT='o'
PACKAGE='gdb'
PACKAGE_BUGREPORT=''
PACKAGE_NAME=''
PACKAGE_STRING=''
PACKAGE_TARNAME=''
PACKAGE_URL=''
PACKAGE_VERSION=''
PATH_SEPARATOR=':'
PKGVERSION='(GDB) '
POSUB='po'
PRAGMA_SYSTEM_HEADER='#pragma GCC system_header'
PROFILE_CFLAGS=''
PTRDIFF_T_SUFFIX=''
PYTHON_CFLAGS=''
RANLIB='ranlib'
RDYNAMIC='-rdynamic'
READLINE='$(READLINE_DIR)/libreadline.a'
READLINE_CFLAGS='-I$(READLINE_SRC)/..'
READLINE_DEPS='$(READLINE)'
REPLACE_BTOWC='0'
REPLACE_MBRLEN='0'
REPLACE_MBRTOWC='0'
REPLACE_MBSINIT='0'
REPLACE_MBSNRTOWCS='0'
REPLACE_MBSRTOWCS='0'
REPLACE_MBSTATE_T='0'
REPLACE_MEMCHR='0'
REPLACE_MEMMEM='0'
REPLACE_NULL='0'
REPLACE_STPNCPY='0'
REPLACE_STRCASESTR='0'
REPLACE_STRDUP='0'
REPLACE_STRERROR='0'
REPLACE_STRNCAT='0'
REPLACE_STRNDUP='0'
REPLACE_STRNLEN='0'
REPLACE_STRSIGNAL='0'
REPLACE_STRSTR='0'
REPLACE_STRTOK_R='0'
REPLACE_WCRTOMB='0'
REPLACE_WCSNRTOMBS='0'
REPLACE_WCSRTOMBS='0'
REPLACE_WCTOB='0'
REPLACE_WCWIDTH='0'
REPORT_BUGS_TEXI='@uref{http://www.gnu.org/software/gdb/bugs/}'
REPORT_BUGS_TO='<http://www.gnu.org/software/gdb/bugs/>'
SER_HARDWIRE='ser-base.o ser-unix.o ser-pipe.o ser-tcp.o'
SET_MAKE=''
SHELL='/bin/bash'
SIG_ATOMIC_T_SUFFIX=''
SIM='../sim/lm32/libsim.a'
SIM_OBS='remote-sim.o'
SIZE_T_SUFFIX=''
STDDEF_H=''
STDINT_H=''
STRIP='strip'
SYSTEM_GDBINIT=''
TARGET_OBS=' lm32-tdep.o'
TARGET_SYSTEM_ROOT=''
TARGET_SYSTEM_ROOT_DEFINE='-DTARGET_SYSTEM_ROOT=\"\" -DTARGET_SYSTEM_ROOT_RELOCATABLE=0'
TCL_BIN_DIR=''
TCL_DEPS=''
TCL_INCLUDE=''
TCL_LIBRARY=''
TCL_LIB_FILE=''
TCL_LIB_FLAG=''
TCL_LIB_SPEC=''
TCL_PATCH_LEVEL=''
TCL_SRC_DIR=''
TCL_STUB_LIB_FILE=''
TCL_STUB_LIB_FLAG=''
TCL_STUB_LIB_SPEC=''
TCL_VERSION=''
TK_BIN_DIR=''
TK_DEPS=''
TK_INCLUDE=''
TK_LIBRARY=''
TK_LIB_FILE=''
TK_LIB_FLAG=''
TK_LIB_SPEC=''
TK_SRC_DIR=''
TK_STUB_LIB_FILE=''
TK_STUB_LIB_FLAG=''
TK_STUB_LIB_SPEC=''
TK_VERSION=''
TK_XINCLUDES=''
UNDEFINE_STRTOK_R='0'
USE_NLS='yes'
VERSION='UNUSED-VERSION'
WARN_CFLAGS=' -Wall -Wdeclaration-after-statement -Wpointer-arith -Wformat-nonliteral -Wno-pointer-sign -Wno-unused -Wunused-value -Wunused-function -Wno-switch -Wno-char-subscripts'
WCHAR_T_SUFFIX=''
WERROR_CFLAGS=''
WIN32LDAPP=''
WIN32LIBS=''
WINDRES='windres'
WINT_T_SUFFIX=''
XGETTEXT='/usr/bin/xgettext'
XMKMF=''
X_CFLAGS=''
X_LDFLAGS=''
X_LIBS=''
YACC='bison -y'
YFLAGS=''
ac_ct_CC=''
am__EXEEXT_FALSE=''
am__EXEEXT_TRUE='#'
am__fastdepCC_FALSE='#'
am__fastdepCC_TRUE=''
am__include='include'
am__isrc=' -I$(srcdir)'
am__leading_dot='.'
am__quote=''
am__tar='${AMTAR} chof - "$$tardir"'
am__untar='${AMTAR} xf -'
bindir='${exec_prefix}/bin'
build='x86_64-unknown-linux-gnu'
build_alias='x86_64-unknown-linux-gnu'
build_cpu='x86_64'
build_os='linux-gnu'
build_vendor='unknown'
datadir='${datarootdir}'
datarootdir='${prefix}/share'
docdir='${datarootdir}/doc/${PACKAGE}'
dvidir='${docdir}'
exec_prefix='${prefix}'
frags=''
gl_LIBOBJS=''
gl_LTLIBOBJS=''
gltests_LIBOBJS=''
gltests_LTLIBOBJS=''
gltests_WITNESS='IN__GNULIB_TESTS'
host='x86_64-unknown-linux-gnu'
host_alias='x86_64-unknown-linux-gnu'
host_cpu='x86_64'
host_os='linux-gnu'
host_vendor='unknown'
htmldir='${docdir}'
includedir='${prefix}/include'
infodir='${datarootdir}/info'
install_sh='${SHELL} /home/matt/Documents/Studies/4IRT/insasheep_the_dark_side/lm32-gcc/src/gcc-4.5.3/gdb/install-sh'
libdir='${exec_prefix}/lib'
libexecdir='${exec_prefix}/libexec'
localedir='${datadir}/locale'
localstatedir='${prefix}/var'
mandir='${datarootdir}/man'
mkdir_p='/bin/mkdir -p'
oldincludedir='/usr/include'
pdfdir='${docdir}'
prefix='/usr/mico32'
program_transform_name='s&^&lm32-elf-&'
psdir='${docdir}'
python_prog_path='/usr/bin/python'
sbindir='${exec_prefix}/sbin'
sharedstatedir='${prefix}/com'
subdirs=' doc testsuite'
sysconfdir='${prefix}/etc'
target='lm32-unknown-elf'
target_alias='lm32-elf'
target_cpu='lm32'
target_os='elf'
target_subdir='lm32-elf/'
target_vendor='unknown'

## ------------------- ##
## File substitutions. ##
## ------------------- ##

host_makefile_frag='/dev/null'

## ----------- ##
## confdefs.h. ##
## ----------- ##

/* confdefs.h */
#define PACKAGE_NAME ""
#define PACKAGE_TARNAME ""
#define PACKAGE_VERSION ""
#define PACKAGE_STRING ""
#define PACKAGE_BUGREPORT ""
#define PACKAGE_URL ""
#define STDC_HEADERS 1
#define HAVE_SYS_TYPES_H 1
#define HAVE_SYS_STAT_H 1
#define HAVE_STDLIB_H 1
#define HAVE_STRING_H 1
#define HAVE_MEMORY_H 1
#define HAVE_STRINGS_H 1
#define HAVE_INTTYPES_H 1
#define HAVE_STDINT_H 1
#define HAVE_UNISTD_H 1
#define __EXTENSIONS__ 1
#define _ALL_SOURCE 1
#define _GNU_SOURCE 1
#define _POSIX_PTHREAD_SEMANTICS 1
#define _TANDEM_SOURCE 1
#define ENABLE_NLS 1
#define HAVE_SYS_MMAN_H 1
#define HAVE_STDDEF_H 1
#define HAVE_STDINT_H 1
#define HAVE_WCHAR_H 1
#define HAVE_STRING_H 1
#define HAVE_MPROTECT 1
#define HAVE_MEMCHR 1
#define HAVE_MAP_ANONYMOUS 1
#define HAVE_DECL_MEMMEM 1
#define HAVE_MEMMEM 1
#define HAVE_WCHAR_T 1
#define HAVE_LONG_LONG_INT 1
#define HAVE_UNSIGNED_LONG_LONG_INT 1
#define restrict __restrict
#define HAVE_RAW_DECL_MEMMEM 1
#define HAVE_RAW_DECL_MEMPCPY 1
#define HAVE_RAW_DECL_MEMRCHR 1
#define HAVE_RAW_DECL_RAWMEMCHR 1
#define HAVE_RAW_DECL_STPCPY 1
#define HAVE_RAW_DECL_STPNCPY 1
#define HAVE_RAW_DECL_STRCHRNUL 1
#define HAVE_RAW_DECL_STRDUP 1
#define HAVE_RAW_DECL_STRNCAT 1
#define HAVE_RAW_DECL_STRNDUP 1
#define HAVE_RAW_DECL_STRNLEN 1
#define HAVE_RAW_DECL_STRPBRK 1
#define HAVE_RAW_DECL_STRSEP 1
#define HAVE_RAW_DECL_STRCASESTR 1
#define HAVE_RAW_DECL_STRTOK_R 1
#define HAVE_RAW_DECL_STRSIGNAL 1
#define HAVE_RAW_DECL_STRVERSCMP 1
#define HAVE_WINT_T 1
#define GNULIB_TEST_MEMCHR 1
#define HAVE_MEMMEM 1
#define GNULIB_TEST_MEMMEM 1
#define HAVE_RAW_DECL_BTOWC 1
#define HAVE_RAW_DECL_WCTOB 1
#define HAVE_RAW_DECL_MBSINIT 1
#define HAVE_RAW_DECL_MBRTOWC 1
#define HAVE_RAW_DECL_MBRLEN 1
#define HAVE_RAW_DECL_MBSRTOWCS 1
#define HAVE_RAW_DECL_MBSNRTOWCS 1
#define HAVE_RAW_DECL_WCRTOMB 1
#define HAVE_RAW_DECL_WCSRTOMBS 1
#define HAVE_RAW_DECL_WCSNRTOMBS 1
#define HAVE_RAW_DECL_WCWIDTH 1
#define PACKAGE "gdb"
#define DEBUGDIR "/usr/mico32/lib/debug"
#define DEBUGDIR_RELOCATABLE 1
#define GDB_DATADIR "/usr/mico32/share/gdb"
#define GDB_DATADIR_RELOCATABLE 1
#define DEFAULT_BFD_ARCH bfd_lm32_arch
#define DEFAULT_BFD_VEC bfd_elf32_lm32_vec
#define HAVE_MONSTARTUP 1
#define HAVE__MCLEANUP 1
#define HAVE__ETEXT 1
#define HAVE_ETEXT 1
#define PKGVERSION "(GDB) "
#define REPORT_BUGS_TO "<http://www.gnu.org/software/gdb/bugs/>"
#define HAVE_LIBM 1
#define HAVE_ZLIB_H 1
#define HAVE_ICONV 1
#define ICONV_CONST 
#define HAVE_LIBEXPAT 1
#define HAVE_XML_STOPPARSER 1
#define HAVE_DIRENT_H 1
#define STDC_HEADERS 1
#define HAVE_POLL_H 1
#define HAVE_SYS_POLL_H 1
#define HAVE_THREAD_DB_H 1
#define HAVE_GNU_LIBC_VERSION_H 1
#define HAVE_SIGNAL_H 1
#define HAVE_STDDEF_H 1
#define HAVE_STDLIB_H 1
#define HAVE_STRING_H 1
#define HAVE_MEMORY_H 1
#define HAVE_STRINGS_H 1
#define HAVE_SYS_FILE_H 1
#define HAVE_SYS_IOCTL_H 1
#define HAVE_SYS_PARAM_H 1
#define HAVE_SYS_RESOURCE_H 1
#define HAVE_SYS_PROCFS_H 1
#define HAVE_SYS_PTRACE_H 1
#define HAVE_SYS_REG_H 1
#define HAVE_SYS_DEBUGREG_H 1
#define HAVE_SYS_SELECT_H 1
#define HAVE_SYS_SYSCALL_H 1
#define HAVE_SYS_TYPES_H 1
#define HAVE_SYS_WAIT_H 1
#define HAVE_WAIT_H 1
#define HAVE_TERMIOS_H 1
#define HAVE_TERMIO_H 1
#define HAVE_SGTTY_H 1
#define HAVE_UNISTD_H 1
#define HAVE_CTYPE_H 1
#define HAVE_TIME_H 1
#define HAVE_LOCALE_H 1
#define HAVE_LINK_H 1
#define HAVE_SYS_USER_H 1
#define HAVE_CURSES_H 1
#define HAVE_NCURSES_H 1
#define HAVE_TERM_H 1
#define HAVE_DECL_FREE 1
#define HAVE_DECL_MALLOC 1
#define HAVE_DECL_REALLOC 1
#define HAVE_DECL_STRERROR 1
#define HAVE_DECL_STRSTR 1
#define HAVE_DECL_GETOPT 1
#define HAVE_DECL_SNPRINTF 1
#define HAVE_DECL_VSNPRINTF 1
#define HAVE_LC_MESSAGES 1
#define HAVE_STRUCT_STAT_ST_BLOCKS 1
#define HAVE_STRUCT_STAT_ST_BLKSIZE 1
#define RETSIGTYPE void
#define HAVE_SOCKLEN_T 1
#define HAVE_ALLOCA_H 1
#define HAVE_ALLOCA 1
#define HAVE_STDLIB_H 1
#define HAVE_UNISTD_H 1
#define HAVE_GETPAGESIZE 1
#define HAVE_MMAP 1
#define HAVE_FORK 1
#define HAVE_VFORK 1
#define HAVE_WORKING_VFORK 1
#define HAVE_WORKING_FORK 1
#define HAVE_CANONICALIZE_FILE_NAME 1
#define HAVE_REALPATH 1
#define HAVE_GETRUSAGE 1
#define HAVE_GETUID 1
#define HAVE_GETGID 1
#define HAVE_PIPE 1
#define HAVE_POLL 1
#define HAVE_PREAD64 1
#define HAVE_SBRK 1
#define HAVE_SETPGID 1
#define HAVE_SETPGRP 1
#define HAVE_SETSID 1
#define HAVE_SIGACTION 1
#define HAVE_SIGPROCMASK 1
#define HAVE_SIGSETMASK 1
#define HAVE_SOCKETPAIR 1
#define HAVE_SYSCALL 1
#define HAVE_WBORDER 1
#define HAVE_SETLOCALE 1
#define HAVE_BTOWC 1
#define HAVE_SETRLIMIT 1
#define HAVE_GETRLIMIT 1
#define HAVE_POSIX_MADVISE 1
#define HAVE_LANGINFO_CODESET 1
#define HAVE_DECL_PTRACE 1
#define PTRACE_TYPE_RET long
#define PTRACE_TYPE_ARG3 long
#define SETPGRP_VOID 1
#define HAVE_SIGSETJMP 1
#define HAVE_PTRACE_GETREGS 1
#define HAVE_PTRACE_GETFPXREGS 1
#define HAVE_PRGREGSET_T 1
#define HAVE_PRFPREGSET_T 1
#define HAVE_LWPID_T 1
#define HAVE_PSADDR_T 1
#define CC_HAS_LONG_LONG 1
#define PRINTF_HAS_LONG_LONG 1
#define HAVE_LONG_DOUBLE 1
#define PRINTF_HAS_LONG_DOUBLE 1
#define SCANF_HAS_LONG_DOUBLE 1
#define THREAD_DB_HAS_TD_NOTALLOC 1
#define THREAD_DB_HAS_TD_VERSION 1
#define THREAD_DB_HAS_TD_NOTLS 1
#define HAVE_TKILL_SYSCALL 1
#define HAVE_DECL_ADDR_NO_RANDOMIZE 1
#define HAVE_PERSONALITY 1
#define SYSTEM_GDBINIT ""
#define SYSTEM_GDBINIT_RELOCATABLE 0
#define HAVE_ELF 1
#define WITH_SIM 1
#define GDB_HOST_FLOAT_FORMAT 0
#define GDB_HOST_DOUBLE_FORMAT 0
#define GDB_HOST_LONG_DOUBLE_FORMAT 0
#define GDB_DEFAULT_HOST_CHARSET "UTF-8"

configure: exit 0

## ---------------------- ##
## Running config.status. ##
## ---------------------- ##

This file was extended by config.status, which was
generated by GNU Autoconf 2.64.  Invocation command line was

  CONFIG_FILES    = 
  CONFIG_HEADERS  = config.h:config.in
  CONFIG_LINKS    = 
  CONFIG_COMMANDS = default depdir
  $ config.status 

on matt-laptop

config.status:1327: creating config.h
config.status:1497: config.h is unchanged
config.status:1576: executing default commands
config.status:1576: executing depdir commands
